#
# A fatal error has been detected by the Java Runtime Environment:
#
#  EXCEPTION_ACCESS_VIOLATION (0xc0000005) at pc=0x00007ff8062c1be9, pid=21888, tid=4676
#
# JRE version:  (17.0.10+7) (build )
# Java VM: OpenJDK 64-Bit Server VM (17.0.10+7-LTS, mixed mode, sharing, tiered, unknown gc, windows-amd64)
# Problematic frame:
# C  [jimage.dll+0x1be9]
#
# No core dump will be written. Minidumps are not enabled by default on client versions of Windows
#
#

---------------  S U M M A R Y ------------

Command Line: 

Host: 12th Gen Intel(R) Core(TM) i5-12450H, 12 cores, 7G,  Windows 11 , 64 bit Build 22621 (10.0.22621.3672)
Time: Tue Jun 25 12:38:05 2024 India Standard Time elapsed time: 0.029231 seconds (0d 0h 0m 0s)

---------------  T H R E A D  ---------------

Current thread is native thread

Stack: [0x000000c378700000,0x000000c378800000],  sp=0x000000c3787fd7d0,  free space=1013k
Native frames: (J=compiled Java code, j=interpreted, Vv=VM code, C=native code)
C  [jimage.dll+0x1be9]
C  [jimage.dll+0x1d77]
C  [jimage.dll+0x2655]
V  [jvm.dll+0x1f2ffa]
V  [jvm.dll+0xb0b9e]
V  [jvm.dll+0x7e730c]
V  [jvm.dll+0x3f245f]
V  [jvm.dll+0x3f4091]
C  [jli.dll+0x528f]
C  [ucrtbase.dll+0x29333]
C  [KERNEL32.DLL+0x1257d]
C  [ntdll.dll+0x5af28]


siginfo: EXCEPTION_ACCESS_VIOLATION (0xc0000005), reading address 0x0000000000003124


Registers:
RAX=0x0000000000000c42, RBX=0x000000c3787fd8c1, RCX=0x00007ff8062c6000, RDX=0x0000000000000c42
RSP=0x000000c3787fd7d0, RBP=0x000000c3787fd8c0, RSI=0x0000000000007336, RDI=0x000000c3787fd8c0
R8 =0x00007ff8062c4288, R9 =0x000000000000001c, R10=0x00007fffdf090000, R11=0x00007ff8062c6000
R12=0x0000000000000001, R13=0x0000021040453e00, R14=0x000000c3787fe930, R15=0x00007fff98ddaee8
RIP=0x00007ff8062c1be9, EFLAGS=0x0000000000010246


Top of Stack: (sp=0x000000c3787fd7d0)
0x000000c3787fd7d0:   0000021040440150 00000000c60002c4
0x000000c3787fd7e0:   0000021040380b94 0000021040440000
0x000000c3787fd7f0:   0000021040462700 00007ff8062c1d77
0x000000c3787fd800:   000000000000000b 0000021040462700
0x000000c3787fd810:   00000000000006f5 00000000000006f5
0x000000c3787fd820:   00000000000006f5 00007ff82a4d471a
0x000000c3787fd830:   0000021040445120 00000210c60002c4
0x000000c3787fd840:   0000021040440000 000000c3000003ff
0x000000c3787fd850:   00000000000006f5 00000210426f0080
0x000000c3787fd860:   000009511dca0c8a 0000021040440150
0x000000c3787fd870:   00007fff98db9830 0000000000000017
0x000000c3787fd880:   0000021040462700 000000c3787fe930
0x000000c3787fd890:   000000000000000b 00007ff8062c2655
0x000000c3787fd8a0:   0000021040440000 00007ff8000003ff
0x000000c3787fd8b0:   00000000000007b2 00000210427254b0
0x000000c3787fd8c0:   61622e6176616a2f 692f6b646a2f6573
0x000000c3787fd8d0:   2f6c616e7265746e 6f6974706f2f6d76
0x000000c3787fd8e0:   000002104000736e 0000021042726fc0
0x000000c3787fd8f0:   00000210000003ff 00000000000007b2
0x000000c3787fd900:   00000210426f0000 0000021005010004
0x000000c3787fd910:   00000000000005eb 0000000000005eb0
0x000000c3787fd920:   000002104044007c 0000021040440150
0x000000c3787fd930:   00000210427254a0 00007ff8c60002c4
0x000000c3787fd940:   0000021040440000 000000c302000002
0x000000c3787fd950:   0000000000000000 0000000000000000
0x000000c3787fd960:   0000021040440150 000002104272b350
0x000000c3787fd970:   0000000000000000 0000000000000000
0x000000c3787fd980:   00000000000001c7 00007ff82a4d471a
0x000000c3787fd990:   0000021040445120 000000c3787fdcc9
0x000000c3787fd9a0:   0000021040440000 00000000000001c7
0x000000c3787fd9b0:   000002104272b360 000002104272b350
0x000000c3787fd9c0:   00000210404402c0 00007ff82a4cf956 

Instructions: (pc=0x00007ff8062c1be9)
0x00007ff8062c1ae9:   48 85 c9 74 1d 80 3d 1b 45 00 00 00 74 06 48 8b
0x00007ff8062c1af9:   53 18 eb 04 48 8b 53 40 e8 ae 0e 00 00 48 83 63
0x00007ff8062c1b09:   48 00 8b 4b 0c 83 f9 ff 74 09 e8 e4 0c 00 00 83
0x00007ff8062c1b19:   4b 0c ff 48 8b 4b 70 48 85 c9 74 0f ba 10 00 00
0x00007ff8062c1b29:   00 e8 fd 0e 00 00 48 83 63 70 00 48 83 c4 20 5b
0x00007ff8062c1b39:   c3 cc cc 40 53 48 83 ec 20 48 8b d9 48 8d 0d d4
0x00007ff8062c1b49:   46 00 00 e8 b3 0c 00 00 83 6b 08 01 75 24 48 8b
0x00007ff8062c1b59:   d3 48 8d 0d b7 44 00 00 e8 22 08 00 00 48 8b cb
0x00007ff8062c1b69:   e8 de fe ff ff ba 78 00 00 00 48 8b cb e8 b1 0e
0x00007ff8062c1b79:   00 00 48 8d 0d 9e 46 00 00 48 83 c4 20 5b e9 80
0x00007ff8062c1b89:   0c 00 00 48 89 5c 24 08 48 89 74 24 10 57 48 83
0x00007ff8062c1b99:   ec 20 41 8b f1 4d 8b c8 48 8b fa 4c 8b d9 4d 85
0x00007ff8062c1ba9:   c0 74 78 85 f6 74 74 44 8a 12 48 8d 5a 01 48 8b
0x00007ff8062c1bb9:   d3 b8 93 01 00 01 eb 12 69 c0 93 01 00 01 41 0f
0x00007ff8062c1bc9:   b6 ca 44 8a 12 33 c1 48 ff c2 45 84 d2 75 e9 4d
0x00007ff8062c1bd9:   8b 03 0f ba f0 1f 33 d2 49 8b cb f7 f6 48 63 c2
0x00007ff8062c1be9:   41 8b 14 81 41 ff 50 08 85 c0 7e 24 8a 0f eb 10
0x00007ff8062c1bf9:   69 c0 93 01 00 01 0f b6 c9 33 c1 8a 0b 48 ff c3
0x00007ff8062c1c09:   84 c9 75 ec 0f ba f0 1f 33 d2 f7 f6 8b c2 eb 0e
0x00007ff8062c1c19:   79 09 83 c9 ff 2b c8 8b c1 eb 03 83 c8 ff 48 8b
0x00007ff8062c1c29:   5c 24 30 48 8b 74 24 38 48 83 c4 20 5f c3 cc 48
0x00007ff8062c1c39:   89 5c 24 08 48 89 74 24 10 57 48 83 ec 20 48 8b
0x00007ff8062c1c49:   f1 48 8d 0d cf 45 00 00 e8 ae 0b 00 00 33 ff 39
0x00007ff8062c1c59:   3d ba 43 00 00 76 24 48 8b 05 b9 43 00 00 48 8b
0x00007ff8062c1c69:   d6 48 8b 1c f8 48 8b 0b e8 64 1e 00 00 85 c0 74
0x00007ff8062c1c79:   2b ff c7 3b 3d 96 43 00 00 72 dc 33 db 48 8d 0d
0x00007ff8062c1c89:   93 45 00 00 e8 7a 0b 00 00 48 8b 74 24 38 48 8b
0x00007ff8062c1c99:   c3 48 8b 5c 24 30 48 83 c4 20 5f c3 ff 43 08 eb
0x00007ff8062c1ca9:   dc cc cc 48 89 5c 24 08 48 89 74 24 10 57 48 83
0x00007ff8062c1cb9:   ec 20 48 8b d9 48 8b f2 48 8b 49 10 49 8b f8 8b
0x00007ff8062c1cc9:   53 30 48 8b 01 ff 50 20 4c 8b 43 50 48 8b d6 48
0x00007ff8062c1cd9:   8b 4b 10 44 8b c8 e8 a8 fe ff ff 83 f8 ff 74 38 



---------------  P R O C E S S  ---------------

VM state: not at safepoint (not fully initialized)

VM Mutex/Monitor currently owned by a thread: None

GC Precious Log:
<Not initialized>


Dynamic libraries:
0x00007ff753e80000 - 0x00007ff753e8e000 	C:\Program Files\Microsoft\jdk-17.0.10.7-hotspot\bin\java.exe
0x00007ff82a490000 - 0x00007ff82a6a7000 	C:\windows\SYSTEM32\ntdll.dll
0x00007ff828ff0000 - 0x00007ff8290b4000 	C:\windows\System32\KERNEL32.DLL
0x00007ff827960000 - 0x00007ff827d0c000 	C:\windows\System32\KERNELBASE.dll
0x00007ff827e20000 - 0x00007ff827f31000 	C:\windows\System32\ucrtbase.dll
0x00007fffdfea0000 - 0x00007fffdfeb7000 	C:\Program Files\Microsoft\jdk-17.0.10.7-hotspot\bin\jli.dll
0x00007ff829870000 - 0x00007ff829a1e000 	C:\windows\System32\USER32.dll
0x00007ff828030000 - 0x00007ff828056000 	C:\windows\System32\win32u.dll
0x00007ff82a420000 - 0x00007ff82a449000 	C:\windows\System32\GDI32.dll
0x00007ff8277c0000 - 0x00007ff8278d9000 	C:\windows\System32\gdi32full.dll
0x00007ff827d10000 - 0x00007ff827daa000 	C:\windows\System32\msvcp_win.dll
0x00007fffdf090000 - 0x00007fffdf0ab000 	C:\Program Files\Microsoft\jdk-17.0.10.7-hotspot\bin\VCRUNTIME140.dll
0x00007ff807ba0000 - 0x00007ff807e33000 	C:\windows\WinSxS\amd64_microsoft.windows.common-controls_6595b64144ccf1df_6.0.22621.3672_none_2713b9d173822955\COMCTL32.dll
0x00007ff829a20000 - 0x00007ff829ac7000 	C:\windows\System32\msvcrt.dll
0x00007ff8284a0000 - 0x00007ff8284d1000 	C:\windows\System32\IMM32.DLL
0x00007ff806ba0000 - 0x00007ff806bac000 	C:\Program Files\Microsoft\jdk-17.0.10.7-hotspot\bin\vcruntime140_1.dll
0x00007fffc9970000 - 0x00007fffc99fd000 	C:\Program Files\Microsoft\jdk-17.0.10.7-hotspot\bin\msvcp140.dll
0x00007fff984a0000 - 0x00007fff99105000 	C:\Program Files\Microsoft\jdk-17.0.10.7-hotspot\bin\server\jvm.dll
0x00007ff8292d0000 - 0x00007ff829382000 	C:\windows\System32\ADVAPI32.dll
0x00007ff828c70000 - 0x00007ff828d1a000 	C:\windows\System32\sechost.dll
0x00007ff828000000 - 0x00007ff828028000 	C:\windows\System32\bcrypt.dll
0x00007ff828ed0000 - 0x00007ff828fe5000 	C:\windows\System32\RPCRT4.dll
0x00007ff826630000 - 0x00007ff82667d000 	C:\windows\SYSTEM32\POWRPROF.dll
0x00007ffff33a0000 - 0x00007ffff33a9000 	C:\windows\SYSTEM32\WSOCK32.dll
0x00007ff82a3a0000 - 0x00007ff82a411000 	C:\windows\System32\WS2_32.dll
0x00007ff821330000 - 0x00007ff821364000 	C:\windows\SYSTEM32\WINMM.dll
0x00007ff81e3d0000 - 0x00007ff81e3da000 	C:\windows\SYSTEM32\VERSION.dll
0x00007ff826610000 - 0x00007ff826623000 	C:\windows\SYSTEM32\UMPDC.dll
0x00007ff8268e0000 - 0x00007ff8268f8000 	C:\windows\SYSTEM32\kernel.appcore.dll
0x00007ff8062c0000 - 0x00007ff8062ca000 	C:\Program Files\Microsoft\jdk-17.0.10.7-hotspot\bin\jimage.dll
0x00007ff824fb0000 - 0x00007ff8251e2000 	C:\windows\SYSTEM32\DBGHELP.DLL
0x00007ff828780000 - 0x00007ff828b08000 	C:\windows\System32\combase.dll
0x00007ff8286a0000 - 0x00007ff828777000 	C:\windows\System32\OLEAUT32.dll
0x00007ff8131c0000 - 0x00007ff8131f2000 	C:\windows\SYSTEM32\dbgcore.DLL
0x00007ff8278e0000 - 0x00007ff82795b000 	C:\windows\System32\bcryptPrimitives.dll

dbghelp: loaded successfully - version: 4.0.5 - missing functions: none
symbol engine: initialized successfully - sym options: 0x614 - pdb path: .;C:\Program Files\Microsoft\jdk-17.0.10.7-hotspot\bin;C:\windows\SYSTEM32;C:\windows\WinSxS\amd64_microsoft.windows.common-controls_6595b64144ccf1df_6.0.22621.3672_none_2713b9d173822955;C:\Program Files\Microsoft\jdk-17.0.10.7-hotspot\bin\server

VM Arguments:
java_command: <unknown>
java_class_path (initial): <not set>
Launcher Type: SUN_STANDARD

[Global flags]
     bool UseLargePagesIndividualAllocation        = false                                  {pd product} {ergonomic}

Logging:
Log output configuration:
 #0: stdout all=warning uptime,level,tags
 #1: stderr all=off uptime,level,tags

Environment Variables:
JAVA_HOME=C:\Program Files\Microsoft\jdk-17.0.10.7-hotspot\
CLASSPATH=D:\LOS APPLICATION\los\LOS_App\android\\gradle\wrapper\gradle-wrapper.jar
PATH=D:\LOS APPLICATION\los\LOS_App\node_modules\.bin;D:\LOS APPLICATION\los\LOS_App\node_modules\.bin;D:\LOS APPLICATION\los\node_modules\.bin;D:\LOS APPLICATION\node_modules\.bin;D:\node_modules\.bin;C:\Program Files\nodejs\node_modules\npm\node_modules\@npmcli\run-script\lib\node-gyp-bin;D:\LOS APPLICATION\los\LOS_App\node_modules\.bin;D:\LOS APPLICATION\los\node_modules\.bin;D:\LOS APPLICATION\node_modules\.bin;D:\node_modules\.bin;C:\Program Files\nodejs\node_modules\npm\node_modules\@npmcli\run-script\lib\node-gyp-bin;C:\Program Files\Microsoft\jdk-17.0.10.7-hotspot\bin;C:\Oracle\product\21c\dbhomeXE\bin;C:\Program Files\Common Files\Oracle\Java\javapath;C:\Python311\Scripts\;C:\Python311\;C:\windows\system32;C:\windows;C:\windows\System32\Wbem;C:\windows\System32\WindowsPowerShell\v1.0\;C:\windows\System32\OpenSSH\;C:\Program Files (x86)\NVIDIA Corporation\PhysX\Common;C:\Program Files\NVIDIA Corporation\NVIDIA NvDLISR;C:\ProgramData\chocolatey\bin;C:\mongosh-1.10.6-win32-x64\bin;C:\Program Files\Git\cmd;C:\apache-maven-3.9.6\bin;C:\Program Files\HP\HP One Agent;C:\Program Files\nodejs\;C:\Users\Prem Chakankar\AppData\Local\Android\Sdk\platform-tools;C:\Users\Prem Chakankar\AppData\Local\Android\Sdk\tools;C:\Users\Prem Chakankar\AppData\Local\Microsoft\WindowsApps;C:\Users\Prem Chakankar\AppData\Local\Programs\Microsoft VS Code\bin;C:\mongosh-1.10.6-win32-x64\bin;C:\Users\Prem Chakankar\AppData\Roaming\npm;C:\Users\Prem Chakankar\AppData\Local\Android\Sdk;
USERNAME=Prem Chakankar
LANG=en_US.UTF-8
OS=Windows_NT
PROCESSOR_IDENTIFIER=Intel64 Family 6 Model 154 Stepping 3, GenuineIntel
TMP=C:\Users\PREMCH~1\AppData\Local\Temp
TEMP=C:\Users\PREMCH~1\AppData\Local\Temp



Periodic native trim disabled


---------------  S Y S T E M  ---------------

OS:
 Windows 11 , 64 bit Build 22621 (10.0.22621.3672)
OS uptime: 0 days 1:38 hours

CPU: total 12 (initial active 0) 
Processor Information for processor 0
  Max Mhz: 2000, Current Mhz: 2000, Mhz Limit: 2000
Processor Information for processor 1
  Max Mhz: 2000, Current Mhz: 2000, Mhz Limit: 2000
Processor Information for processor 2
  Max Mhz: 2000, Current Mhz: 2000, Mhz Limit: 2000
Processor Information for processor 3
  Max Mhz: 2000, Current Mhz: 2000, Mhz Limit: 2000
Processor Information for processor 4
  Max Mhz: 2000, Current Mhz: 2000, Mhz Limit: 2000
Processor Information for processor 5
  Max Mhz: 2000, Current Mhz: 2000, Mhz Limit: 2000
Processor Information for processor 6
  Max Mhz: 2000, Current Mhz: 2000, Mhz Limit: 2000
Processor Information for processor 7
  Max Mhz: 2000, Current Mhz: 2000, Mhz Limit: 2000
Processor Information for processor 8
  Max Mhz: 2000, Current Mhz: 1500, Mhz Limit: 1500
Processor Information for processor 9
  Max Mhz: 2000, Current Mhz: 1500, Mhz Limit: 1500
Processor Information for processor 10
  Max Mhz: 2000, Current Mhz: 1500, Mhz Limit: 1500
Processor Information for processor 11
  Max Mhz: 2000, Current Mhz: 1500, Mhz Limit: 1500

Memory: 4k page, system-wide physical 7860M (107M free)
TotalPageFile size 25360M (AvailPageFile size 1M)
current process WorkingSet (physical memory assigned to process): 8M, peak: 8M
current process commit charge ("private bytes"): 3M, peak: 3M

vm_info: OpenJDK 64-Bit Server VM (17.0.10+7-LTS) for windows-amd64 JRE (17.0.10+7-LTS), built on Jan 10 2024 19:47:12 by "MicrosoftCorporation" with MS VC++ 16.10 / 16.11 (VS2019)

END.
