#
# There is insufficient memory for the Java Runtime Environment to continue.
# Native memory allocation (malloc) failed to allocate 32744 bytes for ChunkPool::allocate
# Possible reasons:
#   The system is out of physical RAM or swap space
#   The process is running with CompressedOops enabled, and the Java Heap may be blocking the growth of the native heap
# Possible solutions:
#   Reduce memory load on the system
#   Increase physical memory or swap space
#   Check if swap backing store is full
#   Decrease Java heap size (-Xmx/-Xms)
#   Decrease number of Java threads
#   Decrease Java thread stack sizes (-Xss)
#   Set larger code cache with -XX:ReservedCodeCacheSize=
#   JVM is running with Unscaled Compressed Oops mode in which the Java heap is
#     placed in the first 4GB address space. The Java Heap base address is the
#     maximum limit for the native heap growth. Please use -XX:HeapBaseMinAddress
#     to set the Java Heap base and to place the Java Heap above 4GB virtual address.
# This output file may be truncated or incomplete.
#
#  Out of Memory Error (arena.cpp:79), pid=5620, tid=12276
#
# JRE version: OpenJDK Runtime Environment Microsoft-8902769 (17.0.10+7) (build 17.0.10+7-LTS)
# Java VM: OpenJDK 64-Bit Server VM Microsoft-8902769 (17.0.10+7-LTS, mixed mode, sharing, tiered, compressed oops, compressed class ptrs, g1 gc, windows-amd64)
# No core dump will be written. Minidumps are not enabled by default on client versions of Windows
#

---------------  S U M M A R Y ------------

Command Line: -XX:MaxMetaspaceSize=512m --add-opens=java.base/java.util=ALL-UNNAMED --add-opens=java.base/java.lang=ALL-UNNAMED --add-opens=java.base/java.lang.invoke=ALL-UNNAMED --add-opens=java.prefs/java.util.prefs=ALL-UNNAMED --add-opens=java.base/java.nio.charset=ALL-UNNAMED --add-opens=java.base/java.net=ALL-UNNAMED --add-opens=java.base/java.util.concurrent.atomic=ALL-UNNAMED -Xmx2048m -Dfile.encoding=windows-1252 -Duser.country=IN -Duser.language=en -Duser.variant org.gradle.launcher.daemon.bootstrap.GradleDaemon 8.0.1

Host: 12th Gen Intel(R) Core(TM) i5-12450H, 12 cores, 7G,  Windows 11 , 64 bit Build 22621 (10.0.22621.3672)
Time: Tue Jun 25 12:39:06 2024 India Standard Time elapsed time: 52.915049 seconds (0d 0h 0m 52s)

---------------  T H R E A D  ---------------

Current thread (0x0000022644f8f800):  JavaThread "C2 CompilerThread0" daemon [_thread_in_native, id=12276, stack(0x000000ebe8a00000,0x000000ebe8b00000)]


Current CompileTask:
C2:  52915 6756       4       sun.reflect.generics.parser.SignatureParser::parsePackageNameAndSimpleClassTypeSignature (119 bytes)

Stack: [0x000000ebe8a00000,0x000000ebe8b00000]
Native frames: (J=compiled Java code, j=interpreted, Vv=VM code, C=native code)
V  [jvm.dll+0x67f829]
V  [jvm.dll+0x83750a]
V  [jvm.dll+0x838fce]
V  [jvm.dll+0x839633]
V  [jvm.dll+0x247cbf]
V  [jvm.dll+0xac721]
V  [jvm.dll+0xacb6c]
V  [jvm.dll+0x36e8f0]
V  [jvm.dll+0x36de41]
V  [jvm.dll+0x36de84]
V  [jvm.dll+0x5686c1]
V  [jvm.dll+0x5691a3]
V  [jvm.dll+0x333149]
V  [jvm.dll+0x3325ba]
V  [jvm.dll+0x21a401]
V  [jvm.dll+0x219821]
V  [jvm.dll+0x1a5176]
V  [jvm.dll+0x22957e]
V  [jvm.dll+0x22774c]
V  [jvm.dll+0x7ec5d7]
V  [jvm.dll+0x7e69da]
V  [jvm.dll+0x67e715]
C  [ucrtbase.dll+0x29333]
C  [KERNEL32.DLL+0x1257d]
C  [ntdll.dll+0x5af28]


---------------  P R O C E S S  ---------------

Threads class SMR info:
_java_thread_list=0x0000022666c72bd0, length=77, elements={
0x00000226266c4a20, 0x0000022644f6dc10, 0x0000022644f6e9a0, 0x0000022644f87fb0,
0x0000022644f89890, 0x0000022644f8c270, 0x0000022644f8eb50, 0x0000022644f8f800,
0x0000022644f901c0, 0x0000022664130020, 0x00000226641f20f0, 0x00000226641fa810,
0x00000226648efb60, 0x000002266580e9b0, 0x0000022665489260, 0x0000022665994b60,
0x0000022665995040, 0x0000022665bc8090, 0x0000022665a6b090, 0x00000226657f1c60,
0x00000226657f35b0, 0x00000226657f2b90, 0x00000226657f30a0, 0x00000226660de460,
0x00000226660dda40, 0x00000226660e02c0, 0x00000226660db1c0, 0x00000226660dbbe0,
0x00000226660db6d0, 0x00000226660dd530, 0x00000226660dc0f0, 0x00000226660e2120,
0x00000226660dc600, 0x00000226660e07d0, 0x00000226660e2b40, 0x00000226660dfdb0,
0x00000226660df390, 0x00000226660e1c10, 0x00000226660dd020, 0x00000226660de970,
0x00000226651b34a0, 0x00000226651b3ec0, 0x00000226651b5300, 0x00000226651b5810,
0x00000226651b39b0, 0x00000226651b5d20, 0x00000226651b43d0, 0x00000226651b6230,
0x00000226651b4df0, 0x00000226651b6740, 0x00000226651b6c50, 0x00000226651b7b80,
0x00000226651b2f90, 0x00000226651b48e0, 0x00000226651b8090, 0x00000226651b7160,
0x00000226651b7670, 0x00000226651b94d0, 0x00000226651b85a0, 0x00000226651b2570,
0x00000226651b8fc0, 0x00000226651b2060, 0x00000226651b99e0, 0x00000226651b2a80,
0x00000226675dc7c0, 0x00000226675dfa60, 0x00000226675deb30, 0x00000226675dccd0,
0x00000226675dbda0, 0x00000226675da960, 0x00000226675dd6f0, 0x00000226675dd1e0,
0x00000226675ddc00, 0x00000226675df550, 0x00000226675df040, 0x00000226675de110,
0x00000226675d8b00
}

Java Threads: ( => current thread )
  0x00000226266c4a20 JavaThread "main" [_thread_blocked, id=9824, stack(0x000000ebe7d00000,0x000000ebe7e00000)]
  0x0000022644f6dc10 JavaThread "Reference Handler" daemon [_thread_blocked, id=20904, stack(0x000000ebe8400000,0x000000ebe8500000)]
  0x0000022644f6e9a0 JavaThread "Finalizer" daemon [_thread_blocked, id=20636, stack(0x000000ebe8500000,0x000000ebe8600000)]
  0x0000022644f87fb0 JavaThread "Signal Dispatcher" daemon [_thread_blocked, id=5692, stack(0x000000ebe8600000,0x000000ebe8700000)]
  0x0000022644f89890 JavaThread "Attach Listener" daemon [_thread_blocked, id=14652, stack(0x000000ebe8700000,0x000000ebe8800000)]
  0x0000022644f8c270 JavaThread "Service Thread" daemon [_thread_blocked, id=19600, stack(0x000000ebe8800000,0x000000ebe8900000)]
  0x0000022644f8eb50 JavaThread "Monitor Deflation Thread" daemon [_thread_blocked, id=20380, stack(0x000000ebe8900000,0x000000ebe8a00000)]
=>0x0000022644f8f800 JavaThread "C2 CompilerThread0" daemon [_thread_in_native, id=12276, stack(0x000000ebe8a00000,0x000000ebe8b00000)]
  0x0000022644f901c0 JavaThread "C1 CompilerThread0" daemon [_thread_blocked, id=18528, stack(0x000000ebe8b00000,0x000000ebe8c00000)]
  0x0000022664130020 JavaThread "Sweeper thread" daemon [_thread_blocked, id=12808, stack(0x000000ebe8c00000,0x000000ebe8d00000)]
  0x00000226641f20f0 JavaThread "Common-Cleaner" daemon [_thread_blocked, id=20816, stack(0x000000ebe8d00000,0x000000ebe8e00000)]
  0x00000226641fa810 JavaThread "Notification Thread" daemon [_thread_blocked, id=22372, stack(0x000000ebe8e00000,0x000000ebe8f00000)]
  0x00000226648efb60 JavaThread "Daemon health stats" [_thread_blocked, id=17888, stack(0x000000ebe9400000,0x000000ebe9500000)]
  0x000002266580e9b0 JavaThread "Incoming local TCP Connector on port 52064" [_thread_in_native, id=21116, stack(0x000000ebe9500000,0x000000ebe9600000)]
  0x0000022665489260 JavaThread "Daemon periodic checks" [_thread_blocked, id=20612, stack(0x000000ebe9600000,0x000000ebe9700000)]
  0x0000022665994b60 JavaThread "Daemon" [_thread_blocked, id=22160, stack(0x000000ebe9700000,0x000000ebe9800000)]
  0x0000022665995040 JavaThread "Handler for socket connection from /127.0.0.1:52064 to /127.0.0.1:52065" [_thread_in_native, id=21852, stack(0x000000ebe9800000,0x000000ebe9900000)]
  0x0000022665bc8090 JavaThread "Cancel handler" [_thread_blocked, id=25436, stack(0x000000ebe9900000,0x000000ebe9a00000)]
  0x0000022665a6b090 JavaThread "Daemon worker" [_thread_in_vm, id=20204, stack(0x000000ebe9a00000,0x000000ebe9b00000)]
  0x00000226657f1c60 JavaThread "Asynchronous log dispatcher for DefaultDaemonConnection: socket connection from /127.0.0.1:52064 to /127.0.0.1:52065" [_thread_blocked, id=25580, stack(0x000000ebe9b00000,0x000000ebe9c00000)]
  0x00000226657f35b0 JavaThread "Stdin handler" [_thread_blocked, id=22992, stack(0x000000ebe9c00000,0x000000ebe9d00000)]
  0x00000226657f2b90 JavaThread "Daemon client event forwarder" [_thread_blocked, id=18184, stack(0x000000ebe9d00000,0x000000ebe9e00000)]
  0x00000226657f30a0 JavaThread "Cache worker for journal cache (C:\Users\Prem Chakankar\.gradle\caches\journal-1)" [_thread_blocked, id=18916, stack(0x000000ebe9e00000,0x000000ebe9f00000)]
  0x00000226660de460 JavaThread "File lock request listener" [_thread_in_native, id=22120, stack(0x000000ebe9f00000,0x000000ebea000000)]
  0x00000226660dda40 JavaThread "File lock release action executor" [_thread_blocked, id=25312, stack(0x000000ebea000000,0x000000ebea100000)]
  0x00000226660e02c0 JavaThread "Cache worker for file hash cache (C:\Users\Prem Chakankar\.gradle\caches\8.0.1\fileHashes)" [_thread_blocked, id=4332, stack(0x000000ebea100000,0x000000ebea200000)]
  0x00000226660db1c0 JavaThread "File watcher server" daemon [_thread_in_native, id=10516, stack(0x000000ebea700000,0x000000ebea800000)]
  0x00000226660dbbe0 JavaThread "File watcher consumer" daemon [_thread_blocked, id=18644, stack(0x000000ebea800000,0x000000ebea900000)]
  0x00000226660db6d0 JavaThread "Cache worker for checksums cache (D:\LOS APPLICATION\los\LOS_App\android\.gradle\8.0.1\checksums)" [_thread_blocked, id=19940, stack(0x000000ebea900000,0x000000ebeaa00000)]
  0x00000226660dd530 JavaThread "Cache worker for cache directory md-rule (C:\Users\Prem Chakankar\.gradle\caches\8.0.1\md-rule)" [_thread_blocked, id=23084, stack(0x000000ebeaa00000,0x000000ebeab00000)]
  0x00000226660dc0f0 JavaThread "Cache worker for file content cache (C:\Users\Prem Chakankar\.gradle\caches\8.0.1\fileContent)" [_thread_blocked, id=22548, stack(0x000000ebeab00000,0x000000ebeac00000)]
  0x00000226660e2120 JavaThread "Cache worker for file hash cache (D:\LOS APPLICATION\los\LOS_App\android\.gradle\8.0.1\fileHashes)" [_thread_blocked, id=22232, stack(0x000000ebeac00000,0x000000ebead00000)]
  0x00000226660dc600 JavaThread "Cache worker for cache directory md-supplier (C:\Users\Prem Chakankar\.gradle\caches\8.0.1\md-supplier)" [_thread_blocked, id=23880, stack(0x000000ebeaf00000,0x000000ebeb000000)]
  0x00000226660e07d0 JavaThread "Cache worker for execution history cache (C:\Users\Prem Chakankar\.gradle\caches\8.0.1\executionHistory)" [_thread_blocked, id=24968, stack(0x000000ebeb000000,0x000000ebeb100000)]
  0x00000226660e2b40 JavaThread "jar transforms" [_thread_blocked, id=19724, stack(0x000000ebeb100000,0x000000ebeb200000)]
  0x00000226660dfdb0 JavaThread "jar transforms Thread 2" [_thread_blocked, id=25888, stack(0x000000ebeb200000,0x000000ebeb300000)]
  0x00000226660df390 JavaThread "jar transforms Thread 3" [_thread_blocked, id=20920, stack(0x000000ebeb300000,0x000000ebeb400000)]
  0x00000226660e1c10 JavaThread "jar transforms Thread 4" [_thread_blocked, id=24400, stack(0x000000ebeb400000,0x000000ebeb500000)]
  0x00000226660dd020 JavaThread "Cache worker for kotlin-dsl (C:\Users\Prem Chakankar\.gradle\caches\8.0.1\kotlin-dsl)" [_thread_blocked, id=18980, stack(0x000000ebeb500000,0x000000ebeb600000)]
  0x00000226660de970 JavaThread "jar transforms Thread 5" [_thread_blocked, id=7732, stack(0x000000ebeb600000,0x000000ebeb700000)]
  0x00000226651b34a0 JavaThread "jar transforms Thread 6" [_thread_blocked, id=22536, stack(0x000000ebeb800000,0x000000ebeb900000)]
  0x00000226651b3ec0 JavaThread "Cache worker for dependencies-accessors (D:\LOS APPLICATION\los\LOS_App\android\.gradle\8.0.1\dependencies-accessors)" [_thread_blocked, id=20968, stack(0x000000ebeb900000,0x000000ebeba00000)]
  0x00000226651b5300 JavaThread "Cache worker for Build Output Cleanup Cache (D:\LOS APPLICATION\los\LOS_App\node_modules\@react-native\gradle-plugin\.gradle\buildOutputCleanup)" [_thread_blocked, id=20988, stack(0x000000ebeba00000,0x000000ebebb00000)]
  0x00000226651b5810 JavaThread "jar transforms Thread 7" [_thread_blocked, id=21376, stack(0x000000ebebb00000,0x000000ebebc00000)]
  0x00000226651b39b0 JavaThread "Unconstrained build operations" [_thread_blocked, id=25924, stack(0x000000ebebc00000,0x000000ebebd00000)]
  0x00000226651b5d20 JavaThread "Unconstrained build operations Thread 2" [_thread_blocked, id=24144, stack(0x000000ebebd00000,0x000000ebebe00000)]
  0x00000226651b43d0 JavaThread "Unconstrained build operations Thread 3" [_thread_blocked, id=21412, stack(0x000000ebebe00000,0x000000ebebf00000)]
  0x00000226651b6230 JavaThread "Unconstrained build operations Thread 4" [_thread_blocked, id=24404, stack(0x000000ebebf00000,0x000000ebec000000)]
  0x00000226651b4df0 JavaThread "Unconstrained build operations Thread 5" [_thread_blocked, id=26556, stack(0x000000ebec000000,0x000000ebec100000)]
  0x00000226651b6740 JavaThread "Unconstrained build operations Thread 6" [_thread_blocked, id=21260, stack(0x000000ebec100000,0x000000ebec200000)]
  0x00000226651b6c50 JavaThread "Unconstrained build operations Thread 7" [_thread_blocked, id=22576, stack(0x000000ebec200000,0x000000ebec300000)]
  0x00000226651b7b80 JavaThread "Unconstrained build operations Thread 8" [_thread_blocked, id=4000, stack(0x000000ebec300000,0x000000ebec400000)]
  0x00000226651b2f90 JavaThread "Unconstrained build operations Thread 9" [_thread_blocked, id=26080, stack(0x000000ebec400000,0x000000ebec500000)]
  0x00000226651b48e0 JavaThread "Unconstrained build operations Thread 10" [_thread_blocked, id=4040, stack(0x000000ebec500000,0x000000ebec600000)]
  0x00000226651b8090 JavaThread "Unconstrained build operations Thread 11" [_thread_blocked, id=21656, stack(0x000000ebec600000,0x000000ebec700000)]
  0x00000226651b7160 JavaThread "Unconstrained build operations Thread 12" [_thread_blocked, id=25096, stack(0x000000ebec700000,0x000000ebec800000)]
  0x00000226651b7670 JavaThread "Unconstrained build operations Thread 13" [_thread_blocked, id=24996, stack(0x000000ebec800000,0x000000ebec900000)]
  0x00000226651b94d0 JavaThread "Unconstrained build operations Thread 14" [_thread_blocked, id=22544, stack(0x000000ebec900000,0x000000ebeca00000)]
  0x00000226651b85a0 JavaThread "Unconstrained build operations Thread 15" [_thread_blocked, id=23708, stack(0x000000ebeca00000,0x000000ebecb00000)]
  0x00000226651b2570 JavaThread "Unconstrained build operations Thread 16" [_thread_blocked, id=25000, stack(0x000000ebecb00000,0x000000ebecc00000)]
  0x00000226651b8fc0 JavaThread "Unconstrained build operations Thread 17" [_thread_blocked, id=25276, stack(0x000000ebecc00000,0x000000ebecd00000)]
  0x00000226651b2060 JavaThread "Unconstrained build operations Thread 18" [_thread_blocked, id=19840, stack(0x000000ebecd00000,0x000000ebece00000)]
  0x00000226651b99e0 JavaThread "Unconstrained build operations Thread 19" [_thread_blocked, id=9448, stack(0x000000ebece00000,0x000000ebecf00000)]
  0x00000226651b2a80 JavaThread "Unconstrained build operations Thread 20" [_thread_blocked, id=23768, stack(0x000000ebecf00000,0x000000ebed000000)]
  0x00000226675dc7c0 JavaThread "Unconstrained build operations Thread 21" [_thread_blocked, id=20528, stack(0x000000ebed000000,0x000000ebed100000)]
  0x00000226675dfa60 JavaThread "Unconstrained build operations Thread 22" [_thread_blocked, id=22664, stack(0x000000ebed100000,0x000000ebed200000)]
  0x00000226675deb30 JavaThread "Unconstrained build operations Thread 23" [_thread_blocked, id=25024, stack(0x000000ebed200000,0x000000ebed300000)]
  0x00000226675dccd0 JavaThread "Unconstrained build operations Thread 24" [_thread_blocked, id=24540, stack(0x000000ebed300000,0x000000ebed400000)]
  0x00000226675dbda0 JavaThread "Unconstrained build operations Thread 25" [_thread_blocked, id=12728, stack(0x000000ebed400000,0x000000ebed500000)]
  0x00000226675da960 JavaThread "Unconstrained build operations Thread 26" [_thread_blocked, id=21612, stack(0x000000ebed500000,0x000000ebed600000)]
  0x00000226675dd6f0 JavaThread "jar transforms Thread 8" [_thread_blocked, id=20656, stack(0x000000ebed600000,0x000000ebed700000)]
  0x00000226675dd1e0 JavaThread "jar transforms Thread 9" [_thread_blocked, id=21256, stack(0x000000ebed700000,0x000000ebed800000)]
  0x00000226675ddc00 JavaThread "jar transforms Thread 10" [_thread_blocked, id=21540, stack(0x000000ebed800000,0x000000ebed900000)]
  0x00000226675df550 JavaThread "jar transforms Thread 11" [_thread_blocked, id=23420, stack(0x000000ebed900000,0x000000ebeda00000)]
  0x00000226675df040 JavaThread "jar transforms Thread 12" [_thread_blocked, id=22736, stack(0x000000ebeda00000,0x000000ebedb00000)]
  0x00000226675de110 JavaThread "Memory manager" [_thread_blocked, id=11836, stack(0x000000ebedb00000,0x000000ebedc00000)]
  0x00000226675d8b00 JavaThread "Cache worker for Build Output Cleanup Cache (D:\LOS APPLICATION\los\LOS_App\android\.gradle\buildOutputCleanup)" [_thread_blocked, id=25856, stack(0x000000ebedc00000,0x000000ebedd00000)]

Other Threads:
  0x0000022644f67970 VMThread "VM Thread" [stack: 0x000000ebe8300000,0x000000ebe8400000] [id=20944]
  0x00000226641fed10 WatcherThread [stack: 0x000000ebe8f00000,0x000000ebe9000000] [id=22396]
  0x000002262671ee00 GCTaskThread "GC Thread#0" [stack: 0x000000ebe7e00000,0x000000ebe7f00000] [id=11792]
  0x0000022665198b50 GCTaskThread "GC Thread#1" [stack: 0x000000ebe9000000,0x000000ebe9100000] [id=24216]
  0x0000022665198310 GCTaskThread "GC Thread#2" [stack: 0x000000ebe9100000,0x000000ebe9200000] [id=9796]
  0x0000022665199bd0 GCTaskThread "GC Thread#3" [stack: 0x000000ebe9200000,0x000000ebe9300000] [id=15760]
  0x00000226651990d0 GCTaskThread "GC Thread#4" [stack: 0x000000ebe9300000,0x000000ebe9400000] [id=22228]
  0x0000022665198890 GCTaskThread "GC Thread#5" [stack: 0x000000ebea200000,0x000000ebea300000] [id=25796]
  0x0000022665198e10 GCTaskThread "GC Thread#6" [stack: 0x000000ebea300000,0x000000ebea400000] [id=20628]
  0x00000226660ad4a0 GCTaskThread "GC Thread#7" [stack: 0x000000ebea400000,0x000000ebea500000] [id=26428]
  0x00000226660af5a0 GCTaskThread "GC Thread#8" [stack: 0x000000ebea500000,0x000000ebea600000] [id=21548]
  0x00000226660ad760 GCTaskThread "GC Thread#9" [stack: 0x000000ebea600000,0x000000ebea700000] [id=22336]
  0x000002262672fc60 ConcurrentGCThread "G1 Main Marker" [stack: 0x000000ebe7f00000,0x000000ebe8000000] [id=20008]
  0x0000022626730590 ConcurrentGCThread "G1 Conc#0" [stack: 0x000000ebe8000000,0x000000ebe8100000] [id=21468]
  0x00000226660afb20 ConcurrentGCThread "G1 Conc#1" [stack: 0x000000ebead00000,0x000000ebeae00000] [id=23404]
  0x00000226660ada20 ConcurrentGCThread "G1 Conc#2" [stack: 0x000000ebeae00000,0x000000ebeaf00000] [id=5272]
  0x000002262676d8d0 ConcurrentGCThread "G1 Refine#0" [stack: 0x000000ebe8100000,0x000000ebe8200000] [id=17744]
  0x000002262676e210 ConcurrentGCThread "G1 Service" [stack: 0x000000ebe8200000,0x000000ebe8300000] [id=20948]

Threads with active compile tasks:
C2 CompilerThread0    53048 6756       4       sun.reflect.generics.parser.SignatureParser::parsePackageNameAndSimpleClassTypeSignature (119 bytes)

VM state: not at safepoint (normal execution)

VM Mutex/Monitor currently owned by a thread:  ([mutex/lock_event])
[0x00000226266c3900] SystemDictionary_lock - owner thread: 0x0000022665a6b090

Heap address: 0x0000000080000000, size: 2048 MB, Compressed Oops mode: 32-bit

CDS archive(s) mapped at: [0x0000022645000000-0x0000022645bb0000-0x0000022645bb0000), size 12255232, SharedBaseAddress: 0x0000022645000000, ArchiveRelocationMode: 1.
Compressed class space mapped at: 0x0000022646000000-0x0000022660000000, reserved size: 436207616
Narrow klass base: 0x0000022645000000, Narrow klass shift: 0, Narrow klass range: 0x100000000

GC Precious Log:
 CPUs: 12 total, 12 available
 Memory: 7860M
 Large Page Support: Disabled
 NUMA Support: Disabled
 Compressed Oops: Enabled (32-bit)
 Heap Region Size: 1M
 Heap Min Capacity: 8M
 Heap Initial Capacity: 124M
 Heap Max Capacity: 2G
 Pre-touch: Disabled
 Parallel Workers: 10
 Concurrent Workers: 3
 Concurrent Refinement Workers: 10
 Periodic GC: Disabled

Heap:
 garbage-first heap   total 162816K, used 68678K [0x0000000080000000, 0x0000000100000000)
  region size 1024K, 18 young (18432K), 1 survivors (1024K)
 Metaspace       used 56729K, committed 57344K, reserved 491520K
  class space    used 7868K, committed 8128K, reserved 425984K

Heap Regions: E=young(eden), S=young(survivor), O=old, HS=humongous(starts), HC=humongous(continues), CS=collection set, F=free, OA=open archive, CA=closed archive, TAMS=top-at-mark-start (previous, next)
|   0|0x0000000080000000, 0x0000000080100000, 0x0000000080100000|100%|HS|  |TAMS 0x0000000080100000, 0x0000000080000000| Complete 
|   1|0x0000000080100000, 0x0000000080200000, 0x0000000080200000|100%|HC|  |TAMS 0x0000000080200000, 0x0000000080100000| Complete 
|   2|0x0000000080200000, 0x0000000080300000, 0x0000000080300000|100%|HC|  |TAMS 0x0000000080300000, 0x0000000080200000| Complete 
|   3|0x0000000080300000, 0x0000000080400000, 0x0000000080400000|100%|HC|  |TAMS 0x0000000080400000, 0x0000000080300000| Complete 
|   4|0x0000000080400000, 0x0000000080500000, 0x0000000080500000|100%| O|  |TAMS 0x0000000080500000, 0x0000000080400000| Untracked 
|   5|0x0000000080500000, 0x0000000080600000, 0x0000000080600000|100%| O|  |TAMS 0x0000000080600000, 0x0000000080500000| Untracked 
|   6|0x0000000080600000, 0x0000000080700000, 0x0000000080700000|100%| O|  |TAMS 0x0000000080700000, 0x0000000080600000| Untracked 
|   7|0x0000000080700000, 0x0000000080800000, 0x0000000080800000|100%| O|  |TAMS 0x0000000080800000, 0x0000000080700000| Untracked 
|   8|0x0000000080800000, 0x0000000080900000, 0x0000000080900000|100%| O|  |TAMS 0x0000000080900000, 0x0000000080800000| Untracked 
|   9|0x0000000080900000, 0x0000000080a00000, 0x0000000080a00000|100%| O|  |TAMS 0x0000000080a00000, 0x0000000080900000| Untracked 
|  10|0x0000000080a00000, 0x0000000080b00000, 0x0000000080b00000|100%| O|  |TAMS 0x0000000080b00000, 0x0000000080a00000| Untracked 
|  11|0x0000000080b00000, 0x0000000080c00000, 0x0000000080c00000|100%| O|  |TAMS 0x0000000080c00000, 0x0000000080b00000| Untracked 
|  12|0x0000000080c00000, 0x0000000080d00000, 0x0000000080d00000|100%| O|  |TAMS 0x0000000080d00000, 0x0000000080c00000| Untracked 
|  13|0x0000000080d00000, 0x0000000080e00000, 0x0000000080e00000|100%| O|  |TAMS 0x0000000080e00000, 0x0000000080d00000| Untracked 
|  14|0x0000000080e00000, 0x0000000080f00000, 0x0000000080f00000|100%| O|  |TAMS 0x0000000080f00000, 0x0000000080e00000| Untracked 
|  15|0x0000000080f00000, 0x0000000081000000, 0x0000000081000000|100%| O|  |TAMS 0x0000000081000000, 0x0000000080f00000| Untracked 
|  16|0x0000000081000000, 0x0000000081100000, 0x0000000081100000|100%| O|  |TAMS 0x0000000081100000, 0x0000000081000000| Untracked 
|  17|0x0000000081100000, 0x0000000081200000, 0x0000000081200000|100%| O|  |TAMS 0x0000000081200000, 0x0000000081100000| Untracked 
|  18|0x0000000081200000, 0x0000000081300000, 0x0000000081300000|100%| O|  |TAMS 0x0000000081300000, 0x0000000081200000| Untracked 
|  19|0x0000000081300000, 0x0000000081400000, 0x0000000081400000|100%| O|  |TAMS 0x0000000081400000, 0x0000000081300000| Untracked 
|  20|0x0000000081400000, 0x0000000081500000, 0x0000000081500000|100%| O|  |TAMS 0x0000000081500000, 0x0000000081400000| Untracked 
|  21|0x0000000081500000, 0x0000000081600000, 0x0000000081600000|100%| O|  |TAMS 0x0000000081600000, 0x0000000081500000| Untracked 
|  22|0x0000000081600000, 0x0000000081700000, 0x0000000081700000|100%| O|  |TAMS 0x0000000081700000, 0x0000000081600000| Untracked 
|  23|0x0000000081700000, 0x0000000081800000, 0x0000000081800000|100%| O|  |TAMS 0x0000000081800000, 0x0000000081700000| Untracked 
|  24|0x0000000081800000, 0x0000000081900000, 0x0000000081900000|100%| O|  |TAMS 0x0000000081900000, 0x0000000081800000| Untracked 
|  25|0x0000000081900000, 0x0000000081a00000, 0x0000000081a00000|100%| O|  |TAMS 0x0000000081a00000, 0x0000000081900000| Untracked 
|  26|0x0000000081a00000, 0x0000000081b00000, 0x0000000081b00000|100%| O|  |TAMS 0x0000000081b00000, 0x0000000081a00000| Untracked 
|  27|0x0000000081b00000, 0x0000000081c00000, 0x0000000081c00000|100%| O|  |TAMS 0x0000000081c00000, 0x0000000081b00000| Untracked 
|  28|0x0000000081c00000, 0x0000000081d00000, 0x0000000081d00000|100%| O|  |TAMS 0x0000000081d00000, 0x0000000081c00000| Untracked 
|  29|0x0000000081d00000, 0x0000000081e00000, 0x0000000081e00000|100%| O|  |TAMS 0x0000000081e00000, 0x0000000081d00000| Untracked 
|  30|0x0000000081e00000, 0x0000000081f00000, 0x0000000081f00000|100%|HS|  |TAMS 0x0000000081f00000, 0x0000000081e00000| Complete 
|  31|0x0000000081f00000, 0x0000000082000000, 0x0000000082000000|100%|HC|  |TAMS 0x0000000082000000, 0x0000000081f00000| Complete 
|  32|0x0000000082000000, 0x0000000082100000, 0x0000000082100000|100%| O|  |TAMS 0x0000000082100000, 0x0000000082000000| Untracked 
|  33|0x0000000082100000, 0x0000000082200000, 0x0000000082200000|100%| O|  |TAMS 0x0000000082200000, 0x0000000082100000| Untracked 
|  34|0x0000000082200000, 0x0000000082300000, 0x0000000082300000|100%| O|  |TAMS 0x0000000082300000, 0x0000000082200000| Untracked 
|  35|0x0000000082300000, 0x0000000082400000, 0x0000000082400000|100%| O|  |TAMS 0x0000000082400000, 0x0000000082300000| Untracked 
|  36|0x0000000082400000, 0x0000000082400000, 0x0000000082500000|  0%| F|  |TAMS 0x0000000082400000, 0x0000000082400000| Untracked 
|  37|0x0000000082500000, 0x0000000082600000, 0x0000000082600000|100%| O|  |TAMS 0x0000000082600000, 0x0000000082500000| Untracked 
|  38|0x0000000082600000, 0x0000000082700000, 0x0000000082700000|100%| O|  |TAMS 0x0000000082700000, 0x0000000082600000| Untracked 
|  39|0x0000000082700000, 0x0000000082800000, 0x0000000082800000|100%|HS|  |TAMS 0x0000000082800000, 0x0000000082700000| Complete 
|  40|0x0000000082800000, 0x0000000082900000, 0x0000000082900000|100%|HC|  |TAMS 0x0000000082900000, 0x0000000082800000| Complete 
|  41|0x0000000082900000, 0x0000000082a00000, 0x0000000082a00000|100%|HC|  |TAMS 0x0000000082a00000, 0x0000000082900000| Complete 
|  42|0x0000000082a00000, 0x0000000082b00000, 0x0000000082b00000|100%|HC|  |TAMS 0x0000000082b00000, 0x0000000082a00000| Complete 
|  43|0x0000000082b00000, 0x0000000082c00000, 0x0000000082c00000|100%| O|  |TAMS 0x0000000082c00000, 0x0000000082b00000| Untracked 
|  44|0x0000000082c00000, 0x0000000082d00000, 0x0000000082d00000|100%| O|  |TAMS 0x0000000082d00000, 0x0000000082c00000| Untracked 
|  45|0x0000000082d00000, 0x0000000082e00000, 0x0000000082e00000|100%| O|  |TAMS 0x0000000082e00000, 0x0000000082d00000| Untracked 
|  46|0x0000000082e00000, 0x0000000082f00000, 0x0000000082f00000|100%| O|  |TAMS 0x0000000082f00000, 0x0000000082e00000| Untracked 
|  47|0x0000000082f00000, 0x0000000083000000, 0x0000000083000000|100%| O|  |TAMS 0x0000000083000000, 0x0000000082f00000| Untracked 
|  48|0x0000000083000000, 0x0000000083100000, 0x0000000083100000|100%| O|  |TAMS 0x0000000083100000, 0x0000000083000000| Untracked 
|  49|0x0000000083100000, 0x0000000083200000, 0x0000000083200000|100%| O|  |TAMS 0x0000000083200000, 0x0000000083100000| Complete 
|  50|0x0000000083200000, 0x0000000083300000, 0x0000000083300000|100%| O|  |TAMS 0x0000000083300000, 0x0000000083200000| Untracked 
|  51|0x0000000083300000, 0x000000008331e000, 0x0000000083400000| 11%| O|  |TAMS 0x000000008331e000, 0x0000000083300000| Untracked 
|  52|0x0000000083400000, 0x0000000083400000, 0x0000000083500000|  0%| F|  |TAMS 0x0000000083400000, 0x0000000083400000| Untracked 
|  53|0x0000000083500000, 0x0000000083500000, 0x0000000083600000|  0%| F|  |TAMS 0x0000000083500000, 0x0000000083500000| Untracked 
|  54|0x0000000083600000, 0x0000000083600000, 0x0000000083700000|  0%| F|  |TAMS 0x0000000083600000, 0x0000000083600000| Untracked 
|  55|0x0000000083700000, 0x0000000083700000, 0x0000000083800000|  0%| F|  |TAMS 0x0000000083700000, 0x0000000083700000| Untracked 
|  56|0x0000000083800000, 0x0000000083800000, 0x0000000083900000|  0%| F|  |TAMS 0x0000000083800000, 0x0000000083800000| Untracked 
|  57|0x0000000083900000, 0x0000000083900000, 0x0000000083a00000|  0%| F|  |TAMS 0x0000000083900000, 0x0000000083900000| Untracked 
|  58|0x0000000083a00000, 0x0000000083a00000, 0x0000000083b00000|  0%| F|  |TAMS 0x0000000083a00000, 0x0000000083a00000| Untracked 
|  59|0x0000000083b00000, 0x0000000083b00000, 0x0000000083c00000|  0%| F|  |TAMS 0x0000000083b00000, 0x0000000083b00000| Untracked 
|  60|0x0000000083c00000, 0x0000000083c00000, 0x0000000083d00000|  0%| F|  |TAMS 0x0000000083c00000, 0x0000000083c00000| Untracked 
|  61|0x0000000083d00000, 0x0000000083d00000, 0x0000000083e00000|  0%| F|  |TAMS 0x0000000083d00000, 0x0000000083d00000| Untracked 
|  62|0x0000000083e00000, 0x0000000083e00000, 0x0000000083f00000|  0%| F|  |TAMS 0x0000000083e00000, 0x0000000083e00000| Untracked 
|  63|0x0000000083f00000, 0x0000000083f00000, 0x0000000084000000|  0%| F|  |TAMS 0x0000000083f00000, 0x0000000083f00000| Untracked 
|  64|0x0000000084000000, 0x0000000084000000, 0x0000000084100000|  0%| F|  |TAMS 0x0000000084000000, 0x0000000084000000| Untracked 
|  65|0x0000000084100000, 0x00000000841f3870, 0x0000000084200000| 95%| S|CS|TAMS 0x0000000084100000, 0x0000000084100000| Complete 
|  66|0x0000000084200000, 0x0000000084200000, 0x0000000084300000|  0%| F|  |TAMS 0x0000000084200000, 0x0000000084200000| Untracked 
|  67|0x0000000084300000, 0x0000000084300000, 0x0000000084400000|  0%| F|  |TAMS 0x0000000084300000, 0x0000000084300000| Untracked 
|  68|0x0000000084400000, 0x0000000084400000, 0x0000000084500000|  0%| F|  |TAMS 0x0000000084400000, 0x0000000084400000| Untracked 
|  69|0x0000000084500000, 0x0000000084500000, 0x0000000084600000|  0%| F|  |TAMS 0x0000000084500000, 0x0000000084500000| Untracked 
|  70|0x0000000084600000, 0x0000000084600000, 0x0000000084700000|  0%| F|  |TAMS 0x0000000084600000, 0x0000000084600000| Untracked 
|  71|0x0000000084700000, 0x0000000084700000, 0x0000000084800000|  0%| F|  |TAMS 0x0000000084700000, 0x0000000084700000| Untracked 
|  72|0x0000000084800000, 0x0000000084800000, 0x0000000084900000|  0%| F|  |TAMS 0x0000000084800000, 0x0000000084800000| Untracked 
|  73|0x0000000084900000, 0x0000000084900000, 0x0000000084a00000|  0%| F|  |TAMS 0x0000000084900000, 0x0000000084900000| Untracked 
|  74|0x0000000084a00000, 0x0000000084a00000, 0x0000000084b00000|  0%| F|  |TAMS 0x0000000084a00000, 0x0000000084a00000| Untracked 
|  75|0x0000000084b00000, 0x0000000084b00000, 0x0000000084c00000|  0%| F|  |TAMS 0x0000000084b00000, 0x0000000084b00000| Untracked 
|  76|0x0000000084c00000, 0x0000000084c00000, 0x0000000084d00000|  0%| F|  |TAMS 0x0000000084c00000, 0x0000000084c00000| Untracked 
|  77|0x0000000084d00000, 0x0000000084d00000, 0x0000000084e00000|  0%| F|  |TAMS 0x0000000084d00000, 0x0000000084d00000| Untracked 
|  78|0x0000000084e00000, 0x0000000084e00000, 0x0000000084f00000|  0%| F|  |TAMS 0x0000000084e00000, 0x0000000084e00000| Untracked 
|  79|0x0000000084f00000, 0x0000000084f00000, 0x0000000085000000|  0%| F|  |TAMS 0x0000000084f00000, 0x0000000084f00000| Untracked 
|  80|0x0000000085000000, 0x0000000085000000, 0x0000000085100000|  0%| F|  |TAMS 0x0000000085000000, 0x0000000085000000| Untracked 
|  81|0x0000000085100000, 0x0000000085100000, 0x0000000085200000|  0%| F|  |TAMS 0x0000000085100000, 0x0000000085100000| Untracked 
|  82|0x0000000085200000, 0x0000000085200000, 0x0000000085300000|  0%| F|  |TAMS 0x0000000085200000, 0x0000000085200000| Untracked 
|  83|0x0000000085300000, 0x0000000085300000, 0x0000000085400000|  0%| F|  |TAMS 0x0000000085300000, 0x0000000085300000| Untracked 
|  84|0x0000000085400000, 0x0000000085400000, 0x0000000085500000|  0%| F|  |TAMS 0x0000000085400000, 0x0000000085400000| Untracked 
|  85|0x0000000085500000, 0x0000000085500000, 0x0000000085600000|  0%| F|  |TAMS 0x0000000085500000, 0x0000000085500000| Untracked 
|  86|0x0000000085600000, 0x0000000085600000, 0x0000000085700000|  0%| F|  |TAMS 0x0000000085600000, 0x0000000085600000| Untracked 
|  87|0x0000000085700000, 0x0000000085700000, 0x0000000085800000|  0%| F|  |TAMS 0x0000000085700000, 0x0000000085700000| Untracked 
|  88|0x0000000085800000, 0x0000000085800000, 0x0000000085900000|  0%| F|  |TAMS 0x0000000085800000, 0x0000000085800000| Untracked 
|  89|0x0000000085900000, 0x0000000085900000, 0x0000000085a00000|  0%| F|  |TAMS 0x0000000085900000, 0x0000000085900000| Untracked 
|  90|0x0000000085a00000, 0x0000000085a00000, 0x0000000085b00000|  0%| F|  |TAMS 0x0000000085a00000, 0x0000000085a00000| Untracked 
|  91|0x0000000085b00000, 0x0000000085b00000, 0x0000000085c00000|  0%| F|  |TAMS 0x0000000085b00000, 0x0000000085b00000| Untracked 
|  92|0x0000000085c00000, 0x0000000085c00000, 0x0000000085d00000|  0%| F|  |TAMS 0x0000000085c00000, 0x0000000085c00000| Untracked 
|  93|0x0000000085d00000, 0x0000000085d00000, 0x0000000085e00000|  0%| F|  |TAMS 0x0000000085d00000, 0x0000000085d00000| Untracked 
|  94|0x0000000085e00000, 0x0000000085e00000, 0x0000000085f00000|  0%| F|  |TAMS 0x0000000085e00000, 0x0000000085e00000| Untracked 
|  95|0x0000000085f00000, 0x0000000085f00000, 0x0000000086000000|  0%| F|  |TAMS 0x0000000085f00000, 0x0000000085f00000| Untracked 
|  96|0x0000000086000000, 0x0000000086000000, 0x0000000086100000|  0%| F|  |TAMS 0x0000000086000000, 0x0000000086000000| Untracked 
|  97|0x0000000086100000, 0x0000000086100000, 0x0000000086200000|  0%| F|  |TAMS 0x0000000086100000, 0x0000000086100000| Untracked 
|  98|0x0000000086200000, 0x0000000086200000, 0x0000000086300000|  0%| F|  |TAMS 0x0000000086200000, 0x0000000086200000| Untracked 
|  99|0x0000000086300000, 0x0000000086300000, 0x0000000086400000|  0%| F|  |TAMS 0x0000000086300000, 0x0000000086300000| Untracked 
| 100|0x0000000086400000, 0x0000000086400000, 0x0000000086500000|  0%| F|  |TAMS 0x0000000086400000, 0x0000000086400000| Untracked 
| 101|0x0000000086500000, 0x0000000086500000, 0x0000000086600000|  0%| F|  |TAMS 0x0000000086500000, 0x0000000086500000| Untracked 
| 102|0x0000000086600000, 0x0000000086600000, 0x0000000086700000|  0%| F|  |TAMS 0x0000000086600000, 0x0000000086600000| Untracked 
| 103|0x0000000086700000, 0x0000000086700000, 0x0000000086800000|  0%| F|  |TAMS 0x0000000086700000, 0x0000000086700000| Untracked 
| 104|0x0000000086800000, 0x0000000086800000, 0x0000000086900000|  0%| F|  |TAMS 0x0000000086800000, 0x0000000086800000| Untracked 
| 105|0x0000000086900000, 0x0000000086900000, 0x0000000086a00000|  0%| F|  |TAMS 0x0000000086900000, 0x0000000086900000| Untracked 
| 106|0x0000000086a00000, 0x0000000086a00000, 0x0000000086b00000|  0%| F|  |TAMS 0x0000000086a00000, 0x0000000086a00000| Untracked 
| 107|0x0000000086b00000, 0x0000000086b00000, 0x0000000086c00000|  0%| F|  |TAMS 0x0000000086b00000, 0x0000000086b00000| Untracked 
| 108|0x0000000086c00000, 0x0000000086c00000, 0x0000000086d00000|  0%| F|  |TAMS 0x0000000086c00000, 0x0000000086c00000| Untracked 
| 109|0x0000000086d00000, 0x0000000086d00000, 0x0000000086e00000|  0%| F|  |TAMS 0x0000000086d00000, 0x0000000086d00000| Untracked 
| 110|0x0000000086e00000, 0x0000000086e00000, 0x0000000086f00000|  0%| F|  |TAMS 0x0000000086e00000, 0x0000000086e00000| Untracked 
| 111|0x0000000086f00000, 0x0000000086f00000, 0x0000000087000000|  0%| F|  |TAMS 0x0000000086f00000, 0x0000000086f00000| Untracked 
| 112|0x0000000087000000, 0x0000000087000000, 0x0000000087100000|  0%| F|  |TAMS 0x0000000087000000, 0x0000000087000000| Untracked 
| 113|0x0000000087100000, 0x0000000087100000, 0x0000000087200000|  0%| F|  |TAMS 0x0000000087100000, 0x0000000087100000| Untracked 
| 114|0x0000000087200000, 0x0000000087200000, 0x0000000087300000|  0%| F|  |TAMS 0x0000000087200000, 0x0000000087200000| Untracked 
| 115|0x0000000087300000, 0x0000000087300000, 0x0000000087400000|  0%| F|  |TAMS 0x0000000087300000, 0x0000000087300000| Untracked 
| 116|0x0000000087400000, 0x0000000087400000, 0x0000000087500000|  0%| F|  |TAMS 0x0000000087400000, 0x0000000087400000| Untracked 
| 117|0x0000000087500000, 0x0000000087500000, 0x0000000087600000|  0%| F|  |TAMS 0x0000000087500000, 0x0000000087500000| Untracked 
| 118|0x0000000087600000, 0x0000000087600000, 0x0000000087700000|  0%| F|  |TAMS 0x0000000087600000, 0x0000000087600000| Untracked 
| 119|0x0000000087700000, 0x0000000087700000, 0x0000000087800000|  0%| F|  |TAMS 0x0000000087700000, 0x0000000087700000| Untracked 
| 120|0x0000000087800000, 0x0000000087800000, 0x0000000087900000|  0%| F|  |TAMS 0x0000000087800000, 0x0000000087800000| Untracked 
| 121|0x0000000087900000, 0x0000000087900000, 0x0000000087a00000|  0%| F|  |TAMS 0x0000000087900000, 0x0000000087900000| Untracked 
| 122|0x0000000087a00000, 0x0000000087a00000, 0x0000000087b00000|  0%| F|  |TAMS 0x0000000087a00000, 0x0000000087a00000| Untracked 
| 123|0x0000000087b00000, 0x0000000087b00000, 0x0000000087c00000|  0%| F|  |TAMS 0x0000000087b00000, 0x0000000087b00000| Untracked 
| 124|0x0000000087c00000, 0x0000000087c00000, 0x0000000087d00000|  0%| F|  |TAMS 0x0000000087c00000, 0x0000000087c00000| Untracked 
| 125|0x0000000087d00000, 0x0000000087d00000, 0x0000000087e00000|  0%| F|  |TAMS 0x0000000087d00000, 0x0000000087d00000| Untracked 
| 126|0x0000000087e00000, 0x0000000087e00000, 0x0000000087f00000|  0%| F|  |TAMS 0x0000000087e00000, 0x0000000087e00000| Untracked 
| 127|0x0000000087f00000, 0x0000000087f00000, 0x0000000088000000|  0%| F|  |TAMS 0x0000000087f00000, 0x0000000087f00000| Untracked 
| 128|0x0000000088000000, 0x0000000088000000, 0x0000000088100000|  0%| F|  |TAMS 0x0000000088000000, 0x0000000088000000| Untracked 
| 129|0x0000000088100000, 0x0000000088100000, 0x0000000088200000|  0%| F|  |TAMS 0x0000000088100000, 0x0000000088100000| Untracked 
| 130|0x0000000088200000, 0x0000000088200000, 0x0000000088300000|  0%| F|  |TAMS 0x0000000088200000, 0x0000000088200000| Untracked 
| 131|0x0000000088300000, 0x0000000088300000, 0x0000000088400000|  0%| F|  |TAMS 0x0000000088300000, 0x0000000088300000| Untracked 
| 132|0x0000000088400000, 0x0000000088400000, 0x0000000088500000|  0%| F|  |TAMS 0x0000000088400000, 0x0000000088400000| Untracked 
| 133|0x0000000088500000, 0x0000000088500000, 0x0000000088600000|  0%| F|  |TAMS 0x0000000088500000, 0x0000000088500000| Untracked 
| 134|0x0000000088600000, 0x0000000088600000, 0x0000000088700000|  0%| F|  |TAMS 0x0000000088600000, 0x0000000088600000| Untracked 
| 135|0x0000000088700000, 0x0000000088700000, 0x0000000088800000|  0%| F|  |TAMS 0x0000000088700000, 0x0000000088700000| Untracked 
| 136|0x0000000088800000, 0x0000000088800000, 0x0000000088900000|  0%| F|  |TAMS 0x0000000088800000, 0x0000000088800000| Untracked 
| 137|0x0000000088900000, 0x0000000088900000, 0x0000000088a00000|  0%| F|  |TAMS 0x0000000088900000, 0x0000000088900000| Untracked 
| 138|0x0000000088a00000, 0x0000000088a00000, 0x0000000088b00000|  0%| F|  |TAMS 0x0000000088a00000, 0x0000000088a00000| Untracked 
| 139|0x0000000088b00000, 0x0000000088b00000, 0x0000000088c00000|  0%| F|  |TAMS 0x0000000088b00000, 0x0000000088b00000| Untracked 
| 140|0x0000000088c00000, 0x0000000088c00000, 0x0000000088d00000|  0%| F|  |TAMS 0x0000000088c00000, 0x0000000088c00000| Untracked 
| 141|0x0000000088d00000, 0x0000000088d00000, 0x0000000088e00000|  0%| F|  |TAMS 0x0000000088d00000, 0x0000000088d00000| Untracked 
| 142|0x0000000088e00000, 0x0000000088f00000, 0x0000000088f00000|100%| E|  |TAMS 0x0000000088e00000, 0x0000000088e00000| Complete 
| 143|0x0000000088f00000, 0x0000000089000000, 0x0000000089000000|100%| E|CS|TAMS 0x0000000088f00000, 0x0000000088f00000| Complete 
| 144|0x0000000089000000, 0x0000000089100000, 0x0000000089100000|100%| E|CS|TAMS 0x0000000089000000, 0x0000000089000000| Complete 
| 145|0x0000000089100000, 0x0000000089200000, 0x0000000089200000|100%| E|CS|TAMS 0x0000000089100000, 0x0000000089100000| Complete 
| 146|0x0000000089200000, 0x0000000089300000, 0x0000000089300000|100%| E|CS|TAMS 0x0000000089200000, 0x0000000089200000| Complete 
| 147|0x0000000089300000, 0x0000000089400000, 0x0000000089400000|100%| E|CS|TAMS 0x0000000089300000, 0x0000000089300000| Complete 
| 148|0x0000000089400000, 0x0000000089500000, 0x0000000089500000|100%| E|CS|TAMS 0x0000000089400000, 0x0000000089400000| Complete 
| 149|0x0000000089500000, 0x0000000089600000, 0x0000000089600000|100%| E|CS|TAMS 0x0000000089500000, 0x0000000089500000| Complete 
| 150|0x0000000089600000, 0x0000000089700000, 0x0000000089700000|100%| E|CS|TAMS 0x0000000089600000, 0x0000000089600000| Complete 
| 151|0x0000000089700000, 0x0000000089800000, 0x0000000089800000|100%| E|CS|TAMS 0x0000000089700000, 0x0000000089700000| Complete 
| 152|0x0000000089800000, 0x0000000089900000, 0x0000000089900000|100%| E|CS|TAMS 0x0000000089800000, 0x0000000089800000| Complete 
| 153|0x0000000089900000, 0x0000000089a00000, 0x0000000089a00000|100%| E|CS|TAMS 0x0000000089900000, 0x0000000089900000| Complete 
| 154|0x0000000089a00000, 0x0000000089b00000, 0x0000000089b00000|100%| E|CS|TAMS 0x0000000089a00000, 0x0000000089a00000| Complete 
| 155|0x0000000089b00000, 0x0000000089c00000, 0x0000000089c00000|100%| E|CS|TAMS 0x0000000089b00000, 0x0000000089b00000| Complete 
| 156|0x0000000089c00000, 0x0000000089d00000, 0x0000000089d00000|100%| E|CS|TAMS 0x0000000089c00000, 0x0000000089c00000| Complete 
| 157|0x0000000089d00000, 0x0000000089e00000, 0x0000000089e00000|100%| E|CS|TAMS 0x0000000089d00000, 0x0000000089d00000| Complete 
| 158|0x0000000089e00000, 0x0000000089f00000, 0x0000000089f00000|100%| E|CS|TAMS 0x0000000089e00000, 0x0000000089e00000| Complete 

Card table byte_map: [0x000002263db20000,0x000002263df20000] _byte_map_base: 0x000002263d720000

Marking Bits (Prev, Next): (CMBitMap*) 0x000002262671f330, (CMBitMap*) 0x000002262671f370
 Prev Bits: [0x000002263e320000, 0x0000022640320000)
 Next Bits: [0x0000022640320000, 0x0000022642320000)

Polling page: 0x0000022625e70000

Metaspace:

Usage:
  Non-class:     47.73 MB used.
      Class:      7.69 MB used.
       Both:     55.41 MB used.

Virtual space:
  Non-class space:       64.00 MB reserved,      48.06 MB ( 75%) committed,  1 nodes.
      Class space:      416.00 MB reserved,       7.94 MB (  2%) committed,  1 nodes.
             Both:      480.00 MB reserved,      56.00 MB ( 12%) committed. 

Chunk freelists:
   Non-Class:  15.78 MB
       Class:  7.89 MB
        Both:  23.67 MB

MaxMetaspaceSize: 512.00 MB
CompressedClassSpaceSize: 416.00 MB
Initial GC threshold: 21.00 MB
Current GC threshold: 91.69 MB
CDS: on
MetaspaceReclaimPolicy: balanced
 - commit_granule_bytes: 65536.
 - commit_granule_words: 8192.
 - virtual_space_node_default_size: 8388608.
 - enlarge_chunks_in_place: 1.
 - new_chunks_are_fully_committed: 0.
 - uncommit_free_chunks: 1.
 - use_allocation_guard: 0.
 - handle_deallocations: 1.


Internal statistics:

num_allocs_failed_limit: 6.
num_arena_births: 700.
num_arena_deaths: 0.
num_vsnodes_births: 2.
num_vsnodes_deaths: 0.
num_space_committed: 896.
num_space_uncommitted: 0.
num_chunks_returned_to_freelist: 6.
num_chunks_taken_from_freelist: 2919.
num_chunk_merges: 6.
num_chunk_splits: 1963.
num_chunks_enlarged: 1343.
num_inconsistent_stats: 0.

CodeHeap 'non-profiled nmethods': size=120000Kb used=3313Kb max_used=3412Kb free=116686Kb
 bounds [0x0000022635ca0000, 0x0000022636000000, 0x000002263d1d0000]
CodeHeap 'profiled nmethods': size=120000Kb used=11898Kb max_used=11898Kb free=108101Kb
 bounds [0x000002262e1d0000, 0x000002262ed70000, 0x0000022635700000]
CodeHeap 'non-nmethods': size=5760Kb used=2356Kb max_used=2379Kb free=3403Kb
 bounds [0x0000022635700000, 0x0000022635970000, 0x0000022635ca0000]
 total_blobs=6829 nmethods=5948 adapters=791
 compilation: enabled
              stopped_count=0, restarted_count=0
 full_count=0

Compilation events (20 events):
Event: 52.652 Thread 0x0000022644f8f800 6756       4       sun.reflect.generics.parser.SignatureParser::parsePackageNameAndSimpleClassTypeSignature (119 bytes)
Event: 52.654 Thread 0x0000022644f901c0 6757       3       java.util.AbstractMap::isEmpty (13 bytes)
Event: 52.655 Thread 0x0000022644f901c0 nmethod 6757 0x000002262ed64a10 code [0x000002262ed64bc0, 0x000002262ed64de8]
Event: 52.663 Thread 0x0000022644f901c0 6759       3       groovy.lang.MetaClassImpl$Index::put (10 bytes)
Event: 52.664 Thread 0x0000022644f901c0 nmethod 6759 0x000002262ed64e90 code [0x000002262ed65040, 0x000002262ed65268]
Event: 52.681 Thread 0x0000022644f901c0 6760       1       org.gradle.internal.typeconversion.NotationConverterToNotationParserAdapter$ResultImpl::access$100 (5 bytes)
Event: 52.681 Thread 0x0000022644f901c0 nmethod 6760 0x0000022635de0990 code [0x0000022635de0b20, 0x0000022635de0bd8]
Event: 52.681 Thread 0x0000022644f901c0 6761       1       org.gradle.internal.typeconversion.NotationConverterToNotationParserAdapter$ResultImpl::access$200 (5 bytes)
Event: 52.681 Thread 0x0000022644f901c0 nmethod 6761 0x0000022635de0690 code [0x0000022635de0820, 0x0000022635de08d8]
Event: 52.699 Thread 0x0000022644f901c0 6762       3       org.apache.commons.io.FilenameUtils::doNormalize (541 bytes)
Event: 52.701 Thread 0x0000022644f901c0 nmethod 6762 0x000002262ed65390 code [0x000002262ed65700, 0x000002262ed670c8]
Event: 52.778 Thread 0x0000022644f901c0 6763       3       org.gradle.internal.ImmutableActionSet$EmptySet::execute (1 bytes)
Event: 52.779 Thread 0x0000022644f901c0 nmethod 6763 0x000002262ed67810 code [0x000002262ed679a0, 0x000002262ed67ab8]
Event: 52.814 Thread 0x0000022644f901c0 6764       1       org.gradle.api.internal.project.DefaultProjectStateRegistry::access$300 (5 bytes)
Event: 52.814 Thread 0x0000022644f901c0 nmethod 6764 0x0000022635de0390 code [0x0000022635de0520, 0x0000022635de05d8]
Event: 52.814 Thread 0x0000022644f901c0 6765       3       java.lang.invoke.DirectMethodHandle$Special::<init> (16 bytes)
Event: 52.814 Thread 0x0000022644f901c0 nmethod 6765 0x000002262ed67b90 code [0x000002262ed67d40, 0x000002262ed67ee8]
Event: 52.815 Thread 0x0000022644f901c0 6766       3       org.gradle.api.internal.attributes.AbstractAttributeContainer::isEmpty (10 bytes)
Event: 52.815 Thread 0x0000022644f901c0 nmethod 6766 0x000002262ed67f90 code [0x000002262ed68140, 0x000002262ed683d8]
Event: 52.906 Thread 0x0000022644f901c0 6767       3       org.gradle.internal.reflect.MethodSet::add (50 bytes)

GC Heap History (20 events):
Event: 46.293 GC heap before
{Heap before GC invocations=13 (full 0):
 garbage-first heap   total 81920K, used 42840K [0x0000000080000000, 0x0000000100000000)
  region size 1024K, 6 young (6144K), 3 survivors (3072K)
 Metaspace       used 42507K, committed 43072K, reserved 491520K
  class space    used 5900K, committed 6144K, reserved 425984K
}
Event: 46.300 GC heap after
{Heap after GC invocations=14 (full 0):
 garbage-first heap   total 81920K, used 41546K [0x0000000080000000, 0x0000000100000000)
  region size 1024K, 3 young (3072K), 3 survivors (3072K)
 Metaspace       used 42507K, committed 43072K, reserved 491520K
  class space    used 5900K, committed 6144K, reserved 425984K
}
Event: 47.463 GC heap before
{Heap before GC invocations=15 (full 0):
 garbage-first heap   total 81920K, used 68170K [0x0000000080000000, 0x0000000100000000)
  region size 1024K, 25 young (25600K), 3 survivors (3072K)
 Metaspace       used 45871K, committed 46400K, reserved 491520K
  class space    used 6337K, committed 6592K, reserved 425984K
}
Event: 47.468 GC heap after
{Heap after GC invocations=16 (full 0):
 garbage-first heap   total 81920K, used 47094K [0x0000000080000000, 0x0000000100000000)
  region size 1024K, 4 young (4096K), 4 survivors (4096K)
 Metaspace       used 45871K, committed 46400K, reserved 491520K
  class space    used 6337K, committed 6592K, reserved 425984K
}
Event: 47.525 GC heap before
{Heap before GC invocations=16 (full 0):
 garbage-first heap   total 81920K, used 48118K [0x0000000080000000, 0x0000000100000000)
  region size 1024K, 5 young (5120K), 4 survivors (4096K)
 Metaspace       used 46031K, committed 46592K, reserved 491520K
  class space    used 6373K, committed 6656K, reserved 425984K
}
Event: 47.535 GC heap after
{Heap after GC invocations=17 (full 0):
 garbage-first heap   total 81920K, used 46439K [0x0000000080000000, 0x0000000100000000)
  region size 1024K, 1 young (1024K), 1 survivors (1024K)
 Metaspace       used 46031K, committed 46592K, reserved 491520K
  class space    used 6373K, committed 6656K, reserved 425984K
}
Event: 48.319 GC heap before
{Heap before GC invocations=17 (full 0):
 garbage-first heap   total 81920K, used 65895K [0x0000000080000000, 0x0000000100000000)
  region size 1024K, 20 young (20480K), 1 survivors (1024K)
 Metaspace       used 48094K, committed 48640K, reserved 491520K
  class space    used 6707K, committed 6976K, reserved 425984K
}
Event: 48.321 GC heap after
{Heap after GC invocations=18 (full 0):
 garbage-first heap   total 81920K, used 46988K [0x0000000080000000, 0x0000000100000000)
  region size 1024K, 1 young (1024K), 1 survivors (1024K)
 Metaspace       used 48094K, committed 48640K, reserved 491520K
  class space    used 6707K, committed 6976K, reserved 425984K
}
Event: 49.421 GC heap before
{Heap before GC invocations=19 (full 0):
 garbage-first heap   total 81920K, used 66444K [0x0000000080000000, 0x0000000100000000)
  region size 1024K, 20 young (20480K), 1 survivors (1024K)
 Metaspace       used 50070K, committed 50752K, reserved 491520K
  class space    used 6988K, committed 7296K, reserved 425984K
}
Event: 49.424 GC heap after
{Heap after GC invocations=20 (full 0):
 garbage-first heap   total 81920K, used 48252K [0x0000000080000000, 0x0000000100000000)
  region size 1024K, 3 young (3072K), 3 survivors (3072K)
 Metaspace       used 50070K, committed 50752K, reserved 491520K
  class space    used 6988K, committed 7296K, reserved 425984K
}
Event: 49.496 GC heap before
{Heap before GC invocations=20 (full 0):
 garbage-first heap   total 81920K, used 49276K [0x0000000080000000, 0x0000000100000000)
  region size 1024K, 4 young (4096K), 3 survivors (3072K)
 Metaspace       used 50205K, committed 50816K, reserved 491520K
  class space    used 7008K, committed 7296K, reserved 425984K
}
Event: 49.513 GC heap after
{Heap after GC invocations=21 (full 0):
 garbage-first heap   total 81920K, used 48473K [0x0000000080000000, 0x0000000100000000)
  region size 1024K, 1 young (1024K), 1 survivors (1024K)
 Metaspace       used 50205K, committed 50816K, reserved 491520K
  class space    used 7008K, committed 7296K, reserved 425984K
}
Event: 50.000 GC heap before
{Heap before GC invocations=21 (full 0):
 garbage-first heap   total 81920K, used 66905K [0x0000000080000000, 0x0000000100000000)
  region size 1024K, 19 young (19456K), 1 survivors (1024K)
 Metaspace       used 52644K, committed 53312K, reserved 491520K
  class space    used 7318K, committed 7616K, reserved 425984K
}
Event: 50.002 GC heap after
{Heap after GC invocations=22 (full 0):
 garbage-first heap   total 81920K, used 49442K [0x0000000080000000, 0x0000000100000000)
  region size 1024K, 2 young (2048K), 2 survivors (2048K)
 Metaspace       used 52644K, committed 53312K, reserved 491520K
  class space    used 7318K, committed 7616K, reserved 425984K
}
Event: 50.584 GC heap before
{Heap before GC invocations=23 (full 0):
 garbage-first heap   total 87040K, used 65826K [0x0000000080000000, 0x0000000100000000)
  region size 1024K, 18 young (18432K), 2 survivors (2048K)
 Metaspace       used 54323K, committed 54912K, reserved 491520K
  class space    used 7535K, committed 7808K, reserved 425984K
}
Event: 50.589 GC heap after
{Heap after GC invocations=24 (full 0):
 garbage-first heap   total 87040K, used 51734K [0x0000000080000000, 0x0000000100000000)
  region size 1024K, 3 young (3072K), 3 survivors (3072K)
 Metaspace       used 54323K, committed 54912K, reserved 491520K
  class space    used 7535K, committed 7808K, reserved 425984K
}
Event: 50.627 GC heap before
{Heap before GC invocations=24 (full 0):
 garbage-first heap   total 87040K, used 52758K [0x0000000080000000, 0x0000000100000000)
  region size 1024K, 4 young (4096K), 3 survivors (3072K)
 Metaspace       used 54331K, committed 54912K, reserved 491520K
  class space    used 7535K, committed 7808K, reserved 425984K
}
Event: 50.631 GC heap after
{Heap after GC invocations=25 (full 0):
 garbage-first heap   total 87040K, used 52014K [0x0000000080000000, 0x0000000100000000)
  region size 1024K, 1 young (1024K), 1 survivors (1024K)
 Metaspace       used 54331K, committed 54912K, reserved 491520K
  class space    used 7535K, committed 7808K, reserved 425984K
}
Event: 51.380 GC heap before
{Heap before GC invocations=25 (full 0):
 garbage-first heap   total 87040K, used 69422K [0x0000000080000000, 0x0000000100000000)
  region size 1024K, 19 young (19456K), 1 survivors (1024K)
 Metaspace       used 55685K, committed 56256K, reserved 491520K
  class space    used 7716K, committed 8000K, reserved 425984K
}
Event: 51.383 GC heap after
{Heap after GC invocations=26 (full 0):
 garbage-first heap   total 162816K, used 52294K [0x0000000080000000, 0x0000000100000000)
  region size 1024K, 1 young (1024K), 1 survivors (1024K)
 Metaspace       used 55685K, committed 56256K, reserved 491520K
  class space    used 7716K, committed 8000K, reserved 425984K
}

Dll operation events (13 events):
Event: 0.033 Loaded shared library C:\Program Files\Microsoft\jdk-17.0.10.7-hotspot\bin\java.dll
Event: 0.088 Loaded shared library C:\Program Files\Microsoft\jdk-17.0.10.7-hotspot\bin\jsvml.dll
Event: 0.183 Loaded shared library C:\Program Files\Microsoft\jdk-17.0.10.7-hotspot\bin\net.dll
Event: 0.195 Loaded shared library C:\Program Files\Microsoft\jdk-17.0.10.7-hotspot\bin\nio.dll
Event: 0.206 Loaded shared library C:\Program Files\Microsoft\jdk-17.0.10.7-hotspot\bin\zip.dll
Event: 1.501 Loaded shared library C:\Program Files\Microsoft\jdk-17.0.10.7-hotspot\bin\jimage.dll
Event: 1.725 Loaded shared library C:\Program Files\Microsoft\jdk-17.0.10.7-hotspot\bin\verify.dll
Event: 2.450 Loaded shared library C:\Users\Prem Chakankar\.gradle\native\68d5fa5c4cc2d200863cafc0d521ce42e7d3e7ee720ec0a83991735586a16f82\windows-amd64\native-platform.dll
Event: 2.459 Loaded shared library C:\Users\Prem Chakankar\.gradle\native\e376f236ea51e6404a007f0833ffe2c6e607c4080706a723a18a27aeea778392\windows-amd64\native-platform-file-events.dll
Event: 4.200 Loaded shared library C:\Program Files\Microsoft\jdk-17.0.10.7-hotspot\bin\management.dll
Event: 4.204 Loaded shared library C:\Program Files\Microsoft\jdk-17.0.10.7-hotspot\bin\management_ext.dll
Event: 4.616 Loaded shared library C:\Program Files\Microsoft\jdk-17.0.10.7-hotspot\bin\extnet.dll
Event: 5.330 Loaded shared library C:\Program Files\Microsoft\jdk-17.0.10.7-hotspot\bin\sunmscapi.dll

Deoptimization events (20 events):
Event: 52.746 Thread 0x00000226675de110 Uncommon trap: trap_request=0xffffffbe fr.pc=0x0000022635fdddc4 relative=0x00000000000001a4
Event: 52.746 Thread 0x00000226675de110 Uncommon trap: reason=profile_predicate action=maybe_recompile pc=0x0000022635fdddc4 method=java.util.LinkedHashMap.keysToArray([Ljava/lang/Object;)[Ljava/lang/Object; @ 12 c2
Event: 52.746 Thread 0x00000226675de110 DEOPT PACKING pc=0x0000022635fdddc4 sp=0x000000ebedbfc960
Event: 52.746 Thread 0x00000226675de110 DEOPT UNPACKING pc=0x00000226357569a3 sp=0x000000ebedbfc918 mode 2
Event: 52.903 Thread 0x0000022665a6b090 Uncommon trap: trap_request=0xffffff45 fr.pc=0x0000022635d12ec4 relative=0x0000000000000964
Event: 52.903 Thread 0x0000022665a6b090 Uncommon trap: reason=unstable_if action=reinterpret pc=0x0000022635d12ec4 method=java.util.HashMap.resize()[Ljava/util/HashMap$Node; @ 203 c2
Event: 52.904 Thread 0x0000022665a6b090 DEOPT PACKING pc=0x0000022635d12ec4 sp=0x000000ebe9af5ca0
Event: 52.905 Thread 0x0000022665a6b090 DEOPT UNPACKING pc=0x00000226357569a3 sp=0x000000ebe9af5c30 mode 2
Event: 52.906 Thread 0x0000022665a6b090 Uncommon trap: trap_request=0xffffff45 fr.pc=0x0000022635fe6fa4 relative=0x00000000000023e4
Event: 52.906 Thread 0x0000022665a6b090 Uncommon trap: reason=unstable_if action=reinterpret pc=0x0000022635fe6fa4 method=java.util.HashMap.getNode(Ljava/lang/Object;)Ljava/util/HashMap$Node; @ 85 c2
Event: 52.906 Thread 0x0000022665a6b090 DEOPT PACKING pc=0x0000022635fe6fa4 sp=0x000000ebe9af5d30
Event: 52.906 Thread 0x0000022665a6b090 DEOPT UNPACKING pc=0x00000226357569a3 sp=0x000000ebe9af5c18 mode 2
Event: 52.906 Thread 0x0000022665a6b090 Uncommon trap: trap_request=0xffffff45 fr.pc=0x0000022635f0c5e0 relative=0x00000000000002c0
Event: 52.906 Thread 0x0000022665a6b090 Uncommon trap: reason=unstable_if action=reinterpret pc=0x0000022635f0c5e0 method=java.util.HashMap.getNode(Ljava/lang/Object;)Ljava/util/HashMap$Node; @ 85 c2
Event: 52.906 Thread 0x0000022665a6b090 DEOPT PACKING pc=0x0000022635f0c5e0 sp=0x000000ebe9af5ce0
Event: 52.906 Thread 0x0000022665a6b090 DEOPT UNPACKING pc=0x00000226357569a3 sp=0x000000ebe9af5c00 mode 2
Event: 52.906 Thread 0x0000022665a6b090 Uncommon trap: trap_request=0xffffff45 fr.pc=0x0000022635e785c8 relative=0x0000000000000228
Event: 52.906 Thread 0x0000022665a6b090 Uncommon trap: reason=unstable_if action=reinterpret pc=0x0000022635e785c8 method=java.util.HashMap.getNode(Ljava/lang/Object;)Ljava/util/HashMap$Node; @ 85 c2
Event: 52.906 Thread 0x0000022665a6b090 DEOPT PACKING pc=0x0000022635e785c8 sp=0x000000ebe9af5c80
Event: 52.906 Thread 0x0000022665a6b090 DEOPT UNPACKING pc=0x00000226357569a3 sp=0x000000ebe9af5c00 mode 2

Classes unloaded (0 events):
No events

Classes redefined (0 events):
No events

Internal exceptions (20 events):
Event: 52.335 Thread 0x0000022665a6b090 Exception <a 'java/lang/ClassNotFoundException'{0x0000000089848398}: org/gradle/internal/metaobject/ConfigureDelegateBeanInfo> (0x0000000089848398) 
thrown [s\src\hotspot\share\classfile\systemDictionary.cpp, line 256]
Event: 52.337 Thread 0x0000022665a6b090 Exception <a 'java/lang/ClassNotFoundException'{0x0000000089859900}: org/gradle/internal/metaobject/ConfigureDelegateCustomizer> (0x0000000089859900) 
thrown [s\src\hotspot\share\classfile\systemDictionary.cpp, line 256]
Event: 52.371 Thread 0x0000022665a6b090 Exception <a 'java/lang/ClassNotFoundException'{0x000000008989f9d8}: org/gradle/api/internal/initialization/DefaultScriptHandlerBeanInfo> (0x000000008989f9d8) 
thrown [s\src\hotspot\share\classfile\systemDictionary.cpp, line 256]
Event: 52.372 Thread 0x0000022665a6b090 Exception <a 'java/lang/ClassNotFoundException'{0x00000000898b1338}: org/gradle/api/internal/initialization/DefaultScriptHandlerCustomizer> (0x00000000898b1338) 
thrown [s\src\hotspot\share\classfile\systemDictionary.cpp, line 256]
Event: 52.468 Thread 0x0000022665a6b090 Exception <a 'java/lang/ClassNotFoundException'{0x00000000894c2598}: org/gradle/api/internal/artifacts/dsl/DefaultRepositoryHandler_DecoratedBeanInfo> (0x00000000894c2598) 
thrown [s\src\hotspot\share\classfile\systemDictionary.cpp, line 256]
Event: 52.470 Thread 0x0000022665a6b090 Exception <a 'java/lang/ClassNotFoundException'{0x00000000894da778}: org/gradle/api/internal/artifacts/dsl/DefaultRepositoryHandlerBeanInfo> (0x00000000894da778) 
thrown [s\src\hotspot\share\classfile\systemDictionary.cpp, line 256]
Event: 52.475 Thread 0x0000022665a6b090 Exception <a 'java/lang/ClassNotFoundException'{0x00000000894f3148}: org/gradle/api/internal/artifacts/DefaultArtifactRepositoryContainerBeanInfo> (0x00000000894f3148) 
thrown [s\src\hotspot\share\classfile\systemDictionary.cpp, line 256]
Event: 52.478 Thread 0x0000022665a6b090 Exception <a 'java/lang/ClassNotFoundException'{0x00000000893082c0}: org/gradle/api/internal/DefaultNamedDomainObjectListBeanInfo> (0x00000000893082c0) 
thrown [s\src\hotspot\share\classfile\systemDictionary.cpp, line 256]
Event: 52.481 Thread 0x0000022665a6b090 Exception <a 'java/lang/ClassNotFoundException'{0x000000008931d2e0}: org/gradle/api/internal/DefaultNamedDomainObjectCollectionBeanInfo> (0x000000008931d2e0) 
thrown [s\src\hotspot\share\classfile\systemDictionary.cpp, line 256]
Event: 52.482 Thread 0x0000022665a6b090 Exception <a 'java/lang/ClassNotFoundException'{0x0000000089332140}: org/gradle/api/internal/DefaultDomainObjectCollectionBeanInfo> (0x0000000089332140) 
thrown [s\src\hotspot\share\classfile\systemDictionary.cpp, line 256]
Event: 52.483 Thread 0x0000022665a6b090 Exception <a 'java/lang/ClassNotFoundException'{0x00000000893470d8}: org/gradle/api/internal/DefaultDomainObjectCollectionCustomizer> (0x00000000893470d8) 
thrown [s\src\hotspot\share\classfile\systemDictionary.cpp, line 256]
Event: 52.503 Thread 0x0000022665a6b090 Exception <a 'java/lang/ClassNotFoundException'{0x000000008937c478}: org/gradle/api/internal/DefaultNamedDomainObjectCollectionCustomizer> (0x000000008937c478) 
thrown [s\src\hotspot\share\classfile\systemDictionary.cpp, line 256]
Event: 52.523 Thread 0x0000022665a6b090 Exception <a 'java/lang/ClassNotFoundException'{0x00000000893b8e98}: org/gradle/api/internal/DefaultNamedDomainObjectListCustomizer> (0x00000000893b8e98) 
thrown [s\src\hotspot\share\classfile\systemDictionary.cpp, line 256]
Event: 52.535 Thread 0x0000022665a6b090 Exception <a 'java/lang/ClassNotFoundException'{0x00000000893ec398}: org/gradle/api/internal/artifacts/DefaultArtifactRepositoryContainerCustomizer> (0x00000000893ec398) 
thrown [s\src\hotspot\share\classfile\systemDictionary.cpp, line 256]
Event: 52.558 Thread 0x0000022665a6b090 Exception <a 'java/lang/ClassNotFoundException'{0x0000000089216d80}: org/gradle/api/internal/artifacts/dsl/DefaultRepositoryHandlerCustomizer> (0x0000000089216d80) 
thrown [s\src\hotspot\share\classfile\systemDictionary.cpp, line 256]
Event: 52.582 Thread 0x0000022665a6b090 Exception <a 'java/lang/ClassNotFoundException'{0x000000008924e9d8}: org/gradle/api/internal/artifacts/dsl/DefaultRepositoryHandler_DecoratedCustomizer> (0x000000008924e9d8) 
thrown [s\src\hotspot\share\classfile\systemDictionary.cpp, line 256]
Event: 52.640 Thread 0x0000022665a6b090 Exception <a 'java/lang/ClassNotFoundException'{0x00000000892e0418}: org/gradle/api/internal/artifacts/dsl/dependencies/DefaultDependencyHandler_DecoratedBeanInfo> (0x00000000892e0418) 
thrown [s\src\hotspot\share\classfile\systemDictionary.cpp, line 256]
Event: 52.649 Thread 0x0000022665a6b090 Exception <a 'java/lang/ClassNotFoundException'{0x00000000892f82e0}: org/gradle/api/internal/artifacts/dsl/dependencies/DefaultDependencyHandlerBeanInfo> (0x00000000892f82e0) 
thrown [s\src\hotspot\share\classfile\systemDictionary.cpp, line 256]
Event: 52.650 Thread 0x0000022665a6b090 Exception <a 'java/lang/ClassNotFoundException'{0x00000000891100e8}: org/gradle/api/internal/artifacts/dsl/dependencies/DefaultDependencyHandlerCustomizer> (0x00000000891100e8) 
thrown [s\src\hotspot\share\classfile\systemDictionary.cpp, line 256]
Event: 52.656 Thread 0x0000022665a6b090 Exception <a 'java/lang/ClassNotFoundException'{0x000000008914edb8}: org/gradle/api/internal/artifacts/dsl/dependencies/DefaultDependencyHandler_DecoratedCustomizer> (0x000000008914edb8) 
thrown [s\src\hotspot\share\classfile\systemDictionary.cpp, line 256]

VM Operations (20 events):
Event: 50.026 Executing VM operation: G1PauseRemark
Event: 50.030 Executing VM operation: G1PauseRemark done
Event: 50.041 Executing VM operation: G1PauseCleanup
Event: 50.041 Executing VM operation: G1PauseCleanup done
Event: 50.584 Executing VM operation: G1CollectForAllocation
Event: 50.589 Executing VM operation: G1CollectForAllocation done
Event: 50.627 Executing VM operation: G1CollectForAllocation
Event: 50.631 Executing VM operation: G1CollectForAllocation done
Event: 51.348 Executing VM operation: HandshakeAllThreads
Event: 51.349 Executing VM operation: HandshakeAllThreads done
Event: 51.380 Executing VM operation: G1CollectForAllocation
Event: 51.385 Executing VM operation: G1CollectForAllocation done
Event: 51.407 Executing VM operation: G1PauseRemark
Event: 51.441 Executing VM operation: G1PauseRemark done
Event: 51.452 Executing VM operation: G1PauseCleanup
Event: 51.453 Executing VM operation: G1PauseCleanup done
Event: 52.467 Executing VM operation: Cleanup
Event: 52.469 Executing VM operation: Cleanup done
Event: 52.745 Executing VM operation: HandshakeAllThreads
Event: 52.745 Executing VM operation: HandshakeAllThreads done

Events (20 events):
Event: 47.742 loading class java/lang/Byte$ByteCache done
Event: 47.863 loading class java/util/regex/Pattern$SliceI
Event: 47.863 loading class java/util/regex/Pattern$SliceI done
Event: 50.964 loading class jdk/internal/loader/URLClassPath$FileLoader
Event: 50.965 loading class jdk/internal/loader/URLClassPath$FileLoader done
Event: 50.971 loading class jdk/internal/loader/URLClassPath$FileLoader$1
Event: 50.971 loading class jdk/internal/loader/URLClassPath$FileLoader$1 done
Event: 51.536 loading class java/lang/AbstractMethodError
Event: 51.537 loading class java/lang/AbstractMethodError done
Event: 51.665 loading class java/time/temporal/WeekFields
Event: 51.666 loading class java/time/temporal/WeekFields done
Event: 51.672 loading class java/time/temporal/WeekFields$ComputedDayOfField
Event: 51.673 loading class java/time/temporal/WeekFields$ComputedDayOfField done
Event: 51.682 loading class java/time/Month$1
Event: 51.682 loading class java/time/Month$1 done
Event: 51.687 loading class java/nio/channels/Channels
Event: 51.687 loading class java/nio/channels/Channels done
Event: 51.687 loading class java/nio/channels/Channels$1
Event: 51.688 loading class java/nio/channels/Channels$1 done
Event: 52.706 Thread 0x00000226675d8b00 Thread added: 0x00000226675d8b00


Dynamic libraries:
0x00007ff753e80000 - 0x00007ff753e8e000 	C:\Program Files\Microsoft\jdk-17.0.10.7-hotspot\bin\java.exe
0x00007ff82a490000 - 0x00007ff82a6a7000 	C:\windows\SYSTEM32\ntdll.dll
0x00007ff828ff0000 - 0x00007ff8290b4000 	C:\windows\System32\KERNEL32.DLL
0x00007ff827960000 - 0x00007ff827d0c000 	C:\windows\System32\KERNELBASE.dll
0x00007ff827e20000 - 0x00007ff827f31000 	C:\windows\System32\ucrtbase.dll
0x00007fffdfea0000 - 0x00007fffdfeb7000 	C:\Program Files\Microsoft\jdk-17.0.10.7-hotspot\bin\jli.dll
0x00007ff829870000 - 0x00007ff829a1e000 	C:\windows\System32\USER32.dll
0x00007ff828030000 - 0x00007ff828056000 	C:\windows\System32\win32u.dll
0x00007ff82a420000 - 0x00007ff82a449000 	C:\windows\System32\GDI32.dll
0x00007ff8277c0000 - 0x00007ff8278d9000 	C:\windows\System32\gdi32full.dll
0x00007ff827d10000 - 0x00007ff827daa000 	C:\windows\System32\msvcp_win.dll
0x00007fffdf090000 - 0x00007fffdf0ab000 	C:\Program Files\Microsoft\jdk-17.0.10.7-hotspot\bin\VCRUNTIME140.dll
0x00007ff807ba0000 - 0x00007ff807e33000 	C:\windows\WinSxS\amd64_microsoft.windows.common-controls_6595b64144ccf1df_6.0.22621.3672_none_2713b9d173822955\COMCTL32.dll
0x00007ff829a20000 - 0x00007ff829ac7000 	C:\windows\System32\msvcrt.dll
0x00007ff8284a0000 - 0x00007ff8284d1000 	C:\windows\System32\IMM32.DLL
0x00007ff806ba0000 - 0x00007ff806bac000 	C:\Program Files\Microsoft\jdk-17.0.10.7-hotspot\bin\vcruntime140_1.dll
0x00007fffc9970000 - 0x00007fffc99fd000 	C:\Program Files\Microsoft\jdk-17.0.10.7-hotspot\bin\msvcp140.dll
0x00007fff984a0000 - 0x00007fff99105000 	C:\Program Files\Microsoft\jdk-17.0.10.7-hotspot\bin\server\jvm.dll
0x00007ff8292d0000 - 0x00007ff829382000 	C:\windows\System32\ADVAPI32.dll
0x00007ff828c70000 - 0x00007ff828d1a000 	C:\windows\System32\sechost.dll
0x00007ff828000000 - 0x00007ff828028000 	C:\windows\System32\bcrypt.dll
0x00007ff828ed0000 - 0x00007ff828fe5000 	C:\windows\System32\RPCRT4.dll
0x00007ff826630000 - 0x00007ff82667d000 	C:\windows\SYSTEM32\POWRPROF.dll
0x00007ffff33a0000 - 0x00007ffff33a9000 	C:\windows\SYSTEM32\WSOCK32.dll
0x00007ff82a3a0000 - 0x00007ff82a411000 	C:\windows\System32\WS2_32.dll
0x00007ff821330000 - 0x00007ff821364000 	C:\windows\SYSTEM32\WINMM.dll
0x00007ff81e3d0000 - 0x00007ff81e3da000 	C:\windows\SYSTEM32\VERSION.dll
0x00007ff826610000 - 0x00007ff826623000 	C:\windows\SYSTEM32\UMPDC.dll
0x00007ff8268e0000 - 0x00007ff8268f8000 	C:\windows\SYSTEM32\kernel.appcore.dll
0x00007ff8062c0000 - 0x00007ff8062ca000 	C:\Program Files\Microsoft\jdk-17.0.10.7-hotspot\bin\jimage.dll
0x00007ff824fb0000 - 0x00007ff8251e2000 	C:\windows\SYSTEM32\DBGHELP.DLL
0x00007ff828780000 - 0x00007ff828b08000 	C:\windows\System32\combase.dll
0x00007ff8286a0000 - 0x00007ff828777000 	C:\windows\System32\OLEAUT32.dll
0x00007ff8131c0000 - 0x00007ff8131f2000 	C:\windows\SYSTEM32\dbgcore.DLL
0x00007ff8278e0000 - 0x00007ff82795b000 	C:\windows\System32\bcryptPrimitives.dll
0x00007fffde020000 - 0x00007fffde045000 	C:\Program Files\Microsoft\jdk-17.0.10.7-hotspot\bin\java.dll
0x00007fffa45e0000 - 0x00007fffa46b7000 	C:\Program Files\Microsoft\jdk-17.0.10.7-hotspot\bin\jsvml.dll
0x00007ff829ad0000 - 0x00007ff82a32c000 	C:\windows\System32\SHELL32.dll
0x00007ff8256d0000 - 0x00007ff825fc7000 	C:\windows\SYSTEM32\windows.storage.dll
0x00007ff825590000 - 0x00007ff8256cf000 	C:\windows\SYSTEM32\wintypes.dll
0x00007ff8290c0000 - 0x00007ff8291b4000 	C:\windows\System32\SHCORE.dll
0x00007ff8284e0000 - 0x00007ff82853e000 	C:\windows\System32\shlwapi.dll
0x00007ff8276f0000 - 0x00007ff827711000 	C:\windows\SYSTEM32\profapi.dll
0x00007fffdf070000 - 0x00007fffdf089000 	C:\Program Files\Microsoft\jdk-17.0.10.7-hotspot\bin\net.dll
0x00007ff823190000 - 0x00007ff8232c6000 	C:\windows\SYSTEM32\WINHTTP.dll
0x00007ff826d50000 - 0x00007ff826db9000 	C:\windows\system32\mswsock.dll
0x00007fffd8780000 - 0x00007fffd8796000 	C:\Program Files\Microsoft\jdk-17.0.10.7-hotspot\bin\nio.dll
0x00007fffd8760000 - 0x00007fffd8778000 	C:\Program Files\Microsoft\jdk-17.0.10.7-hotspot\bin\zip.dll
0x00007ff8030d0000 - 0x00007ff8030e0000 	C:\Program Files\Microsoft\jdk-17.0.10.7-hotspot\bin\verify.dll
0x00007fffcca90000 - 0x00007fffccab7000 	C:\Users\Prem Chakankar\.gradle\native\68d5fa5c4cc2d200863cafc0d521ce42e7d3e7ee720ec0a83991735586a16f82\windows-amd64\native-platform.dll
0x00007fffa2070000 - 0x00007fffa21b4000 	C:\Users\Prem Chakankar\.gradle\native\e376f236ea51e6404a007f0833ffe2c6e607c4080706a723a18a27aeea778392\windows-amd64\native-platform-file-events.dll
0x00007ff801750000 - 0x00007ff801759000 	C:\Program Files\Microsoft\jdk-17.0.10.7-hotspot\bin\management.dll
0x00007ff8015a0000 - 0x00007ff8015ab000 	C:\Program Files\Microsoft\jdk-17.0.10.7-hotspot\bin\management_ext.dll
0x00007ff828490000 - 0x00007ff828498000 	C:\windows\System32\PSAPI.DLL
0x00007ff826fc0000 - 0x00007ff826fdb000 	C:\windows\SYSTEM32\CRYPTSP.dll
0x00007ff826820000 - 0x00007ff826855000 	C:\windows\system32\rsaenh.dll
0x00007ff826e50000 - 0x00007ff826e78000 	C:\windows\SYSTEM32\USERENV.dll
0x00007ff826fb0000 - 0x00007ff826fbc000 	C:\windows\SYSTEM32\CRYPTBASE.dll
0x00007ff826230000 - 0x00007ff82625d000 	C:\windows\SYSTEM32\IPHLPAPI.DLL
0x00007ff828690000 - 0x00007ff828699000 	C:\windows\System32\NSI.dll
0x00007ff822fb0000 - 0x00007ff822fc9000 	C:\windows\SYSTEM32\dhcpcsvc6.DLL
0x00007ff822d10000 - 0x00007ff822d2f000 	C:\windows\SYSTEM32\dhcpcsvc.DLL
0x00007ff826260000 - 0x00007ff826358000 	C:\windows\SYSTEM32\DNSAPI.dll
0x00007ff8014e0000 - 0x00007ff8014e9000 	C:\Program Files\Microsoft\jdk-17.0.10.7-hotspot\bin\extnet.dll
0x00007ffff9920000 - 0x00007ffff992e000 	C:\Program Files\Microsoft\jdk-17.0.10.7-hotspot\bin\sunmscapi.dll
0x00007ff828060000 - 0x00007ff8281c7000 	C:\windows\System32\CRYPT32.dll
0x00007ff827170000 - 0x00007ff82719e000 	C:\windows\SYSTEM32\ncrypt.dll
0x00007ff827130000 - 0x00007ff827167000 	C:\windows\SYSTEM32\NTASN1.dll
0x00007fffe3390000 - 0x00007fffe3398000 	C:\windows\system32\wshunix.dll

dbghelp: loaded successfully - version: 4.0.5 - missing functions: none
symbol engine: initialized successfully - sym options: 0x614 - pdb path: .;C:\Program Files\Microsoft\jdk-17.0.10.7-hotspot\bin;C:\windows\SYSTEM32;C:\windows\WinSxS\amd64_microsoft.windows.common-controls_6595b64144ccf1df_6.0.22621.3672_none_2713b9d173822955;C:\Program Files\Microsoft\jdk-17.0.10.7-hotspot\bin\server;C:\Users\Prem Chakankar\.gradle\native\68d5fa5c4cc2d200863cafc0d521ce42e7d3e7ee720ec0a83991735586a16f82\windows-amd64;C:\Users\Prem Chakankar\.gradle\native\e376f236ea51e6404a007f0833ffe2c6e607c4080706a723a18a27aeea778392\windows-amd64

VM Arguments:
jvm_args: -XX:MaxMetaspaceSize=512m --add-opens=java.base/java.util=ALL-UNNAMED --add-opens=java.base/java.lang=ALL-UNNAMED --add-opens=java.base/java.lang.invoke=ALL-UNNAMED --add-opens=java.prefs/java.util.prefs=ALL-UNNAMED --add-opens=java.base/java.nio.charset=ALL-UNNAMED --add-opens=java.base/java.net=ALL-UNNAMED --add-opens=java.base/java.util.concurrent.atomic=ALL-UNNAMED -Xmx2048m -Dfile.encoding=windows-1252 -Duser.country=IN -Duser.language=en -Duser.variant 
java_command: org.gradle.launcher.daemon.bootstrap.GradleDaemon 8.0.1
java_class_path (initial): C:\Users\Prem Chakankar\.gradle\wrapper\dists\gradle-8.0.1-all\aro4hu1c3oeioove7l0i4i14o\gradle-8.0.1\lib\gradle-launcher-8.0.1.jar
Launcher Type: SUN_STANDARD

[Global flags]
     intx CICompilerCount                          = 4                                         {product} {ergonomic}
   size_t CompressedClassSpaceSize                 = 436207616                                 {product} {ergonomic}
     uint ConcGCThreads                            = 3                                         {product} {ergonomic}
     uint G1ConcRefinementThreads                  = 10                                        {product} {ergonomic}
   size_t G1HeapRegionSize                         = 1048576                                   {product} {ergonomic}
    uintx GCDrainStackTargetSize                   = 64                                        {product} {ergonomic}
   size_t InitialHeapSize                          = 130023424                                 {product} {ergonomic}
   size_t MarkStackSize                            = 4194304                                   {product} {ergonomic}
   size_t MaxHeapSize                              = 2147483648                                {product} {command line}
   size_t MaxMetaspaceSize                         = 536870912                                 {product} {command line}
   size_t MaxNewSize                               = 1287651328                                {product} {ergonomic}
   size_t MinHeapDeltaBytes                        = 1048576                                   {product} {ergonomic}
   size_t MinHeapSize                              = 8388608                                   {product} {ergonomic}
    uintx NonNMethodCodeHeapSize                   = 5839372                                {pd product} {ergonomic}
    uintx NonProfiledCodeHeapSize                  = 122909434                              {pd product} {ergonomic}
    uintx ProfiledCodeHeapSize                     = 122909434                              {pd product} {ergonomic}
    uintx ReservedCodeCacheSize                    = 251658240                              {pd product} {ergonomic}
     bool SegmentedCodeCache                       = true                                      {product} {ergonomic}
   size_t SoftMaxHeapSize                          = 2147483648                             {manageable} {ergonomic}
     bool UseCompressedClassPointers               = true                           {product lp64_product} {ergonomic}
     bool UseCompressedOops                        = true                           {product lp64_product} {ergonomic}
     bool UseG1GC                                  = true                                      {product} {ergonomic}
     bool UseLargePagesIndividualAllocation        = false                                  {pd product} {ergonomic}

Logging:
Log output configuration:
 #0: stdout all=warning uptime,level,tags
 #1: stderr all=off uptime,level,tags

Environment Variables:
JAVA_HOME=C:\Program Files\Microsoft\jdk-17.0.10.7-hotspot\
CLASSPATH=D:\LOS APPLICATION\los\LOS_App\android\\gradle\wrapper\gradle-wrapper.jar
PATH=D:\LOS APPLICATION\los\LOS_App\node_modules\.bin;D:\LOS APPLICATION\los\LOS_App\node_modules\.bin;D:\LOS APPLICATION\los\node_modules\.bin;D:\LOS APPLICATION\node_modules\.bin;D:\node_modules\.bin;C:\Program Files\nodejs\node_modules\npm\node_modules\@npmcli\run-script\lib\node-gyp-bin;D:\LOS APPLICATION\los\LOS_App\node_modules\.bin;D:\LOS APPLICATION\los\node_modules\.bin;D:\LOS APPLICATION\node_modules\.bin;D:\node_modules\.bin;C:\Program Files\nodejs\node_modules\npm\node_modules\@npmcli\run-script\lib\node-gyp-bin;C:\Program Files\Microsoft\jdk-17.0.10.7-hotspot\bin;C:\Oracle\product\21c\dbhomeXE\bin;C:\Program Files\Common Files\Oracle\Java\javapath;C:\Python311\Scripts\;C:\Python311\;C:\windows\system32;C:\windows;C:\windows\System32\Wbem;C:\windows\System32\WindowsPowerShell\v1.0\;C:\windows\System32\OpenSSH\;C:\Program Files (x86)\NVIDIA Corporation\PhysX\Common;C:\Program Files\NVIDIA Corporation\NVIDIA NvDLISR;C:\ProgramData\chocolatey\bin;C:\mongosh-1.10.6-win32-x64\bin;C:\Program Files\Git\cmd;C:\apache-maven-3.9.6\bin;C:\Program Files\HP\HP One Agent;C:\Program Files\nodejs\;C:\Users\Prem Chakankar\AppData\Local\Android\Sdk\platform-tools;C:\Users\Prem Chakankar\AppData\Local\Android\Sdk\tools;C:\Users\Prem Chakankar\AppData\Local\Microsoft\WindowsApps;C:\Users\Prem Chakankar\AppData\Local\Programs\Microsoft VS Code\bin;C:\mongosh-1.10.6-win32-x64\bin;C:\Users\Prem Chakankar\AppData\Roaming\npm;C:\Users\Prem Chakankar\AppData\Local\Android\Sdk;
USERNAME=Prem Chakankar
LANG=en_US.UTF-8
OS=Windows_NT
PROCESSOR_IDENTIFIER=Intel64 Family 6 Model 154 Stepping 3, GenuineIntel
TMP=C:\Users\PREMCH~1\AppData\Local\Temp
TEMP=C:\Users\PREMCH~1\AppData\Local\Temp



Periodic native trim disabled


---------------  S Y S T E M  ---------------

OS:
 Windows 11 , 64 bit Build 22621 (10.0.22621.3672)
OS uptime: 0 days 1:39 hours
Hyper-V role detected

CPU: total 12 (initial active 12) (6 cores per cpu, 2 threads per core) family 6 model 154 stepping 3 microcode 0x42c, cx8, cmov, fxsr, ht, mmx, 3dnowpref, sse, sse2, sse3, ssse3, sse4.1, sse4.2, popcnt, lzcnt, tsc, tscinvbit, avx, avx2, aes, erms, clmul, bmi1, bmi2, adx, sha, fma, vzeroupper, clflush, clflushopt, clwb, hv
Processor Information for processor 0
  Max Mhz: 2000, Current Mhz: 2000, Mhz Limit: 2000
Processor Information for processor 1
  Max Mhz: 2000, Current Mhz: 2000, Mhz Limit: 2000
Processor Information for processor 2
  Max Mhz: 2000, Current Mhz: 2000, Mhz Limit: 2000
Processor Information for processor 3
  Max Mhz: 2000, Current Mhz: 2000, Mhz Limit: 2000
Processor Information for processor 4
  Max Mhz: 2000, Current Mhz: 2000, Mhz Limit: 2000
Processor Information for processor 5
  Max Mhz: 2000, Current Mhz: 2000, Mhz Limit: 2000
Processor Information for processor 6
  Max Mhz: 2000, Current Mhz: 2000, Mhz Limit: 2000
Processor Information for processor 7
  Max Mhz: 2000, Current Mhz: 2000, Mhz Limit: 2000
Processor Information for processor 8
  Max Mhz: 2000, Current Mhz: 1500, Mhz Limit: 1500
Processor Information for processor 9
  Max Mhz: 2000, Current Mhz: 1500, Mhz Limit: 1500
Processor Information for processor 10
  Max Mhz: 2000, Current Mhz: 1500, Mhz Limit: 1500
Processor Information for processor 11
  Max Mhz: 2000, Current Mhz: 1500, Mhz Limit: 1500

Memory: 4k page, system-wide physical 7860M (14M free)
TotalPageFile size 25360M (AvailPageFile size 0M)
current process WorkingSet (physical memory assigned to process): 221M, peak: 234M
current process commit charge ("private bytes"): 386M, peak: 387M

vm_info: OpenJDK 64-Bit Server VM (17.0.10+7-LTS) for windows-amd64 JRE (17.0.10+7-LTS), built on Jan 10 2024 19:47:12 by "MicrosoftCorporation" with MS VC++ 16.10 / 16.11 (VS2019)

END.
