#
# There is insufficient memory for the Java Runtime Environment to continue.
# Native memory allocation (malloc) failed to allocate 167744 bytes for Chunk::new
# Possible reasons:
#   The system is out of physical RAM or swap space
#   The process is running with CompressedOops enabled, and the Java Heap may be blocking the growth of the native heap
# Possible solutions:
#   Reduce memory load on the system
#   Increase physical memory or swap space
#   Check if swap backing store is full
#   Decrease Java heap size (-Xmx/-Xms)
#   Decrease number of Java threads
#   Decrease Java thread stack sizes (-Xss)
#   Set larger code cache with -XX:ReservedCodeCacheSize=
#   JVM is running with Unscaled Compressed Oops mode in which the Java heap is
#     placed in the first 4GB address space. The Java Heap base address is the
#     maximum limit for the native heap growth. Please use -XX:HeapBaseMinAddress
#     to set the Java Heap base and to place the Java Heap above 4GB virtual address.
# This output file may be truncated or incomplete.
#
#  Out of Memory Error (arena.cpp:191), pid=23020, tid=25268
#
# JRE version: OpenJDK Runtime Environment Microsoft-8902769 (17.0.10+7) (build 17.0.10+7-LTS)
# Java VM: OpenJDK 64-Bit Server VM Microsoft-8902769 (17.0.10+7-LTS, mixed mode, sharing, tiered, compressed oops, compressed class ptrs, g1 gc, windows-amd64)
# No core dump will be written. Minidumps are not enabled by default on client versions of Windows
#

---------------  S U M M A R Y ------------

Command Line: -XX:MaxMetaspaceSize=512m --add-opens=java.base/java.util=ALL-UNNAMED --add-opens=java.base/java.lang=ALL-UNNAMED --add-opens=java.base/java.lang.invoke=ALL-UNNAMED --add-opens=java.prefs/java.util.prefs=ALL-UNNAMED --add-opens=java.base/java.nio.charset=ALL-UNNAMED --add-opens=java.base/java.net=ALL-UNNAMED --add-opens=java.base/java.util.concurrent.atomic=ALL-UNNAMED -Xmx2048m -Dfile.encoding=windows-1252 -Duser.country=IN -Duser.language=en -Duser.variant org.gradle.launcher.daemon.bootstrap.GradleDaemon 8.0.1

Host: 12th Gen Intel(R) Core(TM) i5-12450H, 12 cores, 7G,  Windows 11 , 64 bit Build 22621 (10.0.22621.3672)
Time: Tue Jun 25 12:39:06 2024 India Standard Time elapsed time: 54.063383 seconds (0d 0h 0m 54s)

---------------  T H R E A D  ---------------

Current thread (0x0000027a114ee740):  JavaThread "C2 CompilerThread0" daemon [_thread_in_native, id=25268, stack(0x000000f135e00000,0x000000f135f00000)]


Current CompileTask:
C2:  54063 8010       4       com.google.common.collect.ImmutableSet$RegularSetBuilderImpl::ensureTableCapacity (89 bytes)

Stack: [0x000000f135e00000,0x000000f135f00000]
Native frames: (J=compiled Java code, j=interpreted, Vv=VM code, C=native code)
V  [jvm.dll+0x67f829]
V  [jvm.dll+0x83750a]
V  [jvm.dll+0x838fce]
V  [jvm.dll+0x839633]
V  [jvm.dll+0x247cbf]
V  [jvm.dll+0xac524]
V  [jvm.dll+0xacb6c]
V  [jvm.dll+0x368cf7]
V  [jvm.dll+0x33311a]
V  [jvm.dll+0x3325ba]
V  [jvm.dll+0x21a401]
V  [jvm.dll+0x219821]
V  [jvm.dll+0x1a5176]
V  [jvm.dll+0x22957e]
V  [jvm.dll+0x22774c]
V  [jvm.dll+0x7ec5d7]
V  [jvm.dll+0x7e69da]
V  [jvm.dll+0x67e715]
C  [ucrtbase.dll+0x29333]
C  [KERNEL32.DLL+0x1257d]
C  [ntdll.dll+0x5af28]


---------------  P R O C E S S  ---------------

Threads class SMR info:
_java_thread_list=0x0000027a33d2d180, length=94, elements={
0x0000027a72c23e50, 0x0000027a114cd660, 0x0000027a114ce4e0, 0x0000027a114e66c0,
0x0000027a114e8200, 0x0000027a114eafd0, 0x0000027a114ed9a0, 0x0000027a114ee740,
0x0000027a114ef800, 0x0000027a114f0a20, 0x0000027a117367e0, 0x0000027a1173b8f0,
0x0000027a3214baf0, 0x0000027a325720b0, 0x0000027a32583470, 0x0000027a31b1e1e0,
0x0000027a118e5b40, 0x0000027a31aee5e0, 0x0000027a315c8650, 0x0000027a315c67f0,
0x0000027a315c8140, 0x0000027a315c7210, 0x0000027a315c58c0, 0x0000027a315c5dd0,
0x0000027a315c62e0, 0x0000027a315c7720, 0x0000027a32f9e5b0, 0x0000027a32f9e0a0,
0x0000027a32fa0e30, 0x0000027a32fa0920, 0x0000027a32f9eac0, 0x0000027a32fa0410,
0x0000027a32fa31a0, 0x0000027a32fa36b0, 0x0000027a32f9f9f0, 0x0000027a32f9db90,
0x0000027a32fa2270, 0x0000027a32fa2c90, 0x0000027a32fa1850, 0x0000027a32fa1d60,
0x0000027a32fa3bc0, 0x0000027a32b063c0, 0x0000027a32b059a0, 0x0000027a32b03b40,
0x0000027a32b0afb0, 0x0000027a32b07800, 0x0000027a32b04a70, 0x0000027a32b0a590,
0x0000027a32b0b4c0, 0x0000027a32b08730, 0x0000027a32b05490, 0x0000027a32b05eb0,
0x0000027a32b068d0, 0x0000027a32b07d10, 0x0000027a32b06de0, 0x0000027a32b072f0,
0x0000027a32b08220, 0x0000027a32b08c40, 0x0000027a32b04050, 0x0000027a32b09150,
0x0000027a32b09660, 0x0000027a32b09b70, 0x0000027a32b0a080, 0x0000027a32b04560,
0x0000027a33ee9e10, 0x0000027a33eeb250, 0x0000027a33eead40, 0x0000027a33ee4d10,
0x0000027a33ee6150, 0x0000027a33ee5c40, 0x0000027a33ee5220, 0x0000027a33ee9900,
0x0000027a33ee7590, 0x0000027a33ee42f0, 0x0000027a33ee6660, 0x0000027a33ee5730,
0x0000027a33ee6b70, 0x0000027a33ee8ee0, 0x0000027a33ee93f0, 0x0000027a33ee3de0,
0x0000027a33eea320, 0x0000027a33eea830, 0x0000027a33eeb760, 0x0000027a33ee4800,
0x0000027a315c53b0, 0x0000027a315c6d00, 0x0000027a315c7c30, 0x0000027a32f9d680,
0x0000027a32c88ef0, 0x0000027a32c8b260, 0x0000027a32c8c6a0, 0x0000027a32c8ad50,
0x0000027a32c8dff0, 0x0000027a32c87ab0
}

Java Threads: ( => current thread )
  0x0000027a72c23e50 JavaThread "main" [_thread_blocked, id=15120, stack(0x000000f135100000,0x000000f135200000)]
  0x0000027a114cd660 JavaThread "Reference Handler" daemon [_thread_blocked, id=22240, stack(0x000000f135800000,0x000000f135900000)]
  0x0000027a114ce4e0 JavaThread "Finalizer" daemon [_thread_blocked, id=23044, stack(0x000000f135900000,0x000000f135a00000)]
  0x0000027a114e66c0 JavaThread "Signal Dispatcher" daemon [_thread_blocked, id=23460, stack(0x000000f135a00000,0x000000f135b00000)]
  0x0000027a114e8200 JavaThread "Attach Listener" daemon [_thread_blocked, id=17516, stack(0x000000f135b00000,0x000000f135c00000)]
  0x0000027a114eafd0 JavaThread "Service Thread" daemon [_thread_blocked, id=18388, stack(0x000000f135c00000,0x000000f135d00000)]
  0x0000027a114ed9a0 JavaThread "Monitor Deflation Thread" daemon [_thread_blocked, id=21100, stack(0x000000f135d00000,0x000000f135e00000)]
=>0x0000027a114ee740 JavaThread "C2 CompilerThread0" daemon [_thread_in_native, id=25268, stack(0x000000f135e00000,0x000000f135f00000)]
  0x0000027a114ef800 JavaThread "C1 CompilerThread0" daemon [_thread_blocked, id=21552, stack(0x000000f135f00000,0x000000f136000000)]
  0x0000027a114f0a20 JavaThread "Sweeper thread" daemon [_thread_blocked, id=26360, stack(0x000000f136000000,0x000000f136100000)]
  0x0000027a117367e0 JavaThread "Common-Cleaner" daemon [_thread_blocked, id=22392, stack(0x000000f136100000,0x000000f136200000)]
  0x0000027a1173b8f0 JavaThread "Notification Thread" daemon [_thread_blocked, id=25432, stack(0x000000f136200000,0x000000f136300000)]
  0x0000027a3214baf0 JavaThread "Daemon health stats" [_thread_blocked, id=7080, stack(0x000000f136800000,0x000000f136900000)]
  0x0000027a325720b0 JavaThread "Incoming local TCP Connector on port 52057" [_thread_in_native, id=24248, stack(0x000000f136900000,0x000000f136a00000)]
  0x0000027a32583470 JavaThread "Daemon periodic checks" [_thread_blocked, id=26508, stack(0x000000f136a00000,0x000000f136b00000)]
  0x0000027a31b1e1e0 JavaThread "Daemon" [_thread_blocked, id=23016, stack(0x000000f136b00000,0x000000f136c00000)]
  0x0000027a118e5b40 JavaThread "Handler for socket connection from /127.0.0.1:52057 to /127.0.0.1:52058" [_thread_in_native, id=24480, stack(0x000000f136c00000,0x000000f136d00000)]
  0x0000027a31aee5e0 JavaThread "Cancel handler" [_thread_blocked, id=23592, stack(0x000000f136d00000,0x000000f136e00000)]
  0x0000027a315c8650 JavaThread "Daemon worker" [_thread_blocked, id=22128, stack(0x000000f136e00000,0x000000f136f00000)]
  0x0000027a315c67f0 JavaThread "Asynchronous log dispatcher for DefaultDaemonConnection: socket connection from /127.0.0.1:52057 to /127.0.0.1:52058" [_thread_blocked, id=18964, stack(0x000000f136f00000,0x000000f137000000)]
  0x0000027a315c8140 JavaThread "Stdin handler" [_thread_blocked, id=20600, stack(0x000000f137000000,0x000000f137100000)]
  0x0000027a315c7210 JavaThread "Daemon client event forwarder" [_thread_blocked, id=26336, stack(0x000000f137100000,0x000000f137200000)]
  0x0000027a315c58c0 JavaThread "Cache worker for journal cache (C:\Users\Prem Chakankar\.gradle\caches\journal-1)" [_thread_blocked, id=21176, stack(0x000000f137200000,0x000000f137300000)]
  0x0000027a315c5dd0 JavaThread "File lock request listener" [_thread_in_native, id=26448, stack(0x000000f137300000,0x000000f137400000)]
  0x0000027a315c62e0 JavaThread "File lock release action executor" [_thread_blocked, id=10184, stack(0x000000f137400000,0x000000f137500000)]
  0x0000027a315c7720 JavaThread "Cache worker for file hash cache (C:\Users\Prem Chakankar\.gradle\caches\8.0.1\fileHashes)" [_thread_blocked, id=23068, stack(0x000000f137500000,0x000000f137600000)]
  0x0000027a32f9e5b0 JavaThread "File watcher server" daemon [_thread_in_native, id=18944, stack(0x000000f137b00000,0x000000f137c00000)]
  0x0000027a32f9e0a0 JavaThread "File watcher consumer" daemon [_thread_blocked, id=4032, stack(0x000000f137c00000,0x000000f137d00000)]
  0x0000027a32fa0e30 JavaThread "Cache worker for checksums cache (D:\LOS APPLICATION\los\LOS_App\android\.gradle\8.0.1\checksums)" [_thread_blocked, id=24388, stack(0x000000f137d00000,0x000000f137e00000)]
  0x0000027a32fa0920 JavaThread "Cache worker for cache directory md-rule (C:\Users\Prem Chakankar\.gradle\caches\8.0.1\md-rule)" [_thread_blocked, id=18984, stack(0x000000f137e00000,0x000000f137f00000)]
  0x0000027a32f9eac0 JavaThread "Cache worker for file content cache (C:\Users\Prem Chakankar\.gradle\caches\8.0.1\fileContent)" [_thread_blocked, id=22608, stack(0x000000f137f00000,0x000000f138000000)]
  0x0000027a32fa0410 JavaThread "Cache worker for file hash cache (D:\LOS APPLICATION\los\LOS_App\android\.gradle\8.0.1\fileHashes)" [_thread_blocked, id=18804, stack(0x000000f138000000,0x000000f138100000)]
  0x0000027a32fa31a0 JavaThread "Cache worker for cache directory md-supplier (C:\Users\Prem Chakankar\.gradle\caches\8.0.1\md-supplier)" [_thread_blocked, id=22876, stack(0x000000f138300000,0x000000f138400000)]
  0x0000027a32fa36b0 JavaThread "Cache worker for execution history cache (C:\Users\Prem Chakankar\.gradle\caches\8.0.1\executionHistory)" [_thread_blocked, id=25264, stack(0x000000f138400000,0x000000f138500000)]
  0x0000027a32f9f9f0 JavaThread "jar transforms" [_thread_blocked, id=25212, stack(0x000000f138500000,0x000000f138600000)]
  0x0000027a32f9db90 JavaThread "jar transforms Thread 2" [_thread_blocked, id=24176, stack(0x000000f138600000,0x000000f138700000)]
  0x0000027a32fa2270 JavaThread "jar transforms Thread 3" [_thread_blocked, id=7416, stack(0x000000f138700000,0x000000f138800000)]
  0x0000027a32fa2c90 JavaThread "jar transforms Thread 4" [_thread_blocked, id=8748, stack(0x000000f138800000,0x000000f138900000)]
  0x0000027a32fa1850 JavaThread "Cache worker for kotlin-dsl (C:\Users\Prem Chakankar\.gradle\caches\8.0.1\kotlin-dsl)" [_thread_blocked, id=17356, stack(0x000000f138a00000,0x000000f138b00000)]
  0x0000027a32fa1d60 JavaThread "jar transforms Thread 5" [_thread_blocked, id=6776, stack(0x000000f138b00000,0x000000f138c00000)]
  0x0000027a32fa3bc0 JavaThread "jar transforms Thread 6" [_thread_blocked, id=24124, stack(0x000000f138900000,0x000000f138a00000)]
  0x0000027a32b063c0 JavaThread "Cache worker for dependencies-accessors (D:\LOS APPLICATION\los\LOS_App\android\.gradle\8.0.1\dependencies-accessors)" [_thread_blocked, id=19872, stack(0x000000f138c00000,0x000000f138d00000)]
  0x0000027a32b059a0 JavaThread "Cache worker for Build Output Cleanup Cache (D:\LOS APPLICATION\los\LOS_App\node_modules\@react-native\gradle-plugin\.gradle\buildOutputCleanup)" [_thread_blocked, id=23596, stack(0x000000f138e00000,0x000000f138f00000)]
  0x0000027a32b03b40 JavaThread "jar transforms Thread 7" [_thread_blocked, id=17200, stack(0x000000f139000000,0x000000f139100000)]
  0x0000027a32b0afb0 JavaThread "Unconstrained build operations" [_thread_blocked, id=1360, stack(0x000000f139100000,0x000000f139200000)]
  0x0000027a32b07800 JavaThread "Unconstrained build operations Thread 2" [_thread_blocked, id=9992, stack(0x000000f139200000,0x000000f139300000)]
  0x0000027a32b04a70 JavaThread "Unconstrained build operations Thread 3" [_thread_blocked, id=23024, stack(0x000000f139300000,0x000000f139400000)]
  0x0000027a32b0a590 JavaThread "Unconstrained build operations Thread 4" [_thread_blocked, id=10460, stack(0x000000f139400000,0x000000f139500000)]
  0x0000027a32b0b4c0 JavaThread "Unconstrained build operations Thread 5" [_thread_blocked, id=20744, stack(0x000000f139500000,0x000000f139600000)]
  0x0000027a32b08730 JavaThread "Unconstrained build operations Thread 6" [_thread_blocked, id=22432, stack(0x000000f139600000,0x000000f139700000)]
  0x0000027a32b05490 JavaThread "Unconstrained build operations Thread 7" [_thread_blocked, id=10708, stack(0x000000f139700000,0x000000f139800000)]
  0x0000027a32b05eb0 JavaThread "Unconstrained build operations Thread 8" [_thread_blocked, id=25192, stack(0x000000f139800000,0x000000f139900000)]
  0x0000027a32b068d0 JavaThread "Unconstrained build operations Thread 9" [_thread_blocked, id=20880, stack(0x000000f139900000,0x000000f139a00000)]
  0x0000027a32b07d10 JavaThread "Unconstrained build operations Thread 10" [_thread_blocked, id=4572, stack(0x000000f139a00000,0x000000f139b00000)]
  0x0000027a32b06de0 JavaThread "Unconstrained build operations Thread 11" [_thread_blocked, id=21868, stack(0x000000f139b00000,0x000000f139c00000)]
  0x0000027a32b072f0 JavaThread "Unconstrained build operations Thread 12" [_thread_blocked, id=20608, stack(0x000000f139c00000,0x000000f139d00000)]
  0x0000027a32b08220 JavaThread "Unconstrained build operations Thread 13" [_thread_blocked, id=24068, stack(0x000000f139d00000,0x000000f139e00000)]
  0x0000027a32b08c40 JavaThread "Unconstrained build operations Thread 14" [_thread_blocked, id=23296, stack(0x000000f139e00000,0x000000f139f00000)]
  0x0000027a32b04050 JavaThread "Unconstrained build operations Thread 15" [_thread_blocked, id=26344, stack(0x000000f139f00000,0x000000f13a000000)]
  0x0000027a32b09150 JavaThread "Unconstrained build operations Thread 16" [_thread_blocked, id=25660, stack(0x000000f13a000000,0x000000f13a100000)]
  0x0000027a32b09660 JavaThread "Unconstrained build operations Thread 17" [_thread_blocked, id=26044, stack(0x000000f13a100000,0x000000f13a200000)]
  0x0000027a32b09b70 JavaThread "Unconstrained build operations Thread 18" [_thread_blocked, id=23776, stack(0x000000f13a200000,0x000000f13a300000)]
  0x0000027a32b0a080 JavaThread "Unconstrained build operations Thread 19" [_thread_blocked, id=20004, stack(0x000000f13a300000,0x000000f13a400000)]
  0x0000027a32b04560 JavaThread "Unconstrained build operations Thread 20" [_thread_blocked, id=22260, stack(0x000000f13a400000,0x000000f13a500000)]
  0x0000027a33ee9e10 JavaThread "Unconstrained build operations Thread 21" [_thread_blocked, id=20680, stack(0x000000f13a500000,0x000000f13a600000)]
  0x0000027a33eeb250 JavaThread "Unconstrained build operations Thread 22" [_thread_blocked, id=21668, stack(0x000000f13a600000,0x000000f13a700000)]
  0x0000027a33eead40 JavaThread "Unconstrained build operations Thread 23" [_thread_blocked, id=24904, stack(0x000000f13a700000,0x000000f13a800000)]
  0x0000027a33ee4d10 JavaThread "Unconstrained build operations Thread 24" [_thread_blocked, id=4660, stack(0x000000f13a800000,0x000000f13a900000)]
  0x0000027a33ee6150 JavaThread "Unconstrained build operations Thread 25" [_thread_blocked, id=20052, stack(0x000000f13a900000,0x000000f13aa00000)]
  0x0000027a33ee5c40 JavaThread "Unconstrained build operations Thread 26" [_thread_blocked, id=18712, stack(0x000000f13aa00000,0x000000f13ab00000)]
  0x0000027a33ee5220 JavaThread "jar transforms Thread 8" [_thread_blocked, id=20812, stack(0x000000f13ab00000,0x000000f13ac00000)]
  0x0000027a33ee9900 JavaThread "jar transforms Thread 9" [_thread_blocked, id=22812, stack(0x000000f13ac00000,0x000000f13ad00000)]
  0x0000027a33ee7590 JavaThread "jar transforms Thread 10" [_thread_blocked, id=21924, stack(0x000000f13ad00000,0x000000f13ae00000)]
  0x0000027a33ee42f0 JavaThread "jar transforms Thread 11" [_thread_blocked, id=12392, stack(0x000000f13ae00000,0x000000f13af00000)]
  0x0000027a33ee6660 JavaThread "jar transforms Thread 12" [_thread_blocked, id=13380, stack(0x000000f13af00000,0x000000f13b000000)]
  0x0000027a33ee5730 JavaThread "Memory manager" [_thread_blocked, id=18444, stack(0x000000f13b000000,0x000000f13b100000)]
  0x0000027a33ee6b70 JavaThread "Cache worker for Build Output Cleanup Cache (D:\LOS APPLICATION\los\LOS_App\android\.gradle\buildOutputCleanup)" [_thread_blocked, id=1332, stack(0x000000f13b100000,0x000000f13b200000)]
  0x0000027a33ee8ee0 JavaThread "included builds" [_thread_blocked, id=20820, stack(0x000000f13b200000,0x000000f13b300000)]
  0x0000027a33ee93f0 JavaThread "Execution worker" [_thread_blocked, id=3508, stack(0x000000f13b300000,0x000000f13b400000)]
  0x0000027a33ee3de0 JavaThread "Execution worker Thread 2" [_thread_blocked, id=18676, stack(0x000000f13b400000,0x000000f13b500000)]
  0x0000027a33eea320 JavaThread "Execution worker Thread 3" [_thread_blocked, id=19064, stack(0x000000f13b500000,0x000000f13b600000)]
  0x0000027a33eea830 JavaThread "Execution worker Thread 4" [_thread_blocked, id=19632, stack(0x000000f13b600000,0x000000f13b700000)]
  0x0000027a33eeb760 JavaThread "Execution worker Thread 5" [_thread_blocked, id=12696, stack(0x000000f13b700000,0x000000f13b800000)]
  0x0000027a33ee4800 JavaThread "Execution worker Thread 6" [_thread_blocked, id=12472, stack(0x000000f13b800000,0x000000f13b900000)]
  0x0000027a315c53b0 JavaThread "Execution worker Thread 7" [_thread_blocked, id=4092, stack(0x000000f13b900000,0x000000f13ba00000)]
  0x0000027a315c6d00 JavaThread "Execution worker Thread 8" [_thread_blocked, id=19228, stack(0x000000f13ba00000,0x000000f13bb00000)]
  0x0000027a315c7c30 JavaThread "Execution worker Thread 9" [_thread_blocked, id=12000, stack(0x000000f13bb00000,0x000000f13bc00000)]
  0x0000027a32f9d680 JavaThread "Execution worker Thread 10" [_thread_blocked, id=9420, stack(0x000000f13bc00000,0x000000f13bd00000)]
  0x0000027a32c88ef0 JavaThread "Execution worker Thread 11" [_thread_in_Java, id=19584, stack(0x000000f13bd00000,0x000000f13be00000)]
  0x0000027a32c8b260 JavaThread "Cache worker for execution history cache (D:\LOS APPLICATION\los\LOS_App\node_modules\@react-native\gradle-plugin\.gradle\8.0.1\executionHistory)" [_thread_blocked, id=23824, stack(0x000000f13be00000,0x000000f13bf00000)]
  0x0000027a32c8c6a0 JavaThread "Unconstrained build operations Thread 27" [_thread_blocked, id=25028, stack(0x000000f13bf00000,0x000000f13c000000)]
  0x0000027a32c8ad50 JavaThread "Unconstrained build operations Thread 28" [_thread_blocked, id=24108, stack(0x000000f13c000000,0x000000f13c100000)]
  0x0000027a32c8dff0 JavaThread "Unconstrained build operations Thread 29" [_thread_blocked, id=24208, stack(0x000000f13c100000,0x000000f13c200000)]
  0x0000027a32c87ab0 JavaThread "Unconstrained build operations Thread 30" [_thread_blocked, id=22444, stack(0x000000f13c200000,0x000000f13c300000)]

Other Threads:
  0x0000027a114c76f0 VMThread "VM Thread" [stack: 0x000000f135700000,0x000000f135800000] [id=2400]
  0x0000027a117360b0 WatcherThread [stack: 0x000000f136300000,0x000000f136400000] [id=15944]
  0x0000027a72c7dfd0 GCTaskThread "GC Thread#0" [stack: 0x000000f135200000,0x000000f135300000] [id=26152]
  0x0000027a31c86980 GCTaskThread "GC Thread#1" [stack: 0x000000f136400000,0x000000f136500000] [id=18532]
  0x0000027a318130e0 GCTaskThread "GC Thread#2" [stack: 0x000000f136500000,0x000000f136600000] [id=3880]
  0x0000027a3116e940 GCTaskThread "GC Thread#3" [stack: 0x000000f136600000,0x000000f136700000] [id=16512]
  0x0000027a319a4630 GCTaskThread "GC Thread#4" [stack: 0x000000f136700000,0x000000f136800000] [id=25832]
  0x0000027a32016830 GCTaskThread "GC Thread#5" [stack: 0x000000f137600000,0x000000f137700000] [id=22696]
  0x0000027a1195d0f0 GCTaskThread "GC Thread#6" [stack: 0x000000f137700000,0x000000f137800000] [id=22708]
  0x0000027a328f5dd0 GCTaskThread "GC Thread#7" [stack: 0x000000f137800000,0x000000f137900000] [id=23476]
  0x0000027a328f6090 GCTaskThread "GC Thread#8" [stack: 0x000000f137900000,0x000000f137a00000] [id=10768]
  0x0000027a32d96660 GCTaskThread "GC Thread#9" [stack: 0x000000f137a00000,0x000000f137b00000] [id=9416]
  0x0000027a72c8ef20 ConcurrentGCThread "G1 Main Marker" [stack: 0x000000f135300000,0x000000f135400000] [id=20832]
  0x0000027a72c8f940 ConcurrentGCThread "G1 Conc#0" [stack: 0x000000f135400000,0x000000f135500000] [id=7592]
  0x0000027a328127c0 ConcurrentGCThread "G1 Conc#1" [stack: 0x000000f138100000,0x000000f138200000] [id=18384]
  0x0000027a32812a80 ConcurrentGCThread "G1 Conc#2" [stack: 0x000000f138200000,0x000000f138300000] [id=25008]
  0x0000027a11382cc0 ConcurrentGCThread "G1 Refine#0" [stack: 0x000000f135500000,0x000000f135600000] [id=25452]
  0x0000027a11383600 ConcurrentGCThread "G1 Service" [stack: 0x000000f135600000,0x000000f135700000] [id=24140]

Threads with active compile tasks:
C2 CompilerThread0    54099 8010       4       com.google.common.collect.ImmutableSet$RegularSetBuilderImpl::ensureTableCapacity (89 bytes)

VM state: not at safepoint (normal execution)

VM Mutex/Monitor currently owned by a thread: None

Heap address: 0x0000000080000000, size: 2048 MB, Compressed Oops mode: 32-bit

CDS archive(s) mapped at: [0x0000027a12000000-0x0000027a12bb0000-0x0000027a12bb0000), size 12255232, SharedBaseAddress: 0x0000027a12000000, ArchiveRelocationMode: 1.
Compressed class space mapped at: 0x0000027a13000000-0x0000027a2d000000, reserved size: 436207616
Narrow klass base: 0x0000027a12000000, Narrow klass shift: 0, Narrow klass range: 0x100000000

GC Precious Log:
 CPUs: 12 total, 12 available
 Memory: 7860M
 Large Page Support: Disabled
 NUMA Support: Disabled
 Compressed Oops: Enabled (32-bit)
 Heap Region Size: 1M
 Heap Min Capacity: 8M
 Heap Initial Capacity: 124M
 Heap Max Capacity: 2G
 Pre-touch: Disabled
 Parallel Workers: 10
 Concurrent Workers: 3
 Concurrent Refinement Workers: 10
 Periodic GC: Disabled

Heap:
 garbage-first heap   total 163840K, used 97198K [0x0000000080000000, 0x0000000100000000)
  region size 1024K, 52 young (53248K), 7 survivors (7168K)
 Metaspace       used 60157K, committed 60800K, reserved 491520K
  class space    used 8407K, committed 8704K, reserved 425984K

Heap Regions: E=young(eden), S=young(survivor), O=old, HS=humongous(starts), HC=humongous(continues), CS=collection set, F=free, OA=open archive, CA=closed archive, TAMS=top-at-mark-start (previous, next)
|   0|0x0000000080000000, 0x0000000080100000, 0x0000000080100000|100%|HS|  |TAMS 0x0000000080100000, 0x0000000080000000| Complete 
|   1|0x0000000080100000, 0x0000000080200000, 0x0000000080200000|100%|HC|  |TAMS 0x0000000080200000, 0x0000000080100000| Complete 
|   2|0x0000000080200000, 0x0000000080300000, 0x0000000080300000|100%|HC|  |TAMS 0x0000000080300000, 0x0000000080200000| Complete 
|   3|0x0000000080300000, 0x0000000080400000, 0x0000000080400000|100%|HC|  |TAMS 0x0000000080400000, 0x0000000080300000| Complete 
|   4|0x0000000080400000, 0x0000000080500000, 0x0000000080500000|100%| O|  |TAMS 0x0000000080500000, 0x0000000080400000| Untracked 
|   5|0x0000000080500000, 0x0000000080600000, 0x0000000080600000|100%| O|  |TAMS 0x0000000080600000, 0x0000000080500000| Untracked 
|   6|0x0000000080600000, 0x0000000080700000, 0x0000000080700000|100%| O|  |TAMS 0x0000000080700000, 0x0000000080600000| Untracked 
|   7|0x0000000080700000, 0x0000000080800000, 0x0000000080800000|100%| O|  |TAMS 0x0000000080800000, 0x0000000080700000| Untracked 
|   8|0x0000000080800000, 0x0000000080900000, 0x0000000080900000|100%| O|  |TAMS 0x0000000080900000, 0x0000000080800000| Untracked 
|   9|0x0000000080900000, 0x0000000080a00000, 0x0000000080a00000|100%| O|  |TAMS 0x0000000080a00000, 0x0000000080900000| Untracked 
|  10|0x0000000080a00000, 0x0000000080b00000, 0x0000000080b00000|100%| O|  |TAMS 0x0000000080b00000, 0x0000000080a00000| Untracked 
|  11|0x0000000080b00000, 0x0000000080c00000, 0x0000000080c00000|100%| O|  |TAMS 0x0000000080c00000, 0x0000000080b00000| Untracked 
|  12|0x0000000080c00000, 0x0000000080d00000, 0x0000000080d00000|100%| O|  |TAMS 0x0000000080d00000, 0x0000000080c00000| Untracked 
|  13|0x0000000080d00000, 0x0000000080e00000, 0x0000000080e00000|100%| O|  |TAMS 0x0000000080e00000, 0x0000000080d00000| Untracked 
|  14|0x0000000080e00000, 0x0000000080f00000, 0x0000000080f00000|100%| O|  |TAMS 0x0000000080f00000, 0x0000000080e00000| Untracked 
|  15|0x0000000080f00000, 0x0000000081000000, 0x0000000081000000|100%| O|  |TAMS 0x0000000081000000, 0x0000000080f00000| Untracked 
|  16|0x0000000081000000, 0x0000000081100000, 0x0000000081100000|100%| O|  |TAMS 0x0000000081100000, 0x0000000081000000| Untracked 
|  17|0x0000000081100000, 0x0000000081200000, 0x0000000081200000|100%| O|  |TAMS 0x0000000081200000, 0x0000000081100000| Untracked 
|  18|0x0000000081200000, 0x0000000081300000, 0x0000000081300000|100%| O|  |TAMS 0x0000000081300000, 0x0000000081200000| Untracked 
|  19|0x0000000081300000, 0x0000000081400000, 0x0000000081400000|100%| O|  |TAMS 0x0000000081400000, 0x0000000081300000| Untracked 
|  20|0x0000000081400000, 0x0000000081500000, 0x0000000081500000|100%| O|  |TAMS 0x0000000081500000, 0x0000000081400000| Untracked 
|  21|0x0000000081500000, 0x0000000081600000, 0x0000000081600000|100%| O|  |TAMS 0x0000000081600000, 0x0000000081500000| Untracked 
|  22|0x0000000081600000, 0x0000000081700000, 0x0000000081700000|100%| O|  |TAMS 0x0000000081700000, 0x0000000081600000| Untracked 
|  23|0x0000000081700000, 0x0000000081800000, 0x0000000081800000|100%| O|  |TAMS 0x0000000081800000, 0x0000000081700000| Untracked 
|  24|0x0000000081800000, 0x0000000081900000, 0x0000000081900000|100%| O|  |TAMS 0x0000000081900000, 0x0000000081800000| Untracked 
|  25|0x0000000081900000, 0x0000000081a00000, 0x0000000081a00000|100%| O|  |TAMS 0x0000000081a00000, 0x0000000081900000| Untracked 
|  26|0x0000000081a00000, 0x0000000081b00000, 0x0000000081b00000|100%| O|  |TAMS 0x0000000081b00000, 0x0000000081a00000| Untracked 
|  27|0x0000000081b00000, 0x0000000081c00000, 0x0000000081c00000|100%| O|  |TAMS 0x0000000081b00000, 0x0000000081b00000| Untracked 
|  28|0x0000000081c00000, 0x0000000081d00000, 0x0000000081d00000|100%| O|  |TAMS 0x0000000081d00000, 0x0000000081c00000| Untracked 
|  29|0x0000000081d00000, 0x0000000081e00000, 0x0000000081e00000|100%| O|  |TAMS 0x0000000081e00000, 0x0000000081d00000| Untracked 
|  30|0x0000000081e00000, 0x0000000081f00000, 0x0000000081f00000|100%| O|  |TAMS 0x0000000081ee7400, 0x0000000081e00000| Untracked 
|  31|0x0000000081f00000, 0x0000000082000000, 0x0000000082000000|100%| O|  |TAMS 0x0000000081f00000, 0x0000000081f00000| Untracked 
|  32|0x0000000082000000, 0x0000000082100000, 0x0000000082100000|100%| O|  |TAMS 0x0000000082100000, 0x0000000082000000| Untracked 
|  33|0x0000000082100000, 0x0000000082200000, 0x0000000082200000|100%| O|  |TAMS 0x0000000082200000, 0x0000000082100000| Untracked 
|  34|0x0000000082200000, 0x0000000082300000, 0x0000000082300000|100%| O|  |TAMS 0x0000000082300000, 0x0000000082200000| Untracked 
|  35|0x0000000082300000, 0x0000000082400000, 0x0000000082400000|100%|HS|  |TAMS 0x0000000082400000, 0x0000000082300000| Complete 
|  36|0x0000000082400000, 0x0000000082500000, 0x0000000082500000|100%|HC|  |TAMS 0x0000000082500000, 0x0000000082400000| Complete 
|  37|0x0000000082500000, 0x0000000082600000, 0x0000000082600000|100%|HS|  |TAMS 0x0000000082500000, 0x0000000082500000| Complete 
|  38|0x0000000082600000, 0x0000000082700000, 0x0000000082700000|100%|HC|  |TAMS 0x0000000082600000, 0x0000000082600000| Complete 
|  39|0x0000000082700000, 0x0000000082800000, 0x0000000082800000|100%|HC|  |TAMS 0x0000000082700000, 0x0000000082700000| Complete 
|  40|0x0000000082800000, 0x0000000082900000, 0x0000000082900000|100%|HC|  |TAMS 0x0000000082800000, 0x0000000082800000| Complete 
|  41|0x0000000082900000, 0x0000000082a00000, 0x0000000082a00000|100%| O|  |TAMS 0x0000000082900000, 0x0000000082900000| Untracked 
|  42|0x0000000082a00000, 0x0000000082b00000, 0x0000000082b00000|100%| O|  |TAMS 0x0000000082a00000, 0x0000000082a00000| Untracked 
|  43|0x0000000082b00000, 0x0000000082c00000, 0x0000000082c00000|100%| O|  |TAMS 0x0000000082b00000, 0x0000000082b00000| Untracked 
|  44|0x0000000082c00000, 0x0000000082d00000, 0x0000000082d00000|100%| O|  |TAMS 0x0000000082c00000, 0x0000000082c00000| Untracked 
|  45|0x0000000082d00000, 0x0000000082d08c00, 0x0000000082e00000|  3%| O|  |TAMS 0x0000000082d00000, 0x0000000082d00000| Untracked 
|  46|0x0000000082e00000, 0x0000000082e00000, 0x0000000082f00000|  0%| F|  |TAMS 0x0000000082e00000, 0x0000000082e00000| Untracked 
|  47|0x0000000082f00000, 0x0000000082f00000, 0x0000000083000000|  0%| F|  |TAMS 0x0000000082f00000, 0x0000000082f00000| Untracked 
|  48|0x0000000083000000, 0x0000000083000000, 0x0000000083100000|  0%| F|  |TAMS 0x0000000083000000, 0x0000000083000000| Untracked 
|  49|0x0000000083100000, 0x0000000083100000, 0x0000000083200000|  0%| F|  |TAMS 0x0000000083100000, 0x0000000083100000| Untracked 
|  50|0x0000000083200000, 0x0000000083200000, 0x0000000083300000|  0%| F|  |TAMS 0x0000000083200000, 0x0000000083200000| Untracked 
|  51|0x0000000083300000, 0x0000000083300000, 0x0000000083400000|  0%| F|  |TAMS 0x0000000083300000, 0x0000000083300000| Untracked 
|  52|0x0000000083400000, 0x0000000083400000, 0x0000000083500000|  0%| F|  |TAMS 0x0000000083400000, 0x0000000083400000| Untracked 
|  53|0x0000000083500000, 0x0000000083500000, 0x0000000083600000|  0%| F|  |TAMS 0x0000000083500000, 0x0000000083500000| Untracked 
|  54|0x0000000083600000, 0x0000000083600000, 0x0000000083700000|  0%| F|  |TAMS 0x0000000083600000, 0x0000000083600000| Untracked 
|  55|0x0000000083700000, 0x0000000083700000, 0x0000000083800000|  0%| F|  |TAMS 0x0000000083700000, 0x0000000083700000| Untracked 
|  56|0x0000000083800000, 0x0000000083800000, 0x0000000083900000|  0%| F|  |TAMS 0x0000000083800000, 0x0000000083800000| Untracked 
|  57|0x0000000083900000, 0x0000000083900000, 0x0000000083a00000|  0%| F|  |TAMS 0x0000000083900000, 0x0000000083900000| Untracked 
|  58|0x0000000083a00000, 0x0000000083a00000, 0x0000000083b00000|  0%| F|  |TAMS 0x0000000083a00000, 0x0000000083a00000| Untracked 
|  59|0x0000000083b00000, 0x0000000083b00000, 0x0000000083c00000|  0%| F|  |TAMS 0x0000000083b00000, 0x0000000083b00000| Untracked 
|  60|0x0000000083c00000, 0x0000000083c00000, 0x0000000083d00000|  0%| F|  |TAMS 0x0000000083c00000, 0x0000000083c00000| Untracked 
|  61|0x0000000083d00000, 0x0000000083d00000, 0x0000000083e00000|  0%| F|  |TAMS 0x0000000083d00000, 0x0000000083d00000| Untracked 
|  62|0x0000000083e00000, 0x0000000083e00000, 0x0000000083f00000|  0%| F|  |TAMS 0x0000000083e00000, 0x0000000083e00000| Untracked 
|  63|0x0000000083f00000, 0x0000000083f00000, 0x0000000084000000|  0%| F|  |TAMS 0x0000000083f00000, 0x0000000083f00000| Untracked 
|  64|0x0000000084000000, 0x0000000084000000, 0x0000000084100000|  0%| F|  |TAMS 0x0000000084000000, 0x0000000084000000| Untracked 
|  65|0x0000000084100000, 0x0000000084100000, 0x0000000084200000|  0%| F|  |TAMS 0x0000000084100000, 0x0000000084100000| Untracked 
|  66|0x0000000084200000, 0x0000000084200000, 0x0000000084300000|  0%| F|  |TAMS 0x0000000084200000, 0x0000000084200000| Untracked 
|  67|0x0000000084300000, 0x0000000084300000, 0x0000000084400000|  0%| F|  |TAMS 0x0000000084300000, 0x0000000084300000| Untracked 
|  68|0x0000000084400000, 0x0000000084400000, 0x0000000084500000|  0%| F|  |TAMS 0x0000000084400000, 0x0000000084400000| Untracked 
|  69|0x0000000084500000, 0x0000000084500000, 0x0000000084600000|  0%| F|  |TAMS 0x0000000084500000, 0x0000000084500000| Untracked 
|  70|0x0000000084600000, 0x0000000084600000, 0x0000000084700000|  0%| F|  |TAMS 0x0000000084600000, 0x0000000084600000| Untracked 
|  71|0x0000000084700000, 0x0000000084700000, 0x0000000084800000|  0%| F|  |TAMS 0x0000000084700000, 0x0000000084700000| Untracked 
|  72|0x0000000084800000, 0x0000000084800000, 0x0000000084900000|  0%| F|  |TAMS 0x0000000084800000, 0x0000000084800000| Untracked 
|  73|0x0000000084900000, 0x0000000084900000, 0x0000000084a00000|  0%| F|  |TAMS 0x0000000084900000, 0x0000000084900000| Untracked 
|  74|0x0000000084a00000, 0x0000000084a00000, 0x0000000084b00000|  0%| F|  |TAMS 0x0000000084a00000, 0x0000000084a00000| Untracked 
|  75|0x0000000084b00000, 0x0000000084b00000, 0x0000000084c00000|  0%| F|  |TAMS 0x0000000084b00000, 0x0000000084b00000| Untracked 
|  76|0x0000000084c00000, 0x0000000084c00000, 0x0000000084d00000|  0%| F|  |TAMS 0x0000000084c00000, 0x0000000084c00000| Untracked 
|  77|0x0000000084d00000, 0x0000000084d00000, 0x0000000084e00000|  0%| F|  |TAMS 0x0000000084d00000, 0x0000000084d00000| Untracked 
|  78|0x0000000084e00000, 0x0000000084e00000, 0x0000000084f00000|  0%| F|  |TAMS 0x0000000084e00000, 0x0000000084e00000| Untracked 
|  79|0x0000000084f00000, 0x0000000084f00000, 0x0000000085000000|  0%| F|  |TAMS 0x0000000084f00000, 0x0000000084f00000| Untracked 
|  80|0x0000000085000000, 0x0000000085000000, 0x0000000085100000|  0%| F|  |TAMS 0x0000000085000000, 0x0000000085000000| Untracked 
|  81|0x0000000085100000, 0x0000000085100000, 0x0000000085200000|  0%| F|  |TAMS 0x0000000085100000, 0x0000000085100000| Untracked 
|  82|0x0000000085200000, 0x0000000085200000, 0x0000000085300000|  0%| F|  |TAMS 0x0000000085200000, 0x0000000085200000| Untracked 
|  83|0x0000000085300000, 0x0000000085300000, 0x0000000085400000|  0%| F|  |TAMS 0x0000000085300000, 0x0000000085300000| Untracked 
|  84|0x0000000085400000, 0x0000000085400000, 0x0000000085500000|  0%| F|  |TAMS 0x0000000085400000, 0x0000000085400000| Untracked 
|  85|0x0000000085500000, 0x0000000085500000, 0x0000000085600000|  0%| F|  |TAMS 0x0000000085500000, 0x0000000085500000| Untracked 
|  86|0x0000000085600000, 0x0000000085600000, 0x0000000085700000|  0%| F|  |TAMS 0x0000000085600000, 0x0000000085600000| Untracked 
|  87|0x0000000085700000, 0x0000000085700000, 0x0000000085800000|  0%| F|  |TAMS 0x0000000085700000, 0x0000000085700000| Untracked 
|  88|0x0000000085800000, 0x00000000858e2da8, 0x0000000085900000| 88%| S|CS|TAMS 0x0000000085800000, 0x0000000085800000| Complete 
|  89|0x0000000085900000, 0x0000000085a00000, 0x0000000085a00000|100%| S|CS|TAMS 0x0000000085900000, 0x0000000085900000| Complete 
|  90|0x0000000085a00000, 0x0000000085b00000, 0x0000000085b00000|100%| S|CS|TAMS 0x0000000085a00000, 0x0000000085a00000| Complete 
|  91|0x0000000085b00000, 0x0000000085c00000, 0x0000000085c00000|100%| S|CS|TAMS 0x0000000085b00000, 0x0000000085b00000| Complete 
|  92|0x0000000085c00000, 0x0000000085d00000, 0x0000000085d00000|100%| S|CS|TAMS 0x0000000085c00000, 0x0000000085c00000| Complete 
|  93|0x0000000085d00000, 0x0000000085e00000, 0x0000000085e00000|100%| S|CS|TAMS 0x0000000085d00000, 0x0000000085d00000| Complete 
|  94|0x0000000085e00000, 0x0000000085f00000, 0x0000000085f00000|100%| S|CS|TAMS 0x0000000085e00000, 0x0000000085e00000| Complete 
|  95|0x0000000085f00000, 0x0000000085f00000, 0x0000000086000000|  0%| F|  |TAMS 0x0000000085f00000, 0x0000000085f00000| Untracked 
|  96|0x0000000086000000, 0x0000000086000000, 0x0000000086100000|  0%| F|  |TAMS 0x0000000086000000, 0x0000000086000000| Untracked 
|  97|0x0000000086100000, 0x0000000086100000, 0x0000000086200000|  0%| F|  |TAMS 0x0000000086100000, 0x0000000086100000| Untracked 
|  98|0x0000000086200000, 0x0000000086200000, 0x0000000086300000|  0%| F|  |TAMS 0x0000000086200000, 0x0000000086200000| Untracked 
|  99|0x0000000086300000, 0x0000000086300000, 0x0000000086400000|  0%| F|  |TAMS 0x0000000086300000, 0x0000000086300000| Untracked 
| 100|0x0000000086400000, 0x0000000086400000, 0x0000000086500000|  0%| F|  |TAMS 0x0000000086400000, 0x0000000086400000| Untracked 
| 101|0x0000000086500000, 0x0000000086500000, 0x0000000086600000|  0%| F|  |TAMS 0x0000000086500000, 0x0000000086500000| Untracked 
| 102|0x0000000086600000, 0x0000000086600000, 0x0000000086700000|  0%| F|  |TAMS 0x0000000086600000, 0x0000000086600000| Untracked 
| 103|0x0000000086700000, 0x0000000086700000, 0x0000000086800000|  0%| F|  |TAMS 0x0000000086700000, 0x0000000086700000| Untracked 
| 104|0x0000000086800000, 0x0000000086800000, 0x0000000086900000|  0%| F|  |TAMS 0x0000000086800000, 0x0000000086800000| Untracked 
| 105|0x0000000086900000, 0x0000000086900000, 0x0000000086a00000|  0%| F|  |TAMS 0x0000000086900000, 0x0000000086900000| Untracked 
| 106|0x0000000086a00000, 0x0000000086a00000, 0x0000000086b00000|  0%| F|  |TAMS 0x0000000086a00000, 0x0000000086a00000| Untracked 
| 107|0x0000000086b00000, 0x0000000086b00000, 0x0000000086c00000|  0%| F|  |TAMS 0x0000000086b00000, 0x0000000086b00000| Untracked 
| 108|0x0000000086c00000, 0x0000000086c00000, 0x0000000086d00000|  0%| F|  |TAMS 0x0000000086c00000, 0x0000000086c00000| Untracked 
| 109|0x0000000086d00000, 0x0000000086d00000, 0x0000000086e00000|  0%| F|  |TAMS 0x0000000086d00000, 0x0000000086d00000| Untracked 
| 110|0x0000000086e00000, 0x0000000086e00000, 0x0000000086f00000|  0%| F|  |TAMS 0x0000000086e00000, 0x0000000086e00000| Untracked 
| 111|0x0000000086f00000, 0x0000000086f00000, 0x0000000087000000|  0%| F|  |TAMS 0x0000000086f00000, 0x0000000086f00000| Untracked 
| 112|0x0000000087000000, 0x0000000087000000, 0x0000000087100000|  0%| F|  |TAMS 0x0000000087000000, 0x0000000087000000| Untracked 
| 113|0x0000000087100000, 0x0000000087100000, 0x0000000087200000|  0%| F|  |TAMS 0x0000000087100000, 0x0000000087100000| Untracked 
| 114|0x0000000087200000, 0x0000000087200000, 0x0000000087300000|  0%| F|  |TAMS 0x0000000087200000, 0x0000000087200000| Untracked 
| 115|0x0000000087300000, 0x0000000087370030, 0x0000000087400000| 43%| E|  |TAMS 0x0000000087300000, 0x0000000087300000| Complete 
| 116|0x0000000087400000, 0x0000000087500000, 0x0000000087500000|100%| E|  |TAMS 0x0000000087400000, 0x0000000087400000| Complete 
| 117|0x0000000087500000, 0x0000000087600000, 0x0000000087600000|100%| E|CS|TAMS 0x0000000087500000, 0x0000000087500000| Complete 
| 118|0x0000000087600000, 0x0000000087700000, 0x0000000087700000|100%| E|CS|TAMS 0x0000000087600000, 0x0000000087600000| Complete 
| 119|0x0000000087700000, 0x0000000087800000, 0x0000000087800000|100%| E|CS|TAMS 0x0000000087700000, 0x0000000087700000| Complete 
| 120|0x0000000087800000, 0x0000000087900000, 0x0000000087900000|100%| E|CS|TAMS 0x0000000087800000, 0x0000000087800000| Complete 
| 121|0x0000000087900000, 0x0000000087a00000, 0x0000000087a00000|100%| E|CS|TAMS 0x0000000087900000, 0x0000000087900000| Complete 
| 122|0x0000000087a00000, 0x0000000087b00000, 0x0000000087b00000|100%| E|CS|TAMS 0x0000000087a00000, 0x0000000087a00000| Complete 
| 123|0x0000000087b00000, 0x0000000087c00000, 0x0000000087c00000|100%| E|CS|TAMS 0x0000000087b00000, 0x0000000087b00000| Complete 
| 124|0x0000000087c00000, 0x0000000087d00000, 0x0000000087d00000|100%| E|CS|TAMS 0x0000000087c00000, 0x0000000087c00000| Complete 
| 125|0x0000000087d00000, 0x0000000087e00000, 0x0000000087e00000|100%| E|CS|TAMS 0x0000000087d00000, 0x0000000087d00000| Complete 
| 126|0x0000000087e00000, 0x0000000087f00000, 0x0000000087f00000|100%| E|CS|TAMS 0x0000000087e00000, 0x0000000087e00000| Complete 
| 127|0x0000000087f00000, 0x0000000088000000, 0x0000000088000000|100%| E|CS|TAMS 0x0000000087f00000, 0x0000000087f00000| Complete 
| 128|0x0000000088000000, 0x0000000088100000, 0x0000000088100000|100%| E|CS|TAMS 0x0000000088000000, 0x0000000088000000| Complete 
| 129|0x0000000088100000, 0x0000000088200000, 0x0000000088200000|100%| E|CS|TAMS 0x0000000088100000, 0x0000000088100000| Complete 
| 130|0x0000000088200000, 0x0000000088300000, 0x0000000088300000|100%| E|CS|TAMS 0x0000000088200000, 0x0000000088200000| Complete 
| 131|0x0000000088300000, 0x0000000088400000, 0x0000000088400000|100%| E|CS|TAMS 0x0000000088300000, 0x0000000088300000| Complete 
| 132|0x0000000088400000, 0x0000000088500000, 0x0000000088500000|100%| E|CS|TAMS 0x0000000088400000, 0x0000000088400000| Complete 
| 133|0x0000000088500000, 0x0000000088600000, 0x0000000088600000|100%| E|CS|TAMS 0x0000000088500000, 0x0000000088500000| Complete 
| 134|0x0000000088600000, 0x0000000088700000, 0x0000000088700000|100%| E|CS|TAMS 0x0000000088600000, 0x0000000088600000| Complete 
| 135|0x0000000088700000, 0x0000000088800000, 0x0000000088800000|100%| E|CS|TAMS 0x0000000088700000, 0x0000000088700000| Complete 
| 136|0x0000000088800000, 0x0000000088900000, 0x0000000088900000|100%| E|CS|TAMS 0x0000000088800000, 0x0000000088800000| Complete 
| 137|0x0000000088900000, 0x0000000088a00000, 0x0000000088a00000|100%| E|CS|TAMS 0x0000000088900000, 0x0000000088900000| Complete 
| 138|0x0000000088a00000, 0x0000000088b00000, 0x0000000088b00000|100%| E|CS|TAMS 0x0000000088a00000, 0x0000000088a00000| Complete 
| 139|0x0000000088b00000, 0x0000000088c00000, 0x0000000088c00000|100%| E|CS|TAMS 0x0000000088b00000, 0x0000000088b00000| Complete 
| 140|0x0000000088c00000, 0x0000000088d00000, 0x0000000088d00000|100%| E|CS|TAMS 0x0000000088c00000, 0x0000000088c00000| Complete 
| 141|0x0000000088d00000, 0x0000000088e00000, 0x0000000088e00000|100%| E|CS|TAMS 0x0000000088d00000, 0x0000000088d00000| Complete 
| 142|0x0000000088e00000, 0x0000000088f00000, 0x0000000088f00000|100%| E|CS|TAMS 0x0000000088e00000, 0x0000000088e00000| Complete 
| 143|0x0000000088f00000, 0x0000000089000000, 0x0000000089000000|100%| E|CS|TAMS 0x0000000088f00000, 0x0000000088f00000| Complete 
| 144|0x0000000089000000, 0x0000000089100000, 0x0000000089100000|100%| E|CS|TAMS 0x0000000089000000, 0x0000000089000000| Complete 
| 145|0x0000000089100000, 0x0000000089200000, 0x0000000089200000|100%| E|CS|TAMS 0x0000000089100000, 0x0000000089100000| Complete 
| 146|0x0000000089200000, 0x0000000089300000, 0x0000000089300000|100%| E|CS|TAMS 0x0000000089200000, 0x0000000089200000| Complete 
| 147|0x0000000089300000, 0x0000000089400000, 0x0000000089400000|100%| E|CS|TAMS 0x0000000089300000, 0x0000000089300000| Complete 
| 148|0x0000000089400000, 0x0000000089500000, 0x0000000089500000|100%| E|CS|TAMS 0x0000000089400000, 0x0000000089400000| Complete 
| 149|0x0000000089500000, 0x0000000089600000, 0x0000000089600000|100%| E|CS|TAMS 0x0000000089500000, 0x0000000089500000| Complete 
| 150|0x0000000089600000, 0x0000000089700000, 0x0000000089700000|100%| E|CS|TAMS 0x0000000089600000, 0x0000000089600000| Complete 
| 151|0x0000000089700000, 0x0000000089800000, 0x0000000089800000|100%| E|CS|TAMS 0x0000000089700000, 0x0000000089700000| Complete 
| 152|0x0000000089800000, 0x0000000089900000, 0x0000000089900000|100%| E|CS|TAMS 0x0000000089800000, 0x0000000089800000| Complete 
| 153|0x0000000089900000, 0x0000000089a00000, 0x0000000089a00000|100%| E|CS|TAMS 0x0000000089900000, 0x0000000089900000| Complete 
| 154|0x0000000089a00000, 0x0000000089b00000, 0x0000000089b00000|100%| E|CS|TAMS 0x0000000089a00000, 0x0000000089a00000| Complete 
| 155|0x0000000089b00000, 0x0000000089c00000, 0x0000000089c00000|100%| E|CS|TAMS 0x0000000089b00000, 0x0000000089b00000| Complete 
| 156|0x0000000089c00000, 0x0000000089d00000, 0x0000000089d00000|100%| E|CS|TAMS 0x0000000089c00000, 0x0000000089c00000| Complete 
| 157|0x0000000089d00000, 0x0000000089e00000, 0x0000000089e00000|100%| E|CS|TAMS 0x0000000089d00000, 0x0000000089d00000| Complete 
| 158|0x0000000089e00000, 0x0000000089f00000, 0x0000000089f00000|100%| E|CS|TAMS 0x0000000089e00000, 0x0000000089e00000| Complete 
| 159|0x0000000089f00000, 0x000000008a000000, 0x000000008a000000|100%| E|CS|TAMS 0x0000000089f00000, 0x0000000089f00000| Complete 

Card table byte_map: [0x0000027a7b090000,0x0000027a7b490000] _byte_map_base: 0x0000027a7ac90000

Marking Bits (Prev, Next): (CMBitMap*) 0x0000027a72c7e630, (CMBitMap*) 0x0000027a72c7e5f0
 Prev Bits: [0x0000027a7d890000, 0x0000027a7f890000)
 Next Bits: [0x0000027a7b890000, 0x0000027a7d890000)

Polling page: 0x0000027a723d0000

Metaspace:

Usage:
  Non-class:     50.54 MB used.
      Class:      8.21 MB used.
       Both:     58.75 MB used.

Virtual space:
  Non-class space:       64.00 MB reserved,      50.88 MB ( 79%) committed,  1 nodes.
      Class space:      416.00 MB reserved,       8.50 MB (  2%) committed,  1 nodes.
             Both:      480.00 MB reserved,      59.38 MB ( 12%) committed. 

Chunk freelists:
   Non-Class:  13.05 MB
       Class:  7.37 MB
        Both:  20.43 MB

MaxMetaspaceSize: 512.00 MB
CompressedClassSpaceSize: 416.00 MB
Initial GC threshold: 21.00 MB
Current GC threshold: 70.00 MB
CDS: on
MetaspaceReclaimPolicy: balanced
 - commit_granule_bytes: 65536.
 - commit_granule_words: 8192.
 - virtual_space_node_default_size: 8388608.
 - enlarge_chunks_in_place: 1.
 - new_chunks_are_fully_committed: 0.
 - uncommit_free_chunks: 1.
 - use_allocation_guard: 0.
 - handle_deallocations: 1.


Internal statistics:

num_allocs_failed_limit: 6.
num_arena_births: 732.
num_arena_deaths: 0.
num_vsnodes_births: 2.
num_vsnodes_deaths: 0.
num_space_committed: 950.
num_space_uncommitted: 0.
num_chunks_returned_to_freelist: 6.
num_chunks_taken_from_freelist: 3143.
num_chunk_merges: 6.
num_chunk_splits: 2098.
num_chunks_enlarged: 1409.
num_inconsistent_stats: 0.

CodeHeap 'non-profiled nmethods': size=120000Kb used=3851Kb max_used=3851Kb free=116148Kb
 bounds [0x0000027a07ad0000, 0x0000027a07ea0000, 0x0000027a0f000000]
CodeHeap 'profiled nmethods': size=120000Kb used=13858Kb max_used=13858Kb free=106142Kb
 bounds [0x0000027a00000000, 0x0000027a00d90000, 0x0000027a07530000]
CodeHeap 'non-nmethods': size=5760Kb used=2357Kb max_used=2401Kb free=3402Kb
 bounds [0x0000027a07530000, 0x0000027a077a0000, 0x0000027a07ad0000]
 total_blobs=8014 nmethods=7133 adapters=793
 compilation: enabled
              stopped_count=0, restarted_count=0
 full_count=0

Compilation events (20 events):
Event: 53.896 Thread 0x0000027a114ef800 nmethod 8002 0x0000027a00d7e010 code [0x0000027a00d7e1c0, 0x0000027a00d7e388]
Event: 53.899 Thread 0x0000027a114ef800 8003       3       org.gradle.cache.internal.btree.BlockPayload::getPos (8 bytes)
Event: 53.899 Thread 0x0000027a114ef800 nmethod 8003 0x0000027a00d7e490 code [0x0000027a00d7e680, 0x0000027a00d7ec28]
Event: 53.960 Thread 0x0000027a114ef800 8004       1       org.gradle.api.attributes.LibraryElements$Impl::getName (5 bytes)
Event: 53.960 Thread 0x0000027a114ef800 nmethod 8004 0x0000027a07e91c10 code [0x0000027a07e91da0, 0x0000027a07e91e78]
Event: 53.960 Thread 0x0000027a114ef800 8005       3       org.gradle.internal.component.external.model.DefaultModuleComponentArtifactMetadata::getId (5 bytes)
Event: 53.961 Thread 0x0000027a114ef800 nmethod 8005 0x0000027a00d7ee90 code [0x0000027a00d7f020, 0x0000027a00d7f1d8]
Event: 53.961 Thread 0x0000027a114ef800 8006       3       org.gradle.internal.component.model.ImmutableModuleSources::getSource (50 bytes)
Event: 53.961 Thread 0x0000027a114ef800 nmethod 8006 0x0000027a00d7f290 code [0x0000027a00d7f4c0, 0x0000027a00d7fc88]
Event: 53.961 Thread 0x0000027a114ef800 8007       3       org.gradle.internal.logging.progress.DefaultProgressLoggerFactory$ProgressLoggerImpl::assertNotStarted (63 bytes)
Event: 53.962 Thread 0x0000027a114ef800 nmethod 8007 0x0000027a00d7ff10 code [0x0000027a00d80260, 0x0000027a00d81838]
Event: 54.037 Thread 0x0000027a114ee740 8008       4       java.util.LinkedHashMap::keysToArray (38 bytes)
Event: 54.039 Thread 0x0000027a114ee740 nmethod 8008 0x0000027a07e91f10 code [0x0000027a07e920a0, 0x0000027a07e92278]
Event: 54.042 Thread 0x0000027a114ef800 8009       3       java.util.ArrayList::remove (76 bytes)
Event: 54.043 Thread 0x0000027a114ef800 nmethod 8009 0x0000027a00d81f10 code [0x0000027a00d82100, 0x0000027a00d825f8]
Event: 54.054 Thread 0x0000027a114ee740 8010       4       com.google.common.collect.ImmutableSet$RegularSetBuilderImpl::ensureTableCapacity (89 bytes)
Event: 54.058 Thread 0x0000027a114ef800 8011       1       org.gradle.internal.component.model.DefaultCompatibilityCheckResult::getProducerValue (5 bytes)
Event: 54.059 Thread 0x0000027a114ef800 nmethod 8011 0x0000027a07e92390 code [0x0000027a07e92520, 0x0000027a07e925f8]
Event: 54.059 Thread 0x0000027a114ef800 8012       1       org.gradle.api.attributes.Usage$Impl::getName (5 bytes)
Event: 54.060 Thread 0x0000027a114ef800 nmethod 8012 0x0000027a07e92690 code [0x0000027a07e92820, 0x0000027a07e928f8]

GC Heap History (20 events):
Event: 14.199 GC heap before
{Heap before GC invocations=6 (full 0):
 garbage-first heap   total 81920K, used 28931K [0x0000000080000000, 0x0000000100000000)
  region size 1024K, 7 young (7168K), 6 survivors (6144K)
 Metaspace       used 28799K, committed 29248K, reserved 491520K
  class space    used 4028K, committed 4224K, reserved 425984K
}
Event: 14.206 GC heap after
{Heap after GC invocations=7 (full 0):
 garbage-first heap   total 81920K, used 28425K [0x0000000080000000, 0x0000000100000000)
  region size 1024K, 1 young (1024K), 1 survivors (1024K)
 Metaspace       used 28799K, committed 29248K, reserved 491520K
  class space    used 4028K, committed 4224K, reserved 425984K
}
Event: 17.546 GC heap before
{Heap before GC invocations=7 (full 0):
 garbage-first heap   total 81920K, used 63241K [0x0000000080000000, 0x0000000100000000)
  region size 1024K, 32 young (32768K), 1 survivors (1024K)
 Metaspace       used 31677K, committed 32064K, reserved 491520K
  class space    used 4351K, committed 4544K, reserved 425984K
}
Event: 17.549 GC heap after
{Heap after GC invocations=8 (full 0):
 garbage-first heap   total 81920K, used 31066K [0x0000000080000000, 0x0000000100000000)
  region size 1024K, 4 young (4096K), 4 survivors (4096K)
 Metaspace       used 31677K, committed 32064K, reserved 491520K
  class space    used 4351K, committed 4544K, reserved 425984K
}
Event: 30.334 GC heap before
{Heap before GC invocations=8 (full 0):
 garbage-first heap   total 81920K, used 60762K [0x0000000080000000, 0x0000000100000000)
  region size 1024K, 33 young (33792K), 4 survivors (4096K)
 Metaspace       used 33732K, committed 34240K, reserved 491520K
  class space    used 4653K, committed 4864K, reserved 425984K
}
Event: 30.339 GC heap after
{Heap after GC invocations=9 (full 0):
 garbage-first heap   total 81920K, used 33061K [0x0000000080000000, 0x0000000100000000)
  region size 1024K, 3 young (3072K), 3 survivors (3072K)
 Metaspace       used 33732K, committed 34240K, reserved 491520K
  class space    used 4653K, committed 4864K, reserved 425984K
}
Event: 30.821 GC heap before
{Heap before GC invocations=9 (full 0):
 garbage-first heap   total 81920K, used 55589K [0x0000000080000000, 0x0000000100000000)
  region size 1024K, 26 young (26624K), 3 survivors (3072K)
 Metaspace       used 35600K, committed 36096K, reserved 491520K
  class space    used 4850K, committed 5120K, reserved 425984K
}
Event: 30.826 GC heap after
{Heap after GC invocations=10 (full 0):
 garbage-first heap   total 81920K, used 35090K [0x0000000080000000, 0x0000000100000000)
  region size 1024K, 2 young (2048K), 2 survivors (2048K)
 Metaspace       used 35600K, committed 36096K, reserved 491520K
  class space    used 4850K, committed 5120K, reserved 425984K
}
Event: 32.986 GC heap before
{Heap before GC invocations=11 (full 0):
 garbage-first heap   total 81920K, used 63762K [0x0000000080000000, 0x0000000100000000)
  region size 1024K, 30 young (30720K), 2 survivors (2048K)
 Metaspace       used 38966K, committed 39488K, reserved 491520K
  class space    used 5420K, committed 5696K, reserved 425984K
}
Event: 32.989 GC heap after
{Heap after GC invocations=12 (full 0):
 garbage-first heap   total 81920K, used 35616K [0x0000000080000000, 0x0000000100000000)
  region size 1024K, 3 young (3072K), 3 survivors (3072K)
 Metaspace       used 38966K, committed 39488K, reserved 491520K
  class space    used 5420K, committed 5696K, reserved 425984K
}
Event: 36.799 GC heap before
{Heap before GC invocations=12 (full 0):
 garbage-first heap   total 81920K, used 64288K [0x0000000080000000, 0x0000000100000000)
  region size 1024K, 31 young (31744K), 3 survivors (3072K)
 Metaspace       used 42163K, committed 42752K, reserved 491520K
  class space    used 5868K, committed 6144K, reserved 425984K
}
Event: 36.804 GC heap after
{Heap after GC invocations=13 (full 0):
 garbage-first heap   total 81920K, used 37013K [0x0000000080000000, 0x0000000100000000)
  region size 1024K, 4 young (4096K), 4 survivors (4096K)
 Metaspace       used 42163K, committed 42752K, reserved 491520K
  class space    used 5868K, committed 6144K, reserved 425984K
}
Event: 37.386 GC heap before
{Heap before GC invocations=13 (full 0):
 garbage-first heap   total 81920K, used 46229K [0x0000000080000000, 0x0000000100000000)
  region size 1024K, 13 young (13312K), 4 survivors (4096K)
 Metaspace       used 42460K, committed 43008K, reserved 491520K
  class space    used 5901K, committed 6144K, reserved 425984K
}
Event: 37.394 GC heap after
{Heap after GC invocations=14 (full 0):
 garbage-first heap   total 81920K, used 40995K [0x0000000080000000, 0x0000000100000000)
  region size 1024K, 4 young (4096K), 4 survivors (4096K)
 Metaspace       used 42460K, committed 43008K, reserved 491520K
  class space    used 5901K, committed 6144K, reserved 425984K
}
Event: 37.838 GC heap before
{Heap before GC invocations=15 (full 0):
 garbage-first heap   total 81920K, used 68643K [0x0000000080000000, 0x0000000100000000)
  region size 1024K, 27 young (27648K), 4 survivors (4096K)
 Metaspace       used 45989K, committed 46528K, reserved 491520K
  class space    used 6375K, committed 6656K, reserved 425984K
}
Event: 37.844 GC heap after
{Heap after GC invocations=16 (full 0):
 garbage-first heap   total 163840K, used 46434K [0x0000000080000000, 0x0000000100000000)
  region size 1024K, 3 young (3072K), 3 survivors (3072K)
 Metaspace       used 45989K, committed 46528K, reserved 491520K
  class space    used 6375K, committed 6656K, reserved 425984K
}
Event: 39.344 GC heap before
{Heap before GC invocations=16 (full 0):
 garbage-first heap   total 163840K, used 103778K [0x0000000080000000, 0x0000000100000000)
  region size 1024K, 59 young (60416K), 3 survivors (3072K)
 Metaspace       used 52534K, committed 53184K, reserved 491520K
  class space    used 7316K, committed 7616K, reserved 425984K
}
Event: 39.350 GC heap after
{Heap after GC invocations=17 (full 0):
 garbage-first heap   total 163840K, used 49411K [0x0000000080000000, 0x0000000100000000)
  region size 1024K, 6 young (6144K), 6 survivors (6144K)
 Metaspace       used 52534K, committed 53184K, reserved 491520K
  class space    used 7316K, committed 7616K, reserved 425984K
}
Event: 47.546 GC heap before
{Heap before GC invocations=17 (full 0):
 garbage-first heap   total 163840K, used 108803K [0x0000000080000000, 0x0000000100000000)
  region size 1024K, 65 young (66560K), 6 survivors (6144K)
 Metaspace       used 57239K, committed 57792K, reserved 491520K
  class space    used 7960K, committed 8192K, reserved 425984K
}
Event: 47.576 GC heap after
{Heap after GC invocations=18 (full 0):
 garbage-first heap   total 163840K, used 53166K [0x0000000080000000, 0x0000000100000000)
  region size 1024K, 7 young (7168K), 7 survivors (7168K)
 Metaspace       used 57239K, committed 57792K, reserved 491520K
  class space    used 7960K, committed 8192K, reserved 425984K
}

Dll operation events (13 events):
Event: 0.015 Loaded shared library C:\Program Files\Microsoft\jdk-17.0.10.7-hotspot\bin\java.dll
Event: 0.044 Loaded shared library C:\Program Files\Microsoft\jdk-17.0.10.7-hotspot\bin\jsvml.dll
Event: 0.103 Loaded shared library C:\Program Files\Microsoft\jdk-17.0.10.7-hotspot\bin\net.dll
Event: 0.106 Loaded shared library C:\Program Files\Microsoft\jdk-17.0.10.7-hotspot\bin\nio.dll
Event: 0.113 Loaded shared library C:\Program Files\Microsoft\jdk-17.0.10.7-hotspot\bin\zip.dll
Event: 0.645 Loaded shared library C:\Program Files\Microsoft\jdk-17.0.10.7-hotspot\bin\jimage.dll
Event: 0.865 Loaded shared library C:\Program Files\Microsoft\jdk-17.0.10.7-hotspot\bin\verify.dll
Event: 2.027 Loaded shared library C:\Users\Prem Chakankar\.gradle\native\68d5fa5c4cc2d200863cafc0d521ce42e7d3e7ee720ec0a83991735586a16f82\windows-amd64\native-platform.dll
Event: 2.035 Loaded shared library C:\Users\Prem Chakankar\.gradle\native\e376f236ea51e6404a007f0833ffe2c6e607c4080706a723a18a27aeea778392\windows-amd64\native-platform-file-events.dll
Event: 4.196 Loaded shared library C:\Program Files\Microsoft\jdk-17.0.10.7-hotspot\bin\management.dll
Event: 4.202 Loaded shared library C:\Program Files\Microsoft\jdk-17.0.10.7-hotspot\bin\management_ext.dll
Event: 4.624 Loaded shared library C:\Program Files\Microsoft\jdk-17.0.10.7-hotspot\bin\extnet.dll
Event: 5.167 Loaded shared library C:\Program Files\Microsoft\jdk-17.0.10.7-hotspot\bin\sunmscapi.dll

Deoptimization events (20 events):
Event: 53.074 Thread 0x0000027a32c8b260 DEOPT PACKING pc=0x0000027a07e3fecc sp=0x000000f13befe1f0
Event: 53.074 Thread 0x0000027a32c8b260 DEOPT UNPACKING pc=0x0000027a075869a3 sp=0x000000f13befe0e0 mode 2
Event: 53.276 Thread 0x0000027a32c88ef0 Uncommon trap: trap_request=0xffffff45 fr.pc=0x0000027a07cc5300 relative=0x0000000000000540
Event: 53.276 Thread 0x0000027a32c88ef0 Uncommon trap: reason=unstable_if action=reinterpret pc=0x0000027a07cc5300 method=java.lang.StringLatin1.compareToCI([B[B)I @ 68 c2
Event: 53.276 Thread 0x0000027a32c88ef0 DEOPT PACKING pc=0x0000027a07cc5300 sp=0x000000f13bdfb420
Event: 53.276 Thread 0x0000027a32c88ef0 DEOPT UNPACKING pc=0x0000027a075869a3 sp=0x000000f13bdfb310 mode 2
Event: 53.278 Thread 0x0000027a32c88ef0 Uncommon trap: trap_request=0xffffffc6 fr.pc=0x0000027a07d622e8 relative=0x0000000000000788
Event: 53.278 Thread 0x0000027a32c88ef0 Uncommon trap: reason=bimorphic_or_optimized_type_check action=maybe_recompile pc=0x0000027a07d622e8 method=java.util.stream.MatchOps$MatchOp.evaluateSequential(Ljava/util/stream/PipelineHelper;Ljava/util/Spliterator;)Ljava/lang/Boolean; @ 14 c2
Event: 53.278 Thread 0x0000027a32c88ef0 DEOPT PACKING pc=0x0000027a07d622e8 sp=0x000000f13bdfab60
Event: 53.278 Thread 0x0000027a32c88ef0 DEOPT UNPACKING pc=0x0000027a075869a3 sp=0x000000f13bdfaa98 mode 2
Event: 53.282 Thread 0x0000027a32c88ef0 Uncommon trap: trap_request=0xffffff45 fr.pc=0x0000027a07b7f674 relative=0x00000000000001d4
Event: 53.282 Thread 0x0000027a32c88ef0 Uncommon trap: reason=unstable_if action=reinterpret pc=0x0000027a07b7f674 method=com.google.common.collect.RegularImmutableSet.contains(Ljava/lang/Object;)Z @ 11 c2
Event: 53.282 Thread 0x0000027a32c88ef0 DEOPT PACKING pc=0x0000027a07b7f674 sp=0x000000f13bdfac50
Event: 53.282 Thread 0x0000027a32c88ef0 DEOPT UNPACKING pc=0x0000027a075869a3 sp=0x000000f13bdfabe8 mode 2
Event: 53.293 Thread 0x0000027a32c88ef0 Uncommon trap: trap_request=0xffffff45 fr.pc=0x0000027a07b6646c relative=0x00000000000002ac
Event: 53.293 Thread 0x0000027a32c88ef0 Uncommon trap: reason=unstable_if action=reinterpret pc=0x0000027a07b6646c method=org.gradle.internal.file.FileHierarchySet$Node.isChildOfOrThis(Ljava/lang/String;I)Z @ 89 c2
Event: 53.293 Thread 0x0000027a32c88ef0 DEOPT PACKING pc=0x0000027a07b6646c sp=0x000000f13bdfac60
Event: 53.293 Thread 0x0000027a32c88ef0 DEOPT UNPACKING pc=0x0000027a075869a3 sp=0x000000f13bdfabe8 mode 2
Event: 53.359 Thread 0x0000027a32c88ef0 DEOPT PACKING pc=0x0000027a00651108 sp=0x000000f13bdfbe80
Event: 53.359 Thread 0x0000027a32c88ef0 DEOPT UNPACKING pc=0x0000027a07587143 sp=0x000000f13bdfb358 mode 0

Classes unloaded (0 events):
No events

Classes redefined (0 events):
No events

Internal exceptions (20 events):
Event: 46.717 Thread 0x0000027a315c8650 Exception <a 'java/lang/ClassNotFoundException'{0x00000000870fbc30}: org/gradle/api/internal/artifacts/DefaultArtifactRepositoryContainerBeanInfo> (0x00000000870fbc30) 
thrown [s\src\hotspot\share\classfile\systemDictionary.cpp, line 256]
Event: 46.718 Thread 0x0000027a315c8650 Exception <a 'java/lang/ClassNotFoundException'{0x0000000086f10d28}: org/gradle/api/internal/DefaultNamedDomainObjectListBeanInfo> (0x0000000086f10d28) 
thrown [s\src\hotspot\share\classfile\systemDictionary.cpp, line 256]
Event: 46.720 Thread 0x0000027a315c8650 Exception <a 'java/lang/ClassNotFoundException'{0x0000000086f25d48}: org/gradle/api/internal/DefaultNamedDomainObjectCollectionBeanInfo> (0x0000000086f25d48) 
thrown [s\src\hotspot\share\classfile\systemDictionary.cpp, line 256]
Event: 46.741 Thread 0x0000027a315c8650 Exception <a 'java/lang/ClassNotFoundException'{0x0000000086f3aba8}: org/gradle/api/internal/DefaultDomainObjectCollectionBeanInfo> (0x0000000086f3aba8) 
thrown [s\src\hotspot\share\classfile\systemDictionary.cpp, line 256]
Event: 46.743 Thread 0x0000027a315c8650 Exception <a 'java/lang/ClassNotFoundException'{0x0000000086f4fb40}: org/gradle/api/internal/DefaultDomainObjectCollectionCustomizer> (0x0000000086f4fb40) 
thrown [s\src\hotspot\share\classfile\systemDictionary.cpp, line 256]
Event: 46.750 Thread 0x0000027a315c8650 Exception <a 'java/lang/ClassNotFoundException'{0x0000000086f85120}: org/gradle/api/internal/DefaultNamedDomainObjectCollectionCustomizer> (0x0000000086f85120) 
thrown [s\src\hotspot\share\classfile\systemDictionary.cpp, line 256]
Event: 46.758 Thread 0x0000027a315c8650 Exception <a 'java/lang/ClassNotFoundException'{0x0000000086fc1940}: org/gradle/api/internal/DefaultNamedDomainObjectListCustomizer> (0x0000000086fc1940) 
thrown [s\src\hotspot\share\classfile\systemDictionary.cpp, line 256]
Event: 46.801 Thread 0x0000027a315c8650 Exception <a 'java/lang/ClassNotFoundException'{0x0000000086ff4de0}: org/gradle/api/internal/artifacts/DefaultArtifactRepositoryContainerCustomizer> (0x0000000086ff4de0) 
thrown [s\src\hotspot\share\classfile\systemDictionary.cpp, line 256]
Event: 46.824 Thread 0x0000027a315c8650 Exception <a 'java/lang/ClassNotFoundException'{0x0000000086e1f7c0}: org/gradle/api/internal/artifacts/dsl/DefaultRepositoryHandlerCustomizer> (0x0000000086e1f7c0) 
thrown [s\src\hotspot\share\classfile\systemDictionary.cpp, line 256]
Event: 46.835 Thread 0x0000027a315c8650 Exception <a 'java/lang/ClassNotFoundException'{0x0000000086e57440}: org/gradle/api/internal/artifacts/dsl/DefaultRepositoryHandler_DecoratedCustomizer> (0x0000000086e57440) 
thrown [s\src\hotspot\share\classfile\systemDictionary.cpp, line 256]
Event: 46.912 Thread 0x0000027a315c8650 Exception <a 'java/lang/ClassNotFoundException'{0x0000000086ee8ed0}: org/gradle/api/internal/artifacts/dsl/dependencies/DefaultDependencyHandler_DecoratedBeanInfo> (0x0000000086ee8ed0) 
thrown [s\src\hotspot\share\classfile\systemDictionary.cpp, line 256]
Event: 46.924 Thread 0x0000027a315c8650 Exception <a 'java/lang/ClassNotFoundException'{0x0000000086d012e8}: org/gradle/api/internal/artifacts/dsl/dependencies/DefaultDependencyHandlerBeanInfo> (0x0000000086d012e8) 
thrown [s\src\hotspot\share\classfile\systemDictionary.cpp, line 256]
Event: 46.926 Thread 0x0000027a315c8650 Exception <a 'java/lang/ClassNotFoundException'{0x0000000086d18c20}: org/gradle/api/internal/artifacts/dsl/dependencies/DefaultDependencyHandlerCustomizer> (0x0000000086d18c20) 
thrown [s\src\hotspot\share\classfile\systemDictionary.cpp, line 256]
Event: 46.946 Thread 0x0000027a315c8650 Exception <a 'java/lang/ClassNotFoundException'{0x0000000086d57920}: org/gradle/api/internal/artifacts/dsl/dependencies/DefaultDependencyHandler_DecoratedCustomizer> (0x0000000086d57920) 
thrown [s\src\hotspot\share\classfile\systemDictionary.cpp, line 256]
Event: 49.969 Thread 0x0000027a315c8650 Exception <a 'java/lang/NoSuchMethodError'{0x0000000088c5a430}: 'java.lang.Object java.lang.invoke.DirectMethodHandle$Holder.newInvokeSpecial(java.lang.Object, java.lang.Object, java.lang.Object, java.lang.Object, java.lang.Object, java.lang.Object, java.lang.Object, java.lang.Object, java.lang.Object)'> (0x0000000088c5a430) 
thrown [s\src\hotspot\share\interpreter\linkResolver.cpp, line 759]
Event: 50.021 Thread 0x0000027a315c8650 Exception <a 'java/lang/NoSuchMethodError'{0x0000000088c600d0}: 'java.lang.Object java.lang.invoke.Invokers$Holder.linkToTargetMethod(java.lang.Object, java.lang.Object, java.lang.Object, java.lang.Object, java.lang.Object, java.lang.Object, java.lang.Object, java.lang.Object, java.lang.Object)'> (0x0000000088c600d0) 
thrown [s\src\hotspot\share\interpreter\linkResolver.cpp, line 759]
Event: 51.457 Thread 0x0000027a33ee8ee0 Exception <a 'java/lang/NoSuchMethodError'{0x0000000087caef80}: 'java.lang.Object java.lang.invoke.DirectMethodHandle$Holder.newInvokeSpecial(java.lang.Object, java.lang.Object, java.lang.Object, java.lang.Object, int, java.lang.Object)'> (0x0000000087caef80) 
thrown [s\src\hotspot\share\interpreter\linkResolver.cpp, line 759]
Event: 51.458 Thread 0x0000027a33ee8ee0 Exception <a 'java/lang/NoSuchMethodError'{0x0000000087cb32a0}: 'java.lang.Object java.lang.invoke.Invokers$Holder.linkToTargetMethod(java.lang.Object, java.lang.Object, java.lang.Object, int, java.lang.Object, java.lang.Object)'> (0x0000000087cb32a0) 
thrown [s\src\hotspot\share\interpreter\linkResolver.cpp, line 759]
Event: 51.503 Thread 0x0000027a32c88ef0 Exception <a 'java/lang/NoSuchMethodError'{0x0000000087b48450}: 'void java.lang.invoke.DirectMethodHandle$Holder.invokeInterface(java.lang.Object, java.lang.Object, java.lang.Object, java.lang.Object)'> (0x0000000087b48450) 
thrown [s\src\hotspot\share\interpreter\linkResolver.cpp, line 759]
Event: 53.110 Thread 0x0000027a32c88ef0 Exception <a 'java/lang/NoSuchMethodError'{0x0000000087943828}: 'int java.lang.invoke.DirectMethodHandle$Holder.invokeSpecial(java.lang.Object, java.lang.Object, java.lang.Object, java.lang.Object, java.lang.Object)'> (0x0000000087943828) 
thrown [s\src\hotspot\share\interpreter\linkResolver.cpp, line 759]

VM Operations (20 events):
Event: 46.723 Executing VM operation: Cleanup
Event: 46.741 Executing VM operation: Cleanup done
Event: 47.545 Executing VM operation: G1CollectForAllocation
Event: 47.577 Executing VM operation: G1CollectForAllocation done
Event: 47.881 Executing VM operation: HandshakeAllThreads
Event: 47.881 Executing VM operation: HandshakeAllThreads done
Event: 48.487 Executing VM operation: ICBufferFull
Event: 48.487 Executing VM operation: ICBufferFull done
Event: 49.492 Executing VM operation: Cleanup
Event: 49.517 Executing VM operation: Cleanup done
Event: 50.366 Executing VM operation: ICBufferFull
Event: 50.367 Executing VM operation: ICBufferFull done
Event: 51.379 Executing VM operation: Cleanup
Event: 51.395 Executing VM operation: Cleanup done
Event: 51.479 Executing VM operation: HandshakeAllThreads
Event: 51.489 Executing VM operation: HandshakeAllThreads done
Event: 52.499 Executing VM operation: Cleanup
Event: 52.499 Executing VM operation: Cleanup done
Event: 53.108 Executing VM operation: HandshakeAllThreads
Event: 53.109 Executing VM operation: HandshakeAllThreads done

Events (20 events):
Event: 45.985 loading class java/nio/channels/Channels$1
Event: 45.986 loading class java/nio/channels/Channels$1 done
Event: 47.046 Thread 0x0000027a33ee6b70 Thread added: 0x0000027a33ee6b70
Event: 51.336 Thread 0x0000027a33ee8ee0 Thread added: 0x0000027a33ee8ee0
Event: 51.411 Thread 0x0000027a33ee93f0 Thread added: 0x0000027a33ee93f0
Event: 51.412 Thread 0x0000027a33ee3de0 Thread added: 0x0000027a33ee3de0
Event: 51.412 Thread 0x0000027a33eea320 Thread added: 0x0000027a33eea320
Event: 51.412 Thread 0x0000027a33eea830 Thread added: 0x0000027a33eea830
Event: 51.412 Thread 0x0000027a33eeb760 Thread added: 0x0000027a33eeb760
Event: 51.412 Thread 0x0000027a33ee4800 Thread added: 0x0000027a33ee4800
Event: 51.412 Thread 0x0000027a315c53b0 Thread added: 0x0000027a315c53b0
Event: 51.412 Thread 0x0000027a315c6d00 Thread added: 0x0000027a315c6d00
Event: 51.412 Thread 0x0000027a315c7c30 Thread added: 0x0000027a315c7c30
Event: 51.412 Thread 0x0000027a32f9d680 Thread added: 0x0000027a32f9d680
Event: 51.412 Thread 0x0000027a32c88ef0 Thread added: 0x0000027a32c88ef0
Event: 51.514 Thread 0x0000027a32c8b260 Thread added: 0x0000027a32c8b260
Event: 53.681 Thread 0x0000027a32c8c6a0 Thread added: 0x0000027a32c8c6a0
Event: 53.688 Thread 0x0000027a32c8ad50 Thread added: 0x0000027a32c8ad50
Event: 53.694 Thread 0x0000027a32c8dff0 Thread added: 0x0000027a32c8dff0
Event: 53.695 Thread 0x0000027a32c87ab0 Thread added: 0x0000027a32c87ab0


Dynamic libraries:
0x00007ff753e80000 - 0x00007ff753e8e000 	C:\Program Files\Microsoft\jdk-17.0.10.7-hotspot\bin\java.exe
0x00007ff82a490000 - 0x00007ff82a6a7000 	C:\windows\SYSTEM32\ntdll.dll
0x00007ff828ff0000 - 0x00007ff8290b4000 	C:\windows\System32\KERNEL32.DLL
0x00007ff827960000 - 0x00007ff827d0c000 	C:\windows\System32\KERNELBASE.dll
0x00007ff827e20000 - 0x00007ff827f31000 	C:\windows\System32\ucrtbase.dll
0x00007fffdf090000 - 0x00007fffdf0ab000 	C:\Program Files\Microsoft\jdk-17.0.10.7-hotspot\bin\VCRUNTIME140.dll
0x00007fffdfea0000 - 0x00007fffdfeb7000 	C:\Program Files\Microsoft\jdk-17.0.10.7-hotspot\bin\jli.dll
0x00007ff829870000 - 0x00007ff829a1e000 	C:\windows\System32\USER32.dll
0x00007ff828030000 - 0x00007ff828056000 	C:\windows\System32\win32u.dll
0x00007ff82a420000 - 0x00007ff82a449000 	C:\windows\System32\GDI32.dll
0x00007ff8277c0000 - 0x00007ff8278d9000 	C:\windows\System32\gdi32full.dll
0x00007ff827d10000 - 0x00007ff827daa000 	C:\windows\System32\msvcp_win.dll
0x00007ff807ba0000 - 0x00007ff807e33000 	C:\windows\WinSxS\amd64_microsoft.windows.common-controls_6595b64144ccf1df_6.0.22621.3672_none_2713b9d173822955\COMCTL32.dll
0x00007ff829a20000 - 0x00007ff829ac7000 	C:\windows\System32\msvcrt.dll
0x00007ff8284a0000 - 0x00007ff8284d1000 	C:\windows\System32\IMM32.DLL
0x00007ff806ba0000 - 0x00007ff806bac000 	C:\Program Files\Microsoft\jdk-17.0.10.7-hotspot\bin\vcruntime140_1.dll
0x00007fffc9970000 - 0x00007fffc99fd000 	C:\Program Files\Microsoft\jdk-17.0.10.7-hotspot\bin\msvcp140.dll
0x00007fff984a0000 - 0x00007fff99105000 	C:\Program Files\Microsoft\jdk-17.0.10.7-hotspot\bin\server\jvm.dll
0x00007ff8292d0000 - 0x00007ff829382000 	C:\windows\System32\ADVAPI32.dll
0x00007ff828c70000 - 0x00007ff828d1a000 	C:\windows\System32\sechost.dll
0x00007ff828000000 - 0x00007ff828028000 	C:\windows\System32\bcrypt.dll
0x00007ff828ed0000 - 0x00007ff828fe5000 	C:\windows\System32\RPCRT4.dll
0x00007ff826630000 - 0x00007ff82667d000 	C:\windows\SYSTEM32\POWRPROF.dll
0x00007ffff33a0000 - 0x00007ffff33a9000 	C:\windows\SYSTEM32\WSOCK32.dll
0x00007ff82a3a0000 - 0x00007ff82a411000 	C:\windows\System32\WS2_32.dll
0x00007ff81e3d0000 - 0x00007ff81e3da000 	C:\windows\SYSTEM32\VERSION.dll
0x00007ff821330000 - 0x00007ff821364000 	C:\windows\SYSTEM32\WINMM.dll
0x00007ff826610000 - 0x00007ff826623000 	C:\windows\SYSTEM32\UMPDC.dll
0x00007ff8268e0000 - 0x00007ff8268f8000 	C:\windows\SYSTEM32\kernel.appcore.dll
0x00007ff8062c0000 - 0x00007ff8062ca000 	C:\Program Files\Microsoft\jdk-17.0.10.7-hotspot\bin\jimage.dll
0x00007ff824fb0000 - 0x00007ff8251e2000 	C:\windows\SYSTEM32\DBGHELP.DLL
0x00007ff828780000 - 0x00007ff828b08000 	C:\windows\System32\combase.dll
0x00007ff8286a0000 - 0x00007ff828777000 	C:\windows\System32\OLEAUT32.dll
0x00007ff8131c0000 - 0x00007ff8131f2000 	C:\windows\SYSTEM32\dbgcore.DLL
0x00007ff8278e0000 - 0x00007ff82795b000 	C:\windows\System32\bcryptPrimitives.dll
0x00007fffde020000 - 0x00007fffde045000 	C:\Program Files\Microsoft\jdk-17.0.10.7-hotspot\bin\java.dll
0x00007fffa45e0000 - 0x00007fffa46b7000 	C:\Program Files\Microsoft\jdk-17.0.10.7-hotspot\bin\jsvml.dll
0x00007ff829ad0000 - 0x00007ff82a32c000 	C:\windows\System32\SHELL32.dll
0x00007ff8256d0000 - 0x00007ff825fc7000 	C:\windows\SYSTEM32\windows.storage.dll
0x00007ff825590000 - 0x00007ff8256cf000 	C:\windows\SYSTEM32\wintypes.dll
0x00007ff8290c0000 - 0x00007ff8291b4000 	C:\windows\System32\SHCORE.dll
0x00007ff8284e0000 - 0x00007ff82853e000 	C:\windows\System32\shlwapi.dll
0x00007ff8276f0000 - 0x00007ff827711000 	C:\windows\SYSTEM32\profapi.dll
0x00007fffdf070000 - 0x00007fffdf089000 	C:\Program Files\Microsoft\jdk-17.0.10.7-hotspot\bin\net.dll
0x00007ff823190000 - 0x00007ff8232c6000 	C:\windows\SYSTEM32\WINHTTP.dll
0x00007ff826d50000 - 0x00007ff826db9000 	C:\windows\system32\mswsock.dll
0x00007fffd8780000 - 0x00007fffd8796000 	C:\Program Files\Microsoft\jdk-17.0.10.7-hotspot\bin\nio.dll
0x00007fffd8760000 - 0x00007fffd8778000 	C:\Program Files\Microsoft\jdk-17.0.10.7-hotspot\bin\zip.dll
0x00007ff8030d0000 - 0x00007ff8030e0000 	C:\Program Files\Microsoft\jdk-17.0.10.7-hotspot\bin\verify.dll
0x00007fffcca90000 - 0x00007fffccab7000 	C:\Users\Prem Chakankar\.gradle\native\68d5fa5c4cc2d200863cafc0d521ce42e7d3e7ee720ec0a83991735586a16f82\windows-amd64\native-platform.dll
0x00007fffa2070000 - 0x00007fffa21b4000 	C:\Users\Prem Chakankar\.gradle\native\e376f236ea51e6404a007f0833ffe2c6e607c4080706a723a18a27aeea778392\windows-amd64\native-platform-file-events.dll
0x00007ff801750000 - 0x00007ff801759000 	C:\Program Files\Microsoft\jdk-17.0.10.7-hotspot\bin\management.dll
0x00007ff8015a0000 - 0x00007ff8015ab000 	C:\Program Files\Microsoft\jdk-17.0.10.7-hotspot\bin\management_ext.dll
0x00007ff828490000 - 0x00007ff828498000 	C:\windows\System32\PSAPI.DLL
0x00007ff826fc0000 - 0x00007ff826fdb000 	C:\windows\SYSTEM32\CRYPTSP.dll
0x00007ff826820000 - 0x00007ff826855000 	C:\windows\system32\rsaenh.dll
0x00007ff826e50000 - 0x00007ff826e78000 	C:\windows\SYSTEM32\USERENV.dll
0x00007ff826fb0000 - 0x00007ff826fbc000 	C:\windows\SYSTEM32\CRYPTBASE.dll
0x00007ff826230000 - 0x00007ff82625d000 	C:\windows\SYSTEM32\IPHLPAPI.DLL
0x00007ff828690000 - 0x00007ff828699000 	C:\windows\System32\NSI.dll
0x00007ff822fb0000 - 0x00007ff822fc9000 	C:\windows\SYSTEM32\dhcpcsvc6.DLL
0x00007ff822d10000 - 0x00007ff822d2f000 	C:\windows\SYSTEM32\dhcpcsvc.DLL
0x00007ff826260000 - 0x00007ff826358000 	C:\windows\SYSTEM32\DNSAPI.dll
0x00007ff8014e0000 - 0x00007ff8014e9000 	C:\Program Files\Microsoft\jdk-17.0.10.7-hotspot\bin\extnet.dll
0x00007ffff9920000 - 0x00007ffff992e000 	C:\Program Files\Microsoft\jdk-17.0.10.7-hotspot\bin\sunmscapi.dll
0x00007ff828060000 - 0x00007ff8281c7000 	C:\windows\System32\CRYPT32.dll
0x00007ff827170000 - 0x00007ff82719e000 	C:\windows\SYSTEM32\ncrypt.dll
0x00007ff827130000 - 0x00007ff827167000 	C:\windows\SYSTEM32\NTASN1.dll
0x00007fffe3390000 - 0x00007fffe3398000 	C:\windows\system32\wshunix.dll

dbghelp: loaded successfully - version: 4.0.5 - missing functions: none
symbol engine: initialized successfully - sym options: 0x614 - pdb path: .;C:\Program Files\Microsoft\jdk-17.0.10.7-hotspot\bin;C:\windows\SYSTEM32;C:\windows\WinSxS\amd64_microsoft.windows.common-controls_6595b64144ccf1df_6.0.22621.3672_none_2713b9d173822955;C:\Program Files\Microsoft\jdk-17.0.10.7-hotspot\bin\server;C:\Users\Prem Chakankar\.gradle\native\68d5fa5c4cc2d200863cafc0d521ce42e7d3e7ee720ec0a83991735586a16f82\windows-amd64;C:\Users\Prem Chakankar\.gradle\native\e376f236ea51e6404a007f0833ffe2c6e607c4080706a723a18a27aeea778392\windows-amd64

VM Arguments:
jvm_args: -XX:MaxMetaspaceSize=512m --add-opens=java.base/java.util=ALL-UNNAMED --add-opens=java.base/java.lang=ALL-UNNAMED --add-opens=java.base/java.lang.invoke=ALL-UNNAMED --add-opens=java.prefs/java.util.prefs=ALL-UNNAMED --add-opens=java.base/java.nio.charset=ALL-UNNAMED --add-opens=java.base/java.net=ALL-UNNAMED --add-opens=java.base/java.util.concurrent.atomic=ALL-UNNAMED -Xmx2048m -Dfile.encoding=windows-1252 -Duser.country=IN -Duser.language=en -Duser.variant 
java_command: org.gradle.launcher.daemon.bootstrap.GradleDaemon 8.0.1
java_class_path (initial): C:\Users\Prem Chakankar\.gradle\wrapper\dists\gradle-8.0.1-all\aro4hu1c3oeioove7l0i4i14o\gradle-8.0.1\lib\gradle-launcher-8.0.1.jar
Launcher Type: SUN_STANDARD

[Global flags]
     intx CICompilerCount                          = 4                                         {product} {ergonomic}
   size_t CompressedClassSpaceSize                 = 436207616                                 {product} {ergonomic}
     uint ConcGCThreads                            = 3                                         {product} {ergonomic}
     uint G1ConcRefinementThreads                  = 10                                        {product} {ergonomic}
   size_t G1HeapRegionSize                         = 1048576                                   {product} {ergonomic}
    uintx GCDrainStackTargetSize                   = 64                                        {product} {ergonomic}
   size_t InitialHeapSize                          = 130023424                                 {product} {ergonomic}
   size_t MarkStackSize                            = 4194304                                   {product} {ergonomic}
   size_t MaxHeapSize                              = 2147483648                                {product} {command line}
   size_t MaxMetaspaceSize                         = 536870912                                 {product} {command line}
   size_t MaxNewSize                               = 1287651328                                {product} {ergonomic}
   size_t MinHeapDeltaBytes                        = 1048576                                   {product} {ergonomic}
   size_t MinHeapSize                              = 8388608                                   {product} {ergonomic}
    uintx NonNMethodCodeHeapSize                   = 5839372                                {pd product} {ergonomic}
    uintx NonProfiledCodeHeapSize                  = 122909434                              {pd product} {ergonomic}
    uintx ProfiledCodeHeapSize                     = 122909434                              {pd product} {ergonomic}
    uintx ReservedCodeCacheSize                    = 251658240                              {pd product} {ergonomic}
     bool SegmentedCodeCache                       = true                                      {product} {ergonomic}
   size_t SoftMaxHeapSize                          = 2147483648                             {manageable} {ergonomic}
     bool UseCompressedClassPointers               = true                           {product lp64_product} {ergonomic}
     bool UseCompressedOops                        = true                           {product lp64_product} {ergonomic}
     bool UseG1GC                                  = true                                      {product} {ergonomic}
     bool UseLargePagesIndividualAllocation        = false                                  {pd product} {ergonomic}

Logging:
Log output configuration:
 #0: stdout all=warning uptime,level,tags
 #1: stderr all=off uptime,level,tags

Environment Variables:
JAVA_HOME=C:\Program Files\Microsoft\jdk-17.0.10.7-hotspot\
CLASSPATH=D:\LOS APPLICATION\los\LOS_App\android\\gradle\wrapper\gradle-wrapper.jar
PATH=D:\LOS APPLICATION\los\LOS_App\node_modules\.bin;D:\LOS APPLICATION\los\LOS_App\node_modules\.bin;D:\LOS APPLICATION\los\node_modules\.bin;D:\LOS APPLICATION\node_modules\.bin;D:\node_modules\.bin;C:\Program Files\nodejs\node_modules\npm\node_modules\@npmcli\run-script\lib\node-gyp-bin;D:\LOS APPLICATION\los\LOS_App\node_modules\.bin;D:\LOS APPLICATION\los\node_modules\.bin;D:\LOS APPLICATION\node_modules\.bin;D:\node_modules\.bin;C:\Program Files\nodejs\node_modules\npm\node_modules\@npmcli\run-script\lib\node-gyp-bin;C:\Program Files\Microsoft\jdk-17.0.10.7-hotspot\bin;C:\Oracle\product\21c\dbhomeXE\bin;C:\Program Files\Common Files\Oracle\Java\javapath;C:\Python311\Scripts\;C:\Python311\;C:\windows\system32;C:\windows;C:\windows\System32\Wbem;C:\windows\System32\WindowsPowerShell\v1.0\;C:\windows\System32\OpenSSH\;C:\Program Files (x86)\NVIDIA Corporation\PhysX\Common;C:\Program Files\NVIDIA Corporation\NVIDIA NvDLISR;C:\ProgramData\chocolatey\bin;C:\mongosh-1.10.6-win32-x64\bin;C:\Program Files\Git\cmd;C:\apache-maven-3.9.6\bin;C:\Program Files\HP\HP One Agent;C:\Program Files\nodejs\;C:\Users\Prem Chakankar\AppData\Local\Android\Sdk\platform-tools;C:\Users\Prem Chakankar\AppData\Local\Android\Sdk\tools;C:\Users\Prem Chakankar\AppData\Local\Microsoft\WindowsApps;C:\Users\Prem Chakankar\AppData\Local\Programs\Microsoft VS Code\bin;C:\mongosh-1.10.6-win32-x64\bin;C:\Users\Prem Chakankar\AppData\Roaming\npm;C:\Users\Prem Chakankar\AppData\Local\Android\Sdk;
USERNAME=Prem Chakankar
LANG=en_US.UTF-8
OS=Windows_NT
PROCESSOR_IDENTIFIER=Intel64 Family 6 Model 154 Stepping 3, GenuineIntel
TMP=C:\Users\PREMCH~1\AppData\Local\Temp
TEMP=C:\Users\PREMCH~1\AppData\Local\Temp



Periodic native trim disabled


---------------  S Y S T E M  ---------------

OS:
 Windows 11 , 64 bit Build 22621 (10.0.22621.3672)
OS uptime: 0 days 1:39 hours
Hyper-V role detected

CPU: total 12 (initial active 12) (6 cores per cpu, 2 threads per core) family 6 model 154 stepping 3 microcode 0x42c, cx8, cmov, fxsr, ht, mmx, 3dnowpref, sse, sse2, sse3, ssse3, sse4.1, sse4.2, popcnt, lzcnt, tsc, tscinvbit, avx, avx2, aes, erms, clmul, bmi1, bmi2, adx, sha, fma, vzeroupper, clflush, clflushopt, clwb, hv
Processor Information for processor 0
  Max Mhz: 2000, Current Mhz: 2000, Mhz Limit: 2000
Processor Information for processor 1
  Max Mhz: 2000, Current Mhz: 2000, Mhz Limit: 2000
Processor Information for processor 2
  Max Mhz: 2000, Current Mhz: 2000, Mhz Limit: 2000
Processor Information for processor 3
  Max Mhz: 2000, Current Mhz: 2000, Mhz Limit: 2000
Processor Information for processor 4
  Max Mhz: 2000, Current Mhz: 2000, Mhz Limit: 2000
Processor Information for processor 5
  Max Mhz: 2000, Current Mhz: 2000, Mhz Limit: 2000
Processor Information for processor 6
  Max Mhz: 2000, Current Mhz: 2000, Mhz Limit: 2000
Processor Information for processor 7
  Max Mhz: 2000, Current Mhz: 2000, Mhz Limit: 2000
Processor Information for processor 8
  Max Mhz: 2000, Current Mhz: 1500, Mhz Limit: 1500
Processor Information for processor 9
  Max Mhz: 2000, Current Mhz: 1500, Mhz Limit: 1500
Processor Information for processor 10
  Max Mhz: 2000, Current Mhz: 1500, Mhz Limit: 1500
Processor Information for processor 11
  Max Mhz: 2000, Current Mhz: 1500, Mhz Limit: 1500

Memory: 4k page, system-wide physical 7860M (16M free)
TotalPageFile size 25360M (AvailPageFile size 0M)
current process WorkingSet (physical memory assigned to process): 173M, peak: 277M
current process commit charge ("private bytes"): 388M, peak: 394M

vm_info: OpenJDK 64-Bit Server VM (17.0.10+7-LTS) for windows-amd64 JRE (17.0.10+7-LTS), built on Jan 10 2024 19:47:12 by "MicrosoftCorporation" with MS VC++ 16.10 / 16.11 (VS2019)

END.
