#
# There is insufficient memory for the Java Runtime Environment to continue.
# Native memory allocation (mmap) failed to map 67108864 bytes for G1 virtual space
# Possible reasons:
#   The system is out of physical RAM or swap space
#   The process is running with CompressedOops enabled, and the Java Heap may be blocking the growth of the native heap
# Possible solutions:
#   Reduce memory load on the system
#   Increase physical memory or swap space
#   Check if swap backing store is full
#   Decrease Java heap size (-Xmx/-Xms)
#   Decrease number of Java threads
#   Decrease Java thread stack sizes (-Xss)
#   Set larger code cache with -XX:ReservedCodeCacheSize=
#   JVM is running with Unscaled Compressed Oops mode in which the Java heap is
#     placed in the first 4GB address space. The Java Heap base address is the
#     maximum limit for the native heap growth. Please use -XX:HeapBaseMinAddress
#     to set the Java Heap base and to place the Java Heap above 4GB virtual address.
# This output file may be truncated or incomplete.
#
#  Out of Memory Error (os_windows.cpp:3613), pid=23176, tid=25472
#
# JRE version:  (17.0.10+7) (build )
# Java VM: OpenJDK 64-Bit Server VM (17.0.10+7-LTS, mixed mode, sharing, tiered, compressed oops, compressed class ptrs, g1 gc, windows-amd64)
# No core dump will be written. Minidumps are not enabled by default on client versions of Windows
#

---------------  S U M M A R Y ------------

Command Line: -Xmx64m -Xms64m -Dorg.gradle.appname=gradlew org.gradle.wrapper.GradleWrapperMain app:installDebug -PreactNativeDevServerPort=8081

Host: 12th Gen Intel(R) Core(TM) i5-12450H, 12 cores, 7G,  Windows 11 , 64 bit Build 22621 (10.0.22621.3672)
Time: Tue Jun 25 12:38:05 2024 India Standard Time elapsed time: 0.121565 seconds (0d 0h 0m 0s)

---------------  T H R E A D  ---------------

Current thread (0x000001ebd8052fe0):  JavaThread "Unknown thread" [_thread_in_vm, id=25472, stack(0x000000e1cfe00000,0x000000e1cff00000)]

Stack: [0x000000e1cfe00000,0x000000e1cff00000]
Native frames: (J=compiled Java code, j=interpreted, Vv=VM code, C=native code)
V  [jvm.dll+0x67f829]
V  [jvm.dll+0x83750a]
V  [jvm.dll+0x838fce]
V  [jvm.dll+0x839633]
V  [jvm.dll+0x247cbf]
V  [jvm.dll+0x67c669]
V  [jvm.dll+0x6710da]
V  [jvm.dll+0x309b8b]
V  [jvm.dll+0x311036]
V  [jvm.dll+0x360d5e]
V  [jvm.dll+0x360f8f]
V  [jvm.dll+0x2e0798]
V  [jvm.dll+0x2e1704]
V  [jvm.dll+0x808d91]
V  [jvm.dll+0x36ec11]
V  [jvm.dll+0x7e7826]
V  [jvm.dll+0x3f245f]
V  [jvm.dll+0x3f4091]
C  [jli.dll+0x528f]
C  [ucrtbase.dll+0x29333]
C  [KERNEL32.DLL+0x1257d]
C  [ntdll.dll+0x5af28]


---------------  P R O C E S S  ---------------

Threads class SMR info:
_java_thread_list=0x00007fff98fd1ed8, length=0, elements={
}

Java Threads: ( => current thread )

Other Threads:
  0x000001ebd8073640 GCTaskThread "GC Thread#0" [stack: 0x000000e1cff00000,0x000000e1d0000000] [id=17728]
  0x000001ebd8074d90 ConcurrentGCThread "G1 Main Marker" [stack: 0x000000e1d0000000,0x000000e1d0100000] [id=26496]
  0x000001ebd80757b0 ConcurrentGCThread "G1 Conc#0" [stack: 0x000000e1d0100000,0x000000e1d0200000] [id=24616]

[error occurred during error reporting (printing all threads), id 0xc0000005, EXCEPTION_ACCESS_VIOLATION (0xc0000005) at pc=0x00007fff987911d7]

VM state: not at safepoint (not fully initialized)

VM Mutex/Monitor currently owned by a thread:  ([mutex/lock_event])
[0x000001ebd804c660] Heap_lock - owner thread: 0x000001ebd8052fe0

Heap address: 0x00000000fc000000, size: 64 MB, Compressed Oops mode: 32-bit

CDS archive(s) mapped at: [0x0000000000000000-0x0000000000000000-0x0000000000000000), size 0, SharedBaseAddress: 0x0000000800000000, ArchiveRelocationMode: 1.
Narrow klass base: 0x0000000000000000, Narrow klass shift: 0, Narrow klass range: 0x0

GC Precious Log:
<Empty>

Heap:
 garbage-first heap   total 0K, used 0K [0x00000000fc000000, 0x0000000100000000)
  region size 1024K, 0 young (0K), 0 survivors (0K)

[error occurred during error reporting (printing heap information), id 0xc0000005, EXCEPTION_ACCESS_VIOLATION (0xc0000005) at pc=0x00007fff98b79869]

GC Heap History (0 events):
No events

Dll operation events (1 events):
Event: 0.092 Loaded shared library C:\Program Files\Microsoft\jdk-17.0.10.7-hotspot\bin\java.dll

Deoptimization events (0 events):
No events

Classes unloaded (0 events):
No events

Classes redefined (0 events):
No events

Internal exceptions (0 events):
No events

VM Operations (0 events):
No events

Events (0 events):
No events


Dynamic libraries:
0x00007ff753e80000 - 0x00007ff753e8e000 	C:\Program Files\Microsoft\jdk-17.0.10.7-hotspot\bin\java.exe
0x00007ff82a490000 - 0x00007ff82a6a7000 	C:\windows\SYSTEM32\ntdll.dll
0x00007ff828ff0000 - 0x00007ff8290b4000 	C:\windows\System32\KERNEL32.DLL
0x00007ff827960000 - 0x00007ff827d0c000 	C:\windows\System32\KERNELBASE.dll
0x00007ff827e20000 - 0x00007ff827f31000 	C:\windows\System32\ucrtbase.dll
0x00007fffdfea0000 - 0x00007fffdfeb7000 	C:\Program Files\Microsoft\jdk-17.0.10.7-hotspot\bin\jli.dll
0x00007ff829870000 - 0x00007ff829a1e000 	C:\windows\System32\USER32.dll
0x00007ff828030000 - 0x00007ff828056000 	C:\windows\System32\win32u.dll
0x00007ff82a420000 - 0x00007ff82a449000 	C:\windows\System32\GDI32.dll
0x00007ff8277c0000 - 0x00007ff8278d9000 	C:\windows\System32\gdi32full.dll
0x00007ff827d10000 - 0x00007ff827daa000 	C:\windows\System32\msvcp_win.dll
0x00007fffdf090000 - 0x00007fffdf0ab000 	C:\Program Files\Microsoft\jdk-17.0.10.7-hotspot\bin\VCRUNTIME140.dll
0x00007ff807ba0000 - 0x00007ff807e33000 	C:\windows\WinSxS\amd64_microsoft.windows.common-controls_6595b64144ccf1df_6.0.22621.3672_none_2713b9d173822955\COMCTL32.dll
0x00007ff829a20000 - 0x00007ff829ac7000 	C:\windows\System32\msvcrt.dll
0x00007ff8284a0000 - 0x00007ff8284d1000 	C:\windows\System32\IMM32.DLL
0x00007ff806ba0000 - 0x00007ff806bac000 	C:\Program Files\Microsoft\jdk-17.0.10.7-hotspot\bin\vcruntime140_1.dll
0x00007fffc9970000 - 0x00007fffc99fd000 	C:\Program Files\Microsoft\jdk-17.0.10.7-hotspot\bin\msvcp140.dll
0x00007fff984a0000 - 0x00007fff99105000 	C:\Program Files\Microsoft\jdk-17.0.10.7-hotspot\bin\server\jvm.dll
0x00007ff8292d0000 - 0x00007ff829382000 	C:\windows\System32\ADVAPI32.dll
0x00007ff828c70000 - 0x00007ff828d1a000 	C:\windows\System32\sechost.dll
0x00007ff828000000 - 0x00007ff828028000 	C:\windows\System32\bcrypt.dll
0x00007ff828ed0000 - 0x00007ff828fe5000 	C:\windows\System32\RPCRT4.dll
0x00007ff826630000 - 0x00007ff82667d000 	C:\windows\SYSTEM32\POWRPROF.dll
0x00007ffff33a0000 - 0x00007ffff33a9000 	C:\windows\SYSTEM32\WSOCK32.dll
0x00007ff82a3a0000 - 0x00007ff82a411000 	C:\windows\System32\WS2_32.dll
0x00007ff821330000 - 0x00007ff821364000 	C:\windows\SYSTEM32\WINMM.dll
0x00007ff81e3d0000 - 0x00007ff81e3da000 	C:\windows\SYSTEM32\VERSION.dll
0x00007ff826610000 - 0x00007ff826623000 	C:\windows\SYSTEM32\UMPDC.dll
0x00007ff8268e0000 - 0x00007ff8268f8000 	C:\windows\SYSTEM32\kernel.appcore.dll
0x00007ff8062c0000 - 0x00007ff8062ca000 	C:\Program Files\Microsoft\jdk-17.0.10.7-hotspot\bin\jimage.dll
0x00007ff824fb0000 - 0x00007ff8251e2000 	C:\windows\SYSTEM32\DBGHELP.DLL
0x00007ff828780000 - 0x00007ff828b08000 	C:\windows\System32\combase.dll
0x00007ff8286a0000 - 0x00007ff828777000 	C:\windows\System32\OLEAUT32.dll
0x00007ff8131c0000 - 0x00007ff8131f2000 	C:\windows\SYSTEM32\dbgcore.DLL
0x00007ff8278e0000 - 0x00007ff82795b000 	C:\windows\System32\bcryptPrimitives.dll
0x00007fffde020000 - 0x00007fffde045000 	C:\Program Files\Microsoft\jdk-17.0.10.7-hotspot\bin\java.dll

dbghelp: loaded successfully - version: 4.0.5 - missing functions: none
symbol engine: initialized successfully - sym options: 0x614 - pdb path: .;C:\Program Files\Microsoft\jdk-17.0.10.7-hotspot\bin;C:\windows\SYSTEM32;C:\windows\WinSxS\amd64_microsoft.windows.common-controls_6595b64144ccf1df_6.0.22621.3672_none_2713b9d173822955;C:\Program Files\Microsoft\jdk-17.0.10.7-hotspot\bin\server

VM Arguments:
jvm_args: -Xmx64m -Xms64m -Dorg.gradle.appname=gradlew 
java_command: org.gradle.wrapper.GradleWrapperMain app:installDebug -PreactNativeDevServerPort=8081
java_class_path (initial): D:\LOS APPLICATION\los\LOS_App\android\\gradle\wrapper\gradle-wrapper.jar
Launcher Type: SUN_STANDARD

[Global flags]
     intx CICompilerCount                          = 4                                         {product} {ergonomic}
     uint ConcGCThreads                            = 3                                         {product} {ergonomic}
     uint G1ConcRefinementThreads                  = 10                                        {product} {ergonomic}
   size_t G1HeapRegionSize                         = 1048576                                   {product} {ergonomic}
    uintx GCDrainStackTargetSize                   = 64                                        {product} {ergonomic}
   size_t InitialHeapSize                          = 67108864                                  {product} {command line}
   size_t MarkStackSize                            = 4194304                                   {product} {ergonomic}
   size_t MaxHeapSize                              = 67108864                                  {product} {command line}
   size_t MinHeapDeltaBytes                        = 1048576                                   {product} {ergonomic}
   size_t MinHeapSize                              = 67108864                                  {product} {command line}
    uintx NonNMethodCodeHeapSize                   = 5839372                                {pd product} {ergonomic}
    uintx NonProfiledCodeHeapSize                  = 122909434                              {pd product} {ergonomic}
    uintx ProfiledCodeHeapSize                     = 122909434                              {pd product} {ergonomic}
    uintx ReservedCodeCacheSize                    = 251658240                              {pd product} {ergonomic}
     bool SegmentedCodeCache                       = true                                      {product} {ergonomic}
   size_t SoftMaxHeapSize                          = 67108864                               {manageable} {ergonomic}
     bool UseCompressedClassPointers               = true                           {product lp64_product} {ergonomic}
     bool UseCompressedOops                        = true                           {product lp64_product} {ergonomic}
     bool UseG1GC                                  = true                                      {product} {ergonomic}
     bool UseLargePagesIndividualAllocation        = false                                  {pd product} {ergonomic}

Logging:
Log output configuration:
 #0: stdout all=warning uptime,level,tags
 #1: stderr all=off uptime,level,tags

Environment Variables:
JAVA_HOME=C:\Program Files\Microsoft\jdk-17.0.10.7-hotspot\
CLASSPATH=D:\LOS APPLICATION\los\LOS_App\android\\gradle\wrapper\gradle-wrapper.jar
PATH=D:\LOS APPLICATION\los\LOS_App\node_modules\.bin;D:\LOS APPLICATION\los\LOS_App\node_modules\.bin;D:\LOS APPLICATION\los\node_modules\.bin;D:\LOS APPLICATION\node_modules\.bin;D:\node_modules\.bin;C:\Program Files\nodejs\node_modules\npm\node_modules\@npmcli\run-script\lib\node-gyp-bin;D:\LOS APPLICATION\los\LOS_App\node_modules\.bin;D:\LOS APPLICATION\los\node_modules\.bin;D:\LOS APPLICATION\node_modules\.bin;D:\node_modules\.bin;C:\Program Files\nodejs\node_modules\npm\node_modules\@npmcli\run-script\lib\node-gyp-bin;C:\Program Files\Microsoft\jdk-17.0.10.7-hotspot\bin;C:\Oracle\product\21c\dbhomeXE\bin;C:\Program Files\Common Files\Oracle\Java\javapath;C:\Python311\Scripts\;C:\Python311\;C:\windows\system32;C:\windows;C:\windows\System32\Wbem;C:\windows\System32\WindowsPowerShell\v1.0\;C:\windows\System32\OpenSSH\;C:\Program Files (x86)\NVIDIA Corporation\PhysX\Common;C:\Program Files\NVIDIA Corporation\NVIDIA NvDLISR;C:\ProgramData\chocolatey\bin;C:\mongosh-1.10.6-win32-x64\bin;C:\Program Files\Git\cmd;C:\apache-maven-3.9.6\bin;C:\Program Files\HP\HP One Agent;C:\Program Files\nodejs\;C:\Users\Prem Chakankar\AppData\Local\Android\Sdk\platform-tools;C:\Users\Prem Chakankar\AppData\Local\Android\Sdk\tools;C:\Users\Prem Chakankar\AppData\Local\Microsoft\WindowsApps;C:\Users\Prem Chakankar\AppData\Local\Programs\Microsoft VS Code\bin;C:\mongosh-1.10.6-win32-x64\bin;C:\Users\Prem Chakankar\AppData\Roaming\npm;C:\Users\Prem Chakankar\AppData\Local\Android\Sdk;
USERNAME=Prem Chakankar
LANG=en_US.UTF-8
OS=Windows_NT
PROCESSOR_IDENTIFIER=Intel64 Family 6 Model 154 Stepping 3, GenuineIntel
TMP=C:\Users\PREMCH~1\AppData\Local\Temp
TEMP=C:\Users\PREMCH~1\AppData\Local\Temp



Periodic native trim disabled


---------------  S Y S T E M  ---------------

OS:
 Windows 11 , 64 bit Build 22621 (10.0.22621.3672)
OS uptime: 0 days 1:38 hours
Hyper-V role detected

CPU: total 12 (initial active 12) (6 cores per cpu, 2 threads per core) family 6 model 154 stepping 3 microcode 0x42c, cx8, cmov, fxsr, ht, mmx, 3dnowpref, sse, sse2, sse3, ssse3, sse4.1, sse4.2, popcnt, lzcnt, tsc, tscinvbit, avx, avx2, aes, erms, clmul, bmi1, bmi2, adx, sha, fma, vzeroupper, clflush, clflushopt, clwb, hv
Processor Information for processor 0
  Max Mhz: 2000, Current Mhz: 2000, Mhz Limit: 2000
Processor Information for processor 1
  Max Mhz: 2000, Current Mhz: 2000, Mhz Limit: 2000
Processor Information for processor 2
  Max Mhz: 2000, Current Mhz: 2000, Mhz Limit: 2000
Processor Information for processor 3
  Max Mhz: 2000, Current Mhz: 2000, Mhz Limit: 2000
Processor Information for processor 4
  Max Mhz: 2000, Current Mhz: 2000, Mhz Limit: 2000
Processor Information for processor 5
  Max Mhz: 2000, Current Mhz: 2000, Mhz Limit: 2000
Processor Information for processor 6
  Max Mhz: 2000, Current Mhz: 2000, Mhz Limit: 2000
Processor Information for processor 7
  Max Mhz: 2000, Current Mhz: 2000, Mhz Limit: 2000
Processor Information for processor 8
  Max Mhz: 2000, Current Mhz: 1500, Mhz Limit: 1500
Processor Information for processor 9
  Max Mhz: 2000, Current Mhz: 1500, Mhz Limit: 1500
Processor Information for processor 10
  Max Mhz: 2000, Current Mhz: 1500, Mhz Limit: 1500
Processor Information for processor 11
  Max Mhz: 2000, Current Mhz: 1500, Mhz Limit: 1500

Memory: 4k page, system-wide physical 7860M (71M free)
TotalPageFile size 25360M (AvailPageFile size 76M)
current process WorkingSet (physical memory assigned to process): 10M, peak: 10M
current process commit charge ("private bytes"): 63M, peak: 127M

vm_info: OpenJDK 64-Bit Server VM (17.0.10+7-LTS) for windows-amd64 JRE (17.0.10+7-LTS), built on Jan 10 2024 19:47:12 by "MicrosoftCorporation" with MS VC++ 16.10 / 16.11 (VS2019)

END.
