#
# There is insufficient memory for the Java Runtime Environment to continue.
# Native memory allocation (malloc) failed to allocate 640896 bytes for Chunk::new
# Possible reasons:
#   The system is out of physical RAM or swap space
#   The process is running with CompressedOops enabled, and the Java Heap may be blocking the growth of the native heap
# Possible solutions:
#   Reduce memory load on the system
#   Increase physical memory or swap space
#   Check if swap backing store is full
#   Decrease Java heap size (-Xmx/-Xms)
#   Decrease number of Java threads
#   Decrease Java thread stack sizes (-Xss)
#   Set larger code cache with -XX:ReservedCodeCacheSize=
#   JVM is running with Unscaled Compressed Oops mode in which the Java heap is
#     placed in the first 4GB address space. The Java Heap base address is the
#     maximum limit for the native heap growth. Please use -XX:HeapBaseMinAddress
#     to set the Java Heap base and to place the Java Heap above 4GB virtual address.
# This output file may be truncated or incomplete.
#
#  Out of Memory Error (arena.cpp:191), pid=20568, tid=2144
#
# JRE version: OpenJDK Runtime Environment Microsoft-8902769 (17.0.10+7) (build 17.0.10+7-LTS)
# Java VM: OpenJDK 64-Bit Server VM Microsoft-8902769 (17.0.10+7-LTS, mixed mode, sharing, tiered, compressed oops, compressed class ptrs, g1 gc, windows-amd64)
# No core dump will be written. Minidumps are not enabled by default on client versions of Windows
#

---------------  S U M M A R Y ------------

Command Line: -XX:MaxMetaspaceSize=512m --add-opens=java.base/java.util=ALL-UNNAMED --add-opens=java.base/java.lang=ALL-UNNAMED --add-opens=java.base/java.lang.invoke=ALL-UNNAMED --add-opens=java.prefs/java.util.prefs=ALL-UNNAMED --add-opens=java.base/java.nio.charset=ALL-UNNAMED --add-opens=java.base/java.net=ALL-UNNAMED --add-opens=java.base/java.util.concurrent.atomic=ALL-UNNAMED -Xmx2048m -Dfile.encoding=windows-1252 -Duser.country=IN -Duser.language=en -Duser.variant org.gradle.launcher.daemon.bootstrap.GradleDaemon 8.0.1

Host: 12th Gen Intel(R) Core(TM) i5-12450H, 12 cores, 7G,  Windows 11 , 64 bit Build 22621 (10.0.22621.3672)
Time: Tue Jun 25 12:39:06 2024 India Standard Time elapsed time: 52.467743 seconds (0d 0h 0m 52s)

---------------  T H R E A D  ---------------

Current thread (0x000001c94d79d770):  JavaThread "C2 CompilerThread0" daemon [_thread_in_native, id=2144, stack(0x0000006c6f700000,0x0000006c6f800000)]


Current CompileTask:
C2:  52467 6596       4       java.net.URLClassLoader$1::run (5 bytes)

Stack: [0x0000006c6f700000,0x0000006c6f800000]
Native frames: (J=compiled Java code, j=interpreted, Vv=VM code, C=native code)
V  [jvm.dll+0x67f829]
V  [jvm.dll+0x83750a]
V  [jvm.dll+0x838fce]
V  [jvm.dll+0x839633]
V  [jvm.dll+0x247cbf]
V  [jvm.dll+0xac524]
V  [jvm.dll+0xacb6c]
V  [jvm.dll+0x2af70f]
V  [jvm.dll+0x587077]
V  [jvm.dll+0x222d32]
V  [jvm.dll+0x21be6d]
V  [jvm.dll+0x219711]
V  [jvm.dll+0x1a5176]
V  [jvm.dll+0x22957e]
V  [jvm.dll+0x22774c]
V  [jvm.dll+0x7ec5d7]
V  [jvm.dll+0x7e69da]
V  [jvm.dll+0x67e715]
C  [ucrtbase.dll+0x29333]
C  [KERNEL32.DLL+0x1257d]
C  [ntdll.dll+0x5af28]


---------------  P R O C E S S  ---------------

Threads class SMR info:
_java_thread_list=0x000001c96ef03fe0, length=76, elements={
0x000001c92ce2cdc0, 0x000001c94d77dc60, 0x000001c94d77e9f0, 0x000001c94d795f20,
0x000001c94d797800, 0x000001c94d79a1e0, 0x000001c94d79cac0, 0x000001c94d79d770,
0x000001c94d79e130, 0x000001c94d7a0a50, 0x000001c94d96ba00, 0x000001c94d97bf10,
0x000001c96df6d770, 0x000001c96e7368b0, 0x000001c96e114dc0, 0x000001c96dbdd990,
0x000001c96e830c90, 0x000001c96dc8d410, 0x000001c96dad0290, 0x000001c96dacdf20,
0x000001c96daccff0, 0x000001c96dad07a0, 0x000001c96dacd500, 0x000001c96dacda10,
0x000001c96dace940, 0x000001c96dacee50, 0x000001c96dacf360, 0x000001c96dacf870,
0x000001c96dacfd80, 0x000001c96f63f850, 0x000001c96f644950, 0x000001c96f6416b0,
0x000001c96f643a20, 0x000001c96f643000, 0x000001c96f643f30, 0x000001c96f6462a0,
0x000001c96f643510, 0x000001c96f646cc0, 0x000001c96f640c90, 0x000001c96f6420d0,
0x000001c96f640270, 0x000001c96f644e60, 0x000001c96f63fd60, 0x000001c96f644440,
0x000001c96f642af0, 0x000001c96f6411a0, 0x000001c96f645370, 0x000001c96f645880,
0x000001c96f6467b0, 0x000001c96f6471d0, 0x000001c96f640780, 0x000001c96f32cba0,
0x000001c96f32bc70, 0x000001c96f32e4f0, 0x000001c96f32f420, 0x000001c96f32c690,
0x000001c96f32f930, 0x000001c96f32ea00, 0x000001c96f32ef10, 0x000001c96f330d70,
0x000001c96f32fe40, 0x000001c96f330350, 0x000001c96f330860, 0x000001c96f32dfe0,
0x000001c96f32dad0, 0x000001c96f32d0b0, 0x000001c96f32c180, 0x000001c96f32d5c0,
0x000001c96f329900, 0x000001c96f331280, 0x000001c96f329e10, 0x000001c96f32a320,
0x000001c96f32a830, 0x000001c96f32ad40, 0x000001c96f32b250, 0x000001c96ec810e0
}

Java Threads: ( => current thread )
  0x000001c92ce2cdc0 JavaThread "main" [_thread_blocked, id=13012, stack(0x0000006c6ea00000,0x0000006c6eb00000)]
  0x000001c94d77dc60 JavaThread "Reference Handler" daemon [_thread_blocked, id=25404, stack(0x0000006c6f100000,0x0000006c6f200000)]
  0x000001c94d77e9f0 JavaThread "Finalizer" daemon [_thread_blocked, id=25324, stack(0x0000006c6f200000,0x0000006c6f300000)]
  0x000001c94d795f20 JavaThread "Signal Dispatcher" daemon [_thread_blocked, id=20676, stack(0x0000006c6f300000,0x0000006c6f400000)]
  0x000001c94d797800 JavaThread "Attach Listener" daemon [_thread_blocked, id=21664, stack(0x0000006c6f400000,0x0000006c6f500000)]
  0x000001c94d79a1e0 JavaThread "Service Thread" daemon [_thread_blocked, id=25200, stack(0x0000006c6f500000,0x0000006c6f600000)]
  0x000001c94d79cac0 JavaThread "Monitor Deflation Thread" daemon [_thread_blocked, id=23724, stack(0x0000006c6f600000,0x0000006c6f700000)]
=>0x000001c94d79d770 JavaThread "C2 CompilerThread0" daemon [_thread_in_native, id=2144, stack(0x0000006c6f700000,0x0000006c6f800000)]
  0x000001c94d79e130 JavaThread "C1 CompilerThread0" daemon [_thread_blocked, id=2928, stack(0x0000006c6f800000,0x0000006c6f900000)]
  0x000001c94d7a0a50 JavaThread "Sweeper thread" daemon [_thread_blocked, id=12700, stack(0x0000006c6f900000,0x0000006c6fa00000)]
  0x000001c94d96ba00 JavaThread "Common-Cleaner" daemon [_thread_blocked, id=12316, stack(0x0000006c6fa00000,0x0000006c6fb00000)]
  0x000001c94d97bf10 JavaThread "Notification Thread" daemon [_thread_blocked, id=18404, stack(0x0000006c6fb00000,0x0000006c6fc00000)]
  0x000001c96df6d770 JavaThread "Daemon health stats" [_thread_blocked, id=22616, stack(0x0000006c70100000,0x0000006c70200000)]
  0x000001c96e7368b0 JavaThread "Incoming local TCP Connector on port 52067" [_thread_in_native, id=21336, stack(0x0000006c70200000,0x0000006c70300000)]
  0x000001c96e114dc0 JavaThread "Daemon periodic checks" [_thread_blocked, id=20024, stack(0x0000006c70300000,0x0000006c70400000)]
  0x000001c96dbdd990 JavaThread "Daemon" [_thread_blocked, id=23012, stack(0x0000006c70400000,0x0000006c70500000)]
  0x000001c96e830c90 JavaThread "Handler for socket connection from /127.0.0.1:52067 to /127.0.0.1:52068" [_thread_in_native, id=23628, stack(0x0000006c70500000,0x0000006c70600000)]
  0x000001c96dc8d410 JavaThread "Cancel handler" [_thread_blocked, id=25996, stack(0x0000006c70600000,0x0000006c70700000)]
  0x000001c96dad0290 JavaThread "Daemon worker" [_thread_in_Java, id=23080, stack(0x0000006c70700000,0x0000006c70800000)]
  0x000001c96dacdf20 JavaThread "Asynchronous log dispatcher for DefaultDaemonConnection: socket connection from /127.0.0.1:52067 to /127.0.0.1:52068" [_thread_blocked, id=19772, stack(0x0000006c70800000,0x0000006c70900000)]
  0x000001c96daccff0 JavaThread "Stdin handler" [_thread_blocked, id=26480, stack(0x0000006c70900000,0x0000006c70a00000)]
  0x000001c96dad07a0 JavaThread "Daemon client event forwarder" [_thread_blocked, id=17436, stack(0x0000006c70a00000,0x0000006c70b00000)]
  0x000001c96dacd500 JavaThread "Cache worker for journal cache (C:\Users\Prem Chakankar\.gradle\caches\journal-1)" [_thread_blocked, id=21516, stack(0x0000006c70b00000,0x0000006c70c00000)]
  0x000001c96dacda10 JavaThread "File lock request listener" [_thread_in_native, id=23056, stack(0x0000006c70c00000,0x0000006c70d00000)]
  0x000001c96dace940 JavaThread "Cache worker for file hash cache (C:\Users\Prem Chakankar\.gradle\caches\8.0.1\fileHashes)" [_thread_blocked, id=13460, stack(0x0000006c70d00000,0x0000006c70e00000)]
  0x000001c96dacee50 JavaThread "File watcher server" daemon [_thread_in_native, id=2880, stack(0x0000006c71300000,0x0000006c71400000)]
  0x000001c96dacf360 JavaThread "File watcher consumer" daemon [_thread_blocked, id=24224, stack(0x0000006c71400000,0x0000006c71500000)]
  0x000001c96dacf870 JavaThread "Cache worker for checksums cache (D:\LOS APPLICATION\los\LOS_App\android\.gradle\8.0.1\checksums)" [_thread_blocked, id=21884, stack(0x0000006c71500000,0x0000006c71600000)]
  0x000001c96dacfd80 JavaThread "Cache worker for cache directory md-rule (C:\Users\Prem Chakankar\.gradle\caches\8.0.1\md-rule)" [_thread_blocked, id=23456, stack(0x0000006c71600000,0x0000006c71700000)]
  0x000001c96f63f850 JavaThread "Cache worker for file content cache (C:\Users\Prem Chakankar\.gradle\caches\8.0.1\fileContent)" [_thread_blocked, id=20648, stack(0x0000006c71700000,0x0000006c71800000)]
  0x000001c96f644950 JavaThread "Cache worker for file hash cache (D:\LOS APPLICATION\los\LOS_App\android\.gradle\8.0.1\fileHashes)" [_thread_blocked, id=24548, stack(0x0000006c71800000,0x0000006c71900000)]
  0x000001c96f6416b0 JavaThread "File lock release action executor" [_thread_in_vm, id=23856, stack(0x0000006c71900000,0x0000006c71a00000)]
  0x000001c96f643a20 JavaThread "Cache worker for cache directory md-supplier (C:\Users\Prem Chakankar\.gradle\caches\8.0.1\md-supplier)" [_thread_blocked, id=22688, stack(0x0000006c71c00000,0x0000006c71d00000)]
  0x000001c96f643000 JavaThread "Cache worker for execution history cache (C:\Users\Prem Chakankar\.gradle\caches\8.0.1\executionHistory)" [_thread_blocked, id=4108, stack(0x0000006c71d00000,0x0000006c71e00000)]
  0x000001c96f643f30 JavaThread "jar transforms" [_thread_blocked, id=12304, stack(0x0000006c71e00000,0x0000006c71f00000)]
  0x000001c96f6462a0 JavaThread "jar transforms Thread 2" [_thread_blocked, id=26184, stack(0x0000006c71f00000,0x0000006c72000000)]
  0x000001c96f643510 JavaThread "jar transforms Thread 3" [_thread_blocked, id=22312, stack(0x0000006c72000000,0x0000006c72100000)]
  0x000001c96f646cc0 JavaThread "jar transforms Thread 4" [_thread_blocked, id=19968, stack(0x0000006c72100000,0x0000006c72200000)]
  0x000001c96f640c90 JavaThread "Cache worker for kotlin-dsl (C:\Users\Prem Chakankar\.gradle\caches\8.0.1\kotlin-dsl)" [_thread_blocked, id=23336, stack(0x0000006c72300000,0x0000006c72400000)]
  0x000001c96f6420d0 JavaThread "jar transforms Thread 5" [_thread_blocked, id=26548, stack(0x0000006c72500000,0x0000006c72600000)]
  0x000001c96f640270 JavaThread "jar transforms Thread 6" [_thread_blocked, id=24304, stack(0x0000006c72600000,0x0000006c72700000)]
  0x000001c96f644e60 JavaThread "Cache worker for dependencies-accessors (D:\LOS APPLICATION\los\LOS_App\android\.gradle\8.0.1\dependencies-accessors)" [_thread_blocked, id=25984, stack(0x0000006c72700000,0x0000006c72800000)]
  0x000001c96f63fd60 JavaThread "Cache worker for Build Output Cleanup Cache (D:\LOS APPLICATION\los\LOS_App\node_modules\@react-native\gradle-plugin\.gradle\buildOutputCleanup)" [_thread_blocked, id=23852, stack(0x0000006c72800000,0x0000006c72900000)]
  0x000001c96f644440 JavaThread "jar transforms Thread 7" [_thread_blocked, id=8608, stack(0x0000006c72900000,0x0000006c72a00000)]
  0x000001c96f642af0 JavaThread "Unconstrained build operations" [_thread_blocked, id=860, stack(0x0000006c72a00000,0x0000006c72b00000)]
  0x000001c96f6411a0 JavaThread "Unconstrained build operations Thread 2" [_thread_blocked, id=20668, stack(0x0000006c72b00000,0x0000006c72c00000)]
  0x000001c96f645370 JavaThread "Unconstrained build operations Thread 3" [_thread_blocked, id=18696, stack(0x0000006c72c00000,0x0000006c72d00000)]
  0x000001c96f645880 JavaThread "Unconstrained build operations Thread 4" [_thread_blocked, id=20016, stack(0x0000006c72d00000,0x0000006c72e00000)]
  0x000001c96f6467b0 JavaThread "Unconstrained build operations Thread 5" [_thread_blocked, id=4024, stack(0x0000006c72e00000,0x0000006c72f00000)]
  0x000001c96f6471d0 JavaThread "Unconstrained build operations Thread 6" [_thread_blocked, id=16888, stack(0x0000006c72f00000,0x0000006c73000000)]
  0x000001c96f640780 JavaThread "Unconstrained build operations Thread 7" [_thread_blocked, id=16160, stack(0x0000006c73000000,0x0000006c73100000)]
  0x000001c96f32cba0 JavaThread "Unconstrained build operations Thread 8" [_thread_blocked, id=23832, stack(0x0000006c73100000,0x0000006c73200000)]
  0x000001c96f32bc70 JavaThread "Unconstrained build operations Thread 9" [_thread_blocked, id=20428, stack(0x0000006c73200000,0x0000006c73300000)]
  0x000001c96f32e4f0 JavaThread "Unconstrained build operations Thread 10" [_thread_blocked, id=3340, stack(0x0000006c73300000,0x0000006c73400000)]
  0x000001c96f32f420 JavaThread "Unconstrained build operations Thread 11" [_thread_blocked, id=21736, stack(0x0000006c73400000,0x0000006c73500000)]
  0x000001c96f32c690 JavaThread "Unconstrained build operations Thread 12" [_thread_blocked, id=24976, stack(0x0000006c73500000,0x0000006c73600000)]
  0x000001c96f32f930 JavaThread "Unconstrained build operations Thread 13" [_thread_blocked, id=21232, stack(0x0000006c73600000,0x0000006c73700000)]
  0x000001c96f32ea00 JavaThread "Unconstrained build operations Thread 14" [_thread_blocked, id=21764, stack(0x0000006c73700000,0x0000006c73800000)]
  0x000001c96f32ef10 JavaThread "Unconstrained build operations Thread 15" [_thread_blocked, id=22192, stack(0x0000006c73800000,0x0000006c73900000)]
  0x000001c96f330d70 JavaThread "Unconstrained build operations Thread 16" [_thread_blocked, id=24944, stack(0x0000006c73900000,0x0000006c73a00000)]
  0x000001c96f32fe40 JavaThread "Unconstrained build operations Thread 17" [_thread_blocked, id=21220, stack(0x0000006c73a00000,0x0000006c73b00000)]
  0x000001c96f330350 JavaThread "Unconstrained build operations Thread 18" [_thread_blocked, id=21388, stack(0x0000006c73b00000,0x0000006c73c00000)]
  0x000001c96f330860 JavaThread "Unconstrained build operations Thread 19" [_thread_blocked, id=21268, stack(0x0000006c73c00000,0x0000006c73d00000)]
  0x000001c96f32dfe0 JavaThread "Unconstrained build operations Thread 20" [_thread_blocked, id=25608, stack(0x0000006c73d00000,0x0000006c73e00000)]
  0x000001c96f32dad0 JavaThread "Unconstrained build operations Thread 21" [_thread_blocked, id=25468, stack(0x0000006c73e00000,0x0000006c73f00000)]
  0x000001c96f32d0b0 JavaThread "Unconstrained build operations Thread 22" [_thread_blocked, id=13080, stack(0x0000006c73f00000,0x0000006c74000000)]
  0x000001c96f32c180 JavaThread "Unconstrained build operations Thread 23" [_thread_blocked, id=21228, stack(0x0000006c74000000,0x0000006c74100000)]
  0x000001c96f32d5c0 JavaThread "Unconstrained build operations Thread 24" [_thread_blocked, id=6976, stack(0x0000006c74100000,0x0000006c74200000)]
  0x000001c96f329900 JavaThread "Unconstrained build operations Thread 25" [_thread_blocked, id=22928, stack(0x0000006c74200000,0x0000006c74300000)]
  0x000001c96f331280 JavaThread "Unconstrained build operations Thread 26" [_thread_blocked, id=21404, stack(0x0000006c74300000,0x0000006c74400000)]
  0x000001c96f329e10 JavaThread "jar transforms Thread 8" [_thread_blocked, id=21236, stack(0x0000006c74400000,0x0000006c74500000)]
  0x000001c96f32a320 JavaThread "jar transforms Thread 9" [_thread_blocked, id=26300, stack(0x0000006c74500000,0x0000006c74600000)]
  0x000001c96f32a830 JavaThread "jar transforms Thread 10" [_thread_blocked, id=2220, stack(0x0000006c74600000,0x0000006c74700000)]
  0x000001c96f32ad40 JavaThread "jar transforms Thread 11" [_thread_blocked, id=26232, stack(0x0000006c74700000,0x0000006c74800000)]
  0x000001c96f32b250 JavaThread "jar transforms Thread 12" [_thread_blocked, id=24832, stack(0x0000006c74800000,0x0000006c74900000)]
  0x000001c96ec810e0 JavaThread "Memory manager" [_thread_blocked, id=19684, stack(0x0000006c74900000,0x0000006c74a00000)]

Other Threads:
  0x000001c94d777df0 VMThread "VM Thread" [stack: 0x0000006c6f000000,0x0000006c6f100000] [id=24496]
  0x000001c94d7ded20 WatcherThread [stack: 0x0000006c6fc00000,0x0000006c6fd00000] [id=22700]
  0x000001c92ef3dcc0 GCTaskThread "GC Thread#0" [stack: 0x0000006c6eb00000,0x0000006c6ec00000] [id=8668]
  0x000001c96db01f40 GCTaskThread "GC Thread#1" [stack: 0x0000006c6fd00000,0x0000006c6fe00000] [id=24868]
  0x000001c96dc20d50 GCTaskThread "GC Thread#2" [stack: 0x0000006c6fe00000,0x0000006c6ff00000] [id=23892]
  0x000001c96d84ec70 GCTaskThread "GC Thread#3" [stack: 0x0000006c6ff00000,0x0000006c70000000] [id=8536]
  0x000001c96d8fc5c0 GCTaskThread "GC Thread#4" [stack: 0x0000006c70000000,0x0000006c70100000] [id=20916]
  0x000001c96f447dd0 GCTaskThread "GC Thread#5" [stack: 0x0000006c70e00000,0x0000006c70f00000] [id=17424]
  0x000001c96f3d6450 GCTaskThread "GC Thread#6" [stack: 0x0000006c70f00000,0x0000006c71000000] [id=18304]
  0x000001c96f444990 GCTaskThread "GC Thread#7" [stack: 0x0000006c71000000,0x0000006c71100000] [id=26308]
  0x000001c96f443bd0 GCTaskThread "GC Thread#8" [stack: 0x0000006c71100000,0x0000006c71200000] [id=24484]
  0x000001c96f444150 GCTaskThread "GC Thread#9" [stack: 0x0000006c71200000,0x0000006c71300000] [id=5608]
  0x000001c92ef4fb30 ConcurrentGCThread "G1 Main Marker" [stack: 0x0000006c6ec00000,0x0000006c6ed00000] [id=23264]
  0x000001c92ef50460 ConcurrentGCThread "G1 Conc#0" [stack: 0x0000006c6ed00000,0x0000006c6ee00000] [id=5828]
  0x000001c96f4446d0 ConcurrentGCThread "G1 Conc#1" [stack: 0x0000006c71a00000,0x0000006c71b00000] [id=10372]
  0x000001c96f443e90 ConcurrentGCThread "G1 Conc#2" [stack: 0x0000006c71b00000,0x0000006c71c00000] [id=3220]
  0x000001c92ef8d6c0 ConcurrentGCThread "G1 Refine#0" [stack: 0x0000006c6ee00000,0x0000006c6ef00000] [id=21184]
  0x000001c92ef8e000 ConcurrentGCThread "G1 Service" [stack: 0x0000006c6ef00000,0x0000006c6f000000] [id=25400]

Threads with active compile tasks:
C2 CompilerThread0    52507 6596       4       java.net.URLClassLoader$1::run (5 bytes)

VM state: not at safepoint (normal execution)

VM Mutex/Monitor currently owned by a thread: None

Heap address: 0x0000000080000000, size: 2048 MB, Compressed Oops mode: 32-bit

CDS archive(s) mapped at: [0x000001c94e000000-0x000001c94ebb0000-0x000001c94ebb0000), size 12255232, SharedBaseAddress: 0x000001c94e000000, ArchiveRelocationMode: 1.
Compressed class space mapped at: 0x000001c94f000000-0x000001c969000000, reserved size: 436207616
Narrow klass base: 0x000001c94e000000, Narrow klass shift: 0, Narrow klass range: 0x100000000

GC Precious Log:
 CPUs: 12 total, 12 available
 Memory: 7860M
 Large Page Support: Disabled
 NUMA Support: Disabled
 Compressed Oops: Enabled (32-bit)
 Heap Region Size: 1M
 Heap Min Capacity: 8M
 Heap Initial Capacity: 124M
 Heap Max Capacity: 2G
 Pre-touch: Disabled
 Parallel Workers: 10
 Concurrent Workers: 3
 Concurrent Refinement Workers: 10
 Periodic GC: Disabled

Heap:
 garbage-first heap   total 163840K, used 106147K [0x0000000080000000, 0x0000000100000000)
  region size 1024K, 61 young (62464K), 2 survivors (2048K)
 Metaspace       used 55008K, committed 55616K, reserved 491520K
  class space    used 7607K, committed 7872K, reserved 425984K

Heap Regions: E=young(eden), S=young(survivor), O=old, HS=humongous(starts), HC=humongous(continues), CS=collection set, F=free, OA=open archive, CA=closed archive, TAMS=top-at-mark-start (previous, next)
|   0|0x0000000080000000, 0x0000000080100000, 0x0000000080100000|100%|HS|  |TAMS 0x0000000080100000, 0x0000000080000000| Complete 
|   1|0x0000000080100000, 0x0000000080200000, 0x0000000080200000|100%|HC|  |TAMS 0x0000000080200000, 0x0000000080100000| Complete 
|   2|0x0000000080200000, 0x0000000080300000, 0x0000000080300000|100%|HC|  |TAMS 0x0000000080300000, 0x0000000080200000| Complete 
|   3|0x0000000080300000, 0x0000000080400000, 0x0000000080400000|100%|HC|  |TAMS 0x0000000080400000, 0x0000000080300000| Complete 
|   4|0x0000000080400000, 0x0000000080500000, 0x0000000080500000|100%| O|  |TAMS 0x0000000080500000, 0x0000000080400000| Untracked 
|   5|0x0000000080500000, 0x0000000080600000, 0x0000000080600000|100%| O|  |TAMS 0x0000000080600000, 0x0000000080500000| Untracked 
|   6|0x0000000080600000, 0x0000000080700000, 0x0000000080700000|100%| O|  |TAMS 0x0000000080700000, 0x0000000080600000| Untracked 
|   7|0x0000000080700000, 0x0000000080800000, 0x0000000080800000|100%| O|  |TAMS 0x0000000080800000, 0x0000000080700000| Untracked 
|   8|0x0000000080800000, 0x0000000080900000, 0x0000000080900000|100%| O|  |TAMS 0x0000000080900000, 0x0000000080800000| Untracked 
|   9|0x0000000080900000, 0x0000000080a00000, 0x0000000080a00000|100%| O|  |TAMS 0x0000000080a00000, 0x0000000080900000| Untracked 
|  10|0x0000000080a00000, 0x0000000080b00000, 0x0000000080b00000|100%| O|  |TAMS 0x0000000080b00000, 0x0000000080a00000| Untracked 
|  11|0x0000000080b00000, 0x0000000080c00000, 0x0000000080c00000|100%| O|  |TAMS 0x0000000080c00000, 0x0000000080b00000| Untracked 
|  12|0x0000000080c00000, 0x0000000080d00000, 0x0000000080d00000|100%| O|  |TAMS 0x0000000080d00000, 0x0000000080c00000| Untracked 
|  13|0x0000000080d00000, 0x0000000080e00000, 0x0000000080e00000|100%| O|  |TAMS 0x0000000080e00000, 0x0000000080d00000| Untracked 
|  14|0x0000000080e00000, 0x0000000080f00000, 0x0000000080f00000|100%| O|  |TAMS 0x0000000080f00000, 0x0000000080e00000| Untracked 
|  15|0x0000000080f00000, 0x0000000081000000, 0x0000000081000000|100%| O|  |TAMS 0x0000000081000000, 0x0000000080f00000| Untracked 
|  16|0x0000000081000000, 0x0000000081100000, 0x0000000081100000|100%| O|  |TAMS 0x0000000081100000, 0x0000000081000000| Untracked 
|  17|0x0000000081100000, 0x0000000081200000, 0x0000000081200000|100%| O|  |TAMS 0x0000000081200000, 0x0000000081100000| Untracked 
|  18|0x0000000081200000, 0x0000000081300000, 0x0000000081300000|100%| O|  |TAMS 0x0000000081300000, 0x0000000081200000| Untracked 
|  19|0x0000000081300000, 0x0000000081400000, 0x0000000081400000|100%| O|  |TAMS 0x0000000081400000, 0x0000000081300000| Untracked 
|  20|0x0000000081400000, 0x0000000081500000, 0x0000000081500000|100%| O|  |TAMS 0x0000000081500000, 0x0000000081400000| Untracked 
|  21|0x0000000081500000, 0x0000000081600000, 0x0000000081600000|100%| O|  |TAMS 0x0000000081600000, 0x0000000081500000| Untracked 
|  22|0x0000000081600000, 0x0000000081700000, 0x0000000081700000|100%| O|  |TAMS 0x0000000081700000, 0x0000000081600000| Untracked 
|  23|0x0000000081700000, 0x0000000081800000, 0x0000000081800000|100%| O|  |TAMS 0x0000000081800000, 0x0000000081700000| Untracked 
|  24|0x0000000081800000, 0x0000000081900000, 0x0000000081900000|100%| O|  |TAMS 0x0000000081900000, 0x0000000081800000| Untracked 
|  25|0x0000000081900000, 0x0000000081a00000, 0x0000000081a00000|100%| O|  |TAMS 0x0000000081a00000, 0x0000000081900000| Untracked 
|  26|0x0000000081a00000, 0x0000000081b00000, 0x0000000081b00000|100%| O|  |TAMS 0x0000000081b00000, 0x0000000081a00000| Untracked 
|  27|0x0000000081b00000, 0x0000000081c00000, 0x0000000081c00000|100%| O|  |TAMS 0x0000000081c00000, 0x0000000081b00000| Untracked 
|  28|0x0000000081c00000, 0x0000000081d00000, 0x0000000081d00000|100%| O|  |TAMS 0x0000000081d00000, 0x0000000081c00000| Untracked 
|  29|0x0000000081d00000, 0x0000000081e00000, 0x0000000081e00000|100%| O|  |TAMS 0x0000000081e00000, 0x0000000081d00000| Untracked 
|  30|0x0000000081e00000, 0x0000000081f00000, 0x0000000081f00000|100%|HS|  |TAMS 0x0000000081f00000, 0x0000000081e00000| Complete 
|  31|0x0000000081f00000, 0x0000000082000000, 0x0000000082000000|100%|HC|  |TAMS 0x0000000082000000, 0x0000000081f00000| Complete 
|  32|0x0000000082000000, 0x0000000082100000, 0x0000000082100000|100%| O|  |TAMS 0x0000000082100000, 0x0000000082000000| Untracked 
|  33|0x0000000082100000, 0x0000000082200000, 0x0000000082200000|100%| O|  |TAMS 0x0000000082200000, 0x0000000082100000| Untracked 
|  34|0x0000000082200000, 0x0000000082300000, 0x0000000082300000|100%| O|  |TAMS 0x0000000082300000, 0x0000000082200000| Untracked 
|  35|0x0000000082300000, 0x0000000082400000, 0x0000000082400000|100%|HS|  |TAMS 0x0000000082400000, 0x0000000082300000| Complete 
|  36|0x0000000082400000, 0x0000000082500000, 0x0000000082500000|100%|HC|  |TAMS 0x0000000082500000, 0x0000000082400000| Complete 
|  37|0x0000000082500000, 0x0000000082600000, 0x0000000082600000|100%|HC|  |TAMS 0x0000000082600000, 0x0000000082500000| Complete 
|  38|0x0000000082600000, 0x0000000082700000, 0x0000000082700000|100%|HC|  |TAMS 0x0000000082700000, 0x0000000082600000| Complete 
|  39|0x0000000082700000, 0x0000000082800000, 0x0000000082800000|100%| O|  |TAMS 0x000000008275a600, 0x0000000082700000| Untracked 
|  40|0x0000000082800000, 0x0000000082900000, 0x0000000082900000|100%| O|  |TAMS 0x0000000082800000, 0x0000000082800000| Untracked 
|  41|0x0000000082900000, 0x0000000082a00000, 0x0000000082a00000|100%| O|  |TAMS 0x0000000082900000, 0x0000000082900000| Untracked 
|  42|0x0000000082a00000, 0x0000000082b00000, 0x0000000082b00000|100%| O|  |TAMS 0x0000000082a00000, 0x0000000082a00000| Untracked 
|  43|0x0000000082b00000, 0x0000000082b00000, 0x0000000082c00000|  0%| F|  |TAMS 0x0000000082b00000, 0x0000000082b00000| Untracked 
|  44|0x0000000082c00000, 0x0000000082c00000, 0x0000000082d00000|  0%| F|  |TAMS 0x0000000082c00000, 0x0000000082c00000| Untracked 
|  45|0x0000000082d00000, 0x0000000082d00000, 0x0000000082e00000|  0%| F|  |TAMS 0x0000000082d00000, 0x0000000082d00000| Untracked 
|  46|0x0000000082e00000, 0x0000000082e00000, 0x0000000082f00000|  0%| F|  |TAMS 0x0000000082e00000, 0x0000000082e00000| Untracked 
|  47|0x0000000082f00000, 0x0000000083000000, 0x0000000083000000|100%| O|  |TAMS 0x0000000082f00000, 0x0000000082f00000| Untracked 
|  48|0x0000000083000000, 0x0000000083019e00, 0x0000000083100000| 10%| O|  |TAMS 0x0000000083000000, 0x0000000083000000| Untracked 
|  49|0x0000000083100000, 0x0000000083100000, 0x0000000083200000|  0%| F|  |TAMS 0x0000000083100000, 0x0000000083100000| Untracked 
|  50|0x0000000083200000, 0x0000000083200000, 0x0000000083300000|  0%| F|  |TAMS 0x0000000083200000, 0x0000000083200000| Untracked 
|  51|0x0000000083300000, 0x0000000083300000, 0x0000000083400000|  0%| F|  |TAMS 0x0000000083300000, 0x0000000083300000| Untracked 
|  52|0x0000000083400000, 0x0000000083400000, 0x0000000083500000|  0%| F|  |TAMS 0x0000000083400000, 0x0000000083400000| Untracked 
|  53|0x0000000083500000, 0x0000000083500000, 0x0000000083600000|  0%| F|  |TAMS 0x0000000083500000, 0x0000000083500000| Untracked 
|  54|0x0000000083600000, 0x0000000083600000, 0x0000000083700000|  0%| F|  |TAMS 0x0000000083600000, 0x0000000083600000| Untracked 
|  55|0x0000000083700000, 0x0000000083700000, 0x0000000083800000|  0%| F|  |TAMS 0x0000000083700000, 0x0000000083700000| Untracked 
|  56|0x0000000083800000, 0x0000000083800000, 0x0000000083900000|  0%| F|  |TAMS 0x0000000083800000, 0x0000000083800000| Untracked 
|  57|0x0000000083900000, 0x0000000083900000, 0x0000000083a00000|  0%| F|  |TAMS 0x0000000083900000, 0x0000000083900000| Untracked 
|  58|0x0000000083a00000, 0x0000000083a00000, 0x0000000083b00000|  0%| F|  |TAMS 0x0000000083a00000, 0x0000000083a00000| Untracked 
|  59|0x0000000083b00000, 0x0000000083b8ef80, 0x0000000083c00000| 55%| S|CS|TAMS 0x0000000083b00000, 0x0000000083b00000| Complete 
|  60|0x0000000083c00000, 0x0000000083d00000, 0x0000000083d00000|100%| S|CS|TAMS 0x0000000083c00000, 0x0000000083c00000| Complete 
|  61|0x0000000083d00000, 0x0000000083d00000, 0x0000000083e00000|  0%| F|  |TAMS 0x0000000083d00000, 0x0000000083d00000| Untracked 
|  62|0x0000000083e00000, 0x0000000083e00000, 0x0000000083f00000|  0%| F|  |TAMS 0x0000000083e00000, 0x0000000083e00000| Untracked 
|  63|0x0000000083f00000, 0x0000000083f00000, 0x0000000084000000|  0%| F|  |TAMS 0x0000000083f00000, 0x0000000083f00000| Untracked 
|  64|0x0000000084000000, 0x0000000084000000, 0x0000000084100000|  0%| F|  |TAMS 0x0000000084000000, 0x0000000084000000| Untracked 
|  65|0x0000000084100000, 0x0000000084100000, 0x0000000084200000|  0%| F|  |TAMS 0x0000000084100000, 0x0000000084100000| Untracked 
|  66|0x0000000084200000, 0x0000000084200000, 0x0000000084300000|  0%| F|  |TAMS 0x0000000084200000, 0x0000000084200000| Untracked 
|  67|0x0000000084300000, 0x0000000084300000, 0x0000000084400000|  0%| F|  |TAMS 0x0000000084300000, 0x0000000084300000| Untracked 
|  68|0x0000000084400000, 0x0000000084400000, 0x0000000084500000|  0%| F|  |TAMS 0x0000000084400000, 0x0000000084400000| Untracked 
|  69|0x0000000084500000, 0x0000000084500000, 0x0000000084600000|  0%| F|  |TAMS 0x0000000084500000, 0x0000000084500000| Untracked 
|  70|0x0000000084600000, 0x0000000084600000, 0x0000000084700000|  0%| F|  |TAMS 0x0000000084600000, 0x0000000084600000| Untracked 
|  71|0x0000000084700000, 0x0000000084700000, 0x0000000084800000|  0%| F|  |TAMS 0x0000000084700000, 0x0000000084700000| Untracked 
|  72|0x0000000084800000, 0x0000000084800000, 0x0000000084900000|  0%| F|  |TAMS 0x0000000084800000, 0x0000000084800000| Untracked 
|  73|0x0000000084900000, 0x0000000084900000, 0x0000000084a00000|  0%| F|  |TAMS 0x0000000084900000, 0x0000000084900000| Untracked 
|  74|0x0000000084a00000, 0x0000000084a00000, 0x0000000084b00000|  0%| F|  |TAMS 0x0000000084a00000, 0x0000000084a00000| Untracked 
|  75|0x0000000084b00000, 0x0000000084b00000, 0x0000000084c00000|  0%| F|  |TAMS 0x0000000084b00000, 0x0000000084b00000| Untracked 
|  76|0x0000000084c00000, 0x0000000084c00000, 0x0000000084d00000|  0%| F|  |TAMS 0x0000000084c00000, 0x0000000084c00000| Untracked 
|  77|0x0000000084d00000, 0x0000000084d00000, 0x0000000084e00000|  0%| F|  |TAMS 0x0000000084d00000, 0x0000000084d00000| Untracked 
|  78|0x0000000084e00000, 0x0000000084e00000, 0x0000000084f00000|  0%| F|  |TAMS 0x0000000084e00000, 0x0000000084e00000| Untracked 
|  79|0x0000000084f00000, 0x0000000084f00000, 0x0000000085000000|  0%| F|  |TAMS 0x0000000084f00000, 0x0000000084f00000| Untracked 
|  80|0x0000000085000000, 0x0000000085000000, 0x0000000085100000|  0%| F|  |TAMS 0x0000000085000000, 0x0000000085000000| Untracked 
|  81|0x0000000085100000, 0x0000000085100000, 0x0000000085200000|  0%| F|  |TAMS 0x0000000085100000, 0x0000000085100000| Untracked 
|  82|0x0000000085200000, 0x0000000085200000, 0x0000000085300000|  0%| F|  |TAMS 0x0000000085200000, 0x0000000085200000| Untracked 
|  83|0x0000000085300000, 0x0000000085300000, 0x0000000085400000|  0%| F|  |TAMS 0x0000000085300000, 0x0000000085300000| Untracked 
|  84|0x0000000085400000, 0x0000000085400000, 0x0000000085500000|  0%| F|  |TAMS 0x0000000085400000, 0x0000000085400000| Untracked 
|  85|0x0000000085500000, 0x0000000085500000, 0x0000000085600000|  0%| F|  |TAMS 0x0000000085500000, 0x0000000085500000| Untracked 
|  86|0x0000000085600000, 0x0000000085600000, 0x0000000085700000|  0%| F|  |TAMS 0x0000000085600000, 0x0000000085600000| Untracked 
|  87|0x0000000085700000, 0x0000000085700000, 0x0000000085800000|  0%| F|  |TAMS 0x0000000085700000, 0x0000000085700000| Untracked 
|  88|0x0000000085800000, 0x0000000085800000, 0x0000000085900000|  0%| F|  |TAMS 0x0000000085800000, 0x0000000085800000| Untracked 
|  89|0x0000000085900000, 0x0000000085900000, 0x0000000085a00000|  0%| F|  |TAMS 0x0000000085900000, 0x0000000085900000| Untracked 
|  90|0x0000000085a00000, 0x0000000085a00000, 0x0000000085b00000|  0%| F|  |TAMS 0x0000000085a00000, 0x0000000085a00000| Untracked 
|  91|0x0000000085b00000, 0x0000000085b00000, 0x0000000085c00000|  0%| F|  |TAMS 0x0000000085b00000, 0x0000000085b00000| Untracked 
|  92|0x0000000085c00000, 0x0000000085c00000, 0x0000000085d00000|  0%| F|  |TAMS 0x0000000085c00000, 0x0000000085c00000| Untracked 
|  93|0x0000000085d00000, 0x0000000085d00000, 0x0000000085e00000|  0%| F|  |TAMS 0x0000000085d00000, 0x0000000085d00000| Untracked 
|  94|0x0000000085e00000, 0x0000000085e00000, 0x0000000085f00000|  0%| F|  |TAMS 0x0000000085e00000, 0x0000000085e00000| Untracked 
|  95|0x0000000085f00000, 0x0000000085f00000, 0x0000000086000000|  0%| F|  |TAMS 0x0000000085f00000, 0x0000000085f00000| Untracked 
|  96|0x0000000086000000, 0x0000000086000000, 0x0000000086100000|  0%| F|  |TAMS 0x0000000086000000, 0x0000000086000000| Untracked 
|  97|0x0000000086100000, 0x0000000086100000, 0x0000000086200000|  0%| F|  |TAMS 0x0000000086100000, 0x0000000086100000| Untracked 
|  98|0x0000000086200000, 0x0000000086200000, 0x0000000086300000|  0%| F|  |TAMS 0x0000000086200000, 0x0000000086200000| Untracked 
|  99|0x0000000086300000, 0x0000000086300000, 0x0000000086400000|  0%| F|  |TAMS 0x0000000086300000, 0x0000000086300000| Untracked 
| 100|0x0000000086400000, 0x0000000086400000, 0x0000000086500000|  0%| F|  |TAMS 0x0000000086400000, 0x0000000086400000| Untracked 
| 101|0x0000000086500000, 0x0000000086500800, 0x0000000086600000|  0%| E|  |TAMS 0x0000000086500000, 0x0000000086500000| Complete 
| 102|0x0000000086600000, 0x0000000086700000, 0x0000000086700000|100%| E|CS|TAMS 0x0000000086600000, 0x0000000086600000| Complete 
| 103|0x0000000086700000, 0x0000000086800000, 0x0000000086800000|100%| E|CS|TAMS 0x0000000086700000, 0x0000000086700000| Complete 
| 104|0x0000000086800000, 0x0000000086900000, 0x0000000086900000|100%| E|CS|TAMS 0x0000000086800000, 0x0000000086800000| Complete 
| 105|0x0000000086900000, 0x0000000086a00000, 0x0000000086a00000|100%| E|CS|TAMS 0x0000000086900000, 0x0000000086900000| Complete 
| 106|0x0000000086a00000, 0x0000000086b00000, 0x0000000086b00000|100%| E|CS|TAMS 0x0000000086a00000, 0x0000000086a00000| Complete 
| 107|0x0000000086b00000, 0x0000000086c00000, 0x0000000086c00000|100%| E|CS|TAMS 0x0000000086b00000, 0x0000000086b00000| Complete 
| 108|0x0000000086c00000, 0x0000000086d00000, 0x0000000086d00000|100%| E|CS|TAMS 0x0000000086c00000, 0x0000000086c00000| Complete 
| 109|0x0000000086d00000, 0x0000000086e00000, 0x0000000086e00000|100%| E|CS|TAMS 0x0000000086d00000, 0x0000000086d00000| Complete 
| 110|0x0000000086e00000, 0x0000000086f00000, 0x0000000086f00000|100%| E|CS|TAMS 0x0000000086e00000, 0x0000000086e00000| Complete 
| 111|0x0000000086f00000, 0x0000000087000000, 0x0000000087000000|100%| E|CS|TAMS 0x0000000086f00000, 0x0000000086f00000| Complete 
| 112|0x0000000087000000, 0x0000000087100000, 0x0000000087100000|100%| E|CS|TAMS 0x0000000087000000, 0x0000000087000000| Complete 
| 113|0x0000000087100000, 0x0000000087200000, 0x0000000087200000|100%| E|CS|TAMS 0x0000000087100000, 0x0000000087100000| Complete 
| 114|0x0000000087200000, 0x0000000087300000, 0x0000000087300000|100%| E|CS|TAMS 0x0000000087200000, 0x0000000087200000| Complete 
| 115|0x0000000087300000, 0x0000000087400000, 0x0000000087400000|100%| E|CS|TAMS 0x0000000087300000, 0x0000000087300000| Complete 
| 116|0x0000000087400000, 0x0000000087500000, 0x0000000087500000|100%| E|CS|TAMS 0x0000000087400000, 0x0000000087400000| Complete 
| 117|0x0000000087500000, 0x0000000087600000, 0x0000000087600000|100%| E|CS|TAMS 0x0000000087500000, 0x0000000087500000| Complete 
| 118|0x0000000087600000, 0x0000000087700000, 0x0000000087700000|100%| E|CS|TAMS 0x0000000087600000, 0x0000000087600000| Complete 
| 119|0x0000000087700000, 0x0000000087800000, 0x0000000087800000|100%| E|CS|TAMS 0x0000000087700000, 0x0000000087700000| Complete 
| 120|0x0000000087800000, 0x0000000087900000, 0x0000000087900000|100%| E|CS|TAMS 0x0000000087800000, 0x0000000087800000| Complete 
| 121|0x0000000087900000, 0x0000000087a00000, 0x0000000087a00000|100%| E|CS|TAMS 0x0000000087900000, 0x0000000087900000| Complete 
| 122|0x0000000087a00000, 0x0000000087b00000, 0x0000000087b00000|100%| E|CS|TAMS 0x0000000087a00000, 0x0000000087a00000| Complete 
| 123|0x0000000087b00000, 0x0000000087c00000, 0x0000000087c00000|100%| E|CS|TAMS 0x0000000087b00000, 0x0000000087b00000| Complete 
| 124|0x0000000087c00000, 0x0000000087d00000, 0x0000000087d00000|100%| E|CS|TAMS 0x0000000087c00000, 0x0000000087c00000| Complete 
| 125|0x0000000087d00000, 0x0000000087e00000, 0x0000000087e00000|100%| E|CS|TAMS 0x0000000087d00000, 0x0000000087d00000| Complete 
| 126|0x0000000087e00000, 0x0000000087f00000, 0x0000000087f00000|100%| E|CS|TAMS 0x0000000087e00000, 0x0000000087e00000| Complete 
| 127|0x0000000087f00000, 0x0000000088000000, 0x0000000088000000|100%| E|CS|TAMS 0x0000000087f00000, 0x0000000087f00000| Complete 
| 128|0x0000000088000000, 0x0000000088100000, 0x0000000088100000|100%| E|CS|TAMS 0x0000000088000000, 0x0000000088000000| Complete 
| 129|0x0000000088100000, 0x0000000088200000, 0x0000000088200000|100%| E|CS|TAMS 0x0000000088100000, 0x0000000088100000| Complete 
| 130|0x0000000088200000, 0x0000000088300000, 0x0000000088300000|100%| E|CS|TAMS 0x0000000088200000, 0x0000000088200000| Complete 
| 131|0x0000000088300000, 0x0000000088400000, 0x0000000088400000|100%| E|CS|TAMS 0x0000000088300000, 0x0000000088300000| Complete 
| 132|0x0000000088400000, 0x0000000088500000, 0x0000000088500000|100%| E|CS|TAMS 0x0000000088400000, 0x0000000088400000| Complete 
| 133|0x0000000088500000, 0x0000000088600000, 0x0000000088600000|100%| E|CS|TAMS 0x0000000088500000, 0x0000000088500000| Complete 
| 134|0x0000000088600000, 0x0000000088700000, 0x0000000088700000|100%| E|CS|TAMS 0x0000000088600000, 0x0000000088600000| Complete 
| 135|0x0000000088700000, 0x0000000088800000, 0x0000000088800000|100%| E|CS|TAMS 0x0000000088700000, 0x0000000088700000| Complete 
| 136|0x0000000088800000, 0x0000000088900000, 0x0000000088900000|100%| E|CS|TAMS 0x0000000088800000, 0x0000000088800000| Complete 
| 137|0x0000000088900000, 0x0000000088a00000, 0x0000000088a00000|100%| E|CS|TAMS 0x0000000088900000, 0x0000000088900000| Complete 
| 138|0x0000000088a00000, 0x0000000088b00000, 0x0000000088b00000|100%| E|CS|TAMS 0x0000000088a00000, 0x0000000088a00000| Complete 
| 139|0x0000000088b00000, 0x0000000088c00000, 0x0000000088c00000|100%| E|CS|TAMS 0x0000000088b00000, 0x0000000088b00000| Complete 
| 140|0x0000000088c00000, 0x0000000088d00000, 0x0000000088d00000|100%| E|CS|TAMS 0x0000000088c00000, 0x0000000088c00000| Complete 
| 141|0x0000000088d00000, 0x0000000088e00000, 0x0000000088e00000|100%| E|CS|TAMS 0x0000000088d00000, 0x0000000088d00000| Complete 
| 142|0x0000000088e00000, 0x0000000088f00000, 0x0000000088f00000|100%| E|CS|TAMS 0x0000000088e00000, 0x0000000088e00000| Complete 
| 143|0x0000000088f00000, 0x0000000089000000, 0x0000000089000000|100%| E|CS|TAMS 0x0000000088f00000, 0x0000000088f00000| Complete 
| 144|0x0000000089000000, 0x0000000089100000, 0x0000000089100000|100%| E|CS|TAMS 0x0000000089000000, 0x0000000089000000| Complete 
| 145|0x0000000089100000, 0x0000000089200000, 0x0000000089200000|100%| E|CS|TAMS 0x0000000089100000, 0x0000000089100000| Complete 
| 146|0x0000000089200000, 0x0000000089300000, 0x0000000089300000|100%| E|CS|TAMS 0x0000000089200000, 0x0000000089200000| Complete 
| 147|0x0000000089300000, 0x0000000089400000, 0x0000000089400000|100%| E|CS|TAMS 0x0000000089300000, 0x0000000089300000| Complete 
| 148|0x0000000089400000, 0x0000000089500000, 0x0000000089500000|100%| E|CS|TAMS 0x0000000089400000, 0x0000000089400000| Complete 
| 149|0x0000000089500000, 0x0000000089600000, 0x0000000089600000|100%| E|CS|TAMS 0x0000000089500000, 0x0000000089500000| Complete 
| 150|0x0000000089600000, 0x0000000089700000, 0x0000000089700000|100%| E|CS|TAMS 0x0000000089600000, 0x0000000089600000| Complete 
| 151|0x0000000089700000, 0x0000000089800000, 0x0000000089800000|100%| E|CS|TAMS 0x0000000089700000, 0x0000000089700000| Complete 
| 152|0x0000000089800000, 0x0000000089900000, 0x0000000089900000|100%| E|CS|TAMS 0x0000000089800000, 0x0000000089800000| Complete 
| 153|0x0000000089900000, 0x0000000089a00000, 0x0000000089a00000|100%| E|CS|TAMS 0x0000000089900000, 0x0000000089900000| Complete 
| 154|0x0000000089a00000, 0x0000000089b00000, 0x0000000089b00000|100%| E|CS|TAMS 0x0000000089a00000, 0x0000000089a00000| Complete 
| 155|0x0000000089b00000, 0x0000000089c00000, 0x0000000089c00000|100%| E|CS|TAMS 0x0000000089b00000, 0x0000000089b00000| Complete 
| 156|0x0000000089c00000, 0x0000000089d00000, 0x0000000089d00000|100%| E|CS|TAMS 0x0000000089c00000, 0x0000000089c00000| Complete 
| 157|0x0000000089d00000, 0x0000000089e00000, 0x0000000089e00000|100%| E|CS|TAMS 0x0000000089d00000, 0x0000000089d00000| Complete 
| 158|0x0000000089e00000, 0x0000000089f00000, 0x0000000089f00000|100%| E|CS|TAMS 0x0000000089e00000, 0x0000000089e00000| Complete 
| 168|0x000000008a800000, 0x000000008a900000, 0x000000008a900000|100%| E|CS|TAMS 0x000000008a800000, 0x000000008a800000| Complete 

Card table byte_map: [0x000001c946340000,0x000001c946740000] _byte_map_base: 0x000001c945f40000

Marking Bits (Prev, Next): (CMBitMap*) 0x000001c92ef3f240, (CMBitMap*) 0x000001c92ef3f200
 Prev Bits: [0x000001c948b40000, 0x000001c94ab40000)
 Next Bits: [0x000001c946b40000, 0x000001c948b40000)

Polling page: 0x000001c92ce60000

Metaspace:

Usage:
  Non-class:     46.32 MB used.
      Class:      7.44 MB used.
       Both:     53.76 MB used.

Virtual space:
  Non-class space:       64.00 MB reserved,      46.69 MB ( 73%) committed,  1 nodes.
      Class space:      416.00 MB reserved,       7.69 MB (  2%) committed,  1 nodes.
             Both:      480.00 MB reserved,      54.38 MB ( 11%) committed. 

Chunk freelists:
   Non-Class:  1.23 MB
       Class:  8.12 MB
        Both:  9.36 MB

MaxMetaspaceSize: 512.00 MB
CompressedClassSpaceSize: 416.00 MB
Initial GC threshold: 21.00 MB
Current GC threshold: 81.06 MB
CDS: on
MetaspaceReclaimPolicy: balanced
 - commit_granule_bytes: 65536.
 - commit_granule_words: 8192.
 - virtual_space_node_default_size: 8388608.
 - enlarge_chunks_in_place: 1.
 - new_chunks_are_fully_committed: 0.
 - uncommit_free_chunks: 1.
 - use_allocation_guard: 0.
 - handle_deallocations: 1.


Internal statistics:

num_allocs_failed_limit: 6.
num_arena_births: 686.
num_arena_deaths: 0.
num_vsnodes_births: 2.
num_vsnodes_deaths: 0.
num_space_committed: 870.
num_space_uncommitted: 0.
num_chunks_returned_to_freelist: 6.
num_chunks_taken_from_freelist: 2814.
num_chunk_merges: 6.
num_chunk_splits: 1904.
num_chunks_enlarged: 1308.
num_inconsistent_stats: 0.

CodeHeap 'non-profiled nmethods': size=120000Kb used=3105Kb max_used=3307Kb free=116894Kb
 bounds [0x000001c93e4c0000, 0x000001c93e800000, 0x000001c9459f0000]
CodeHeap 'profiled nmethods': size=120000Kb used=11461Kb max_used=11636Kb free=108538Kb
 bounds [0x000001c9369f0000, 0x000001c937550000, 0x000001c93df20000]
CodeHeap 'non-nmethods': size=5760Kb used=2350Kb max_used=2382Kb free=3409Kb
 bounds [0x000001c93df20000, 0x000001c93e190000, 0x000001c93e4c0000]
 total_blobs=6646 nmethods=5771 adapters=787
 compilation: enabled
              stopped_count=0, restarted_count=0
 full_count=0

Compilation events (20 events):
Event: 52.250 Thread 0x000001c94d79d770 nmethod 6592 0x000001c93e662910 code [0x000001c93e662aa0, 0x000001c93e663118]
Event: 52.250 Thread 0x000001c94d79d770 6595  s!   4       jdk.internal.loader.URLClassPath::getLoader (194 bytes)
Event: 52.290 Thread 0x000001c94d79e130 6598   !   3       java.net.URL::<init> (543 bytes)
Event: 52.295 Thread 0x000001c94d79e130 nmethod 6598 0x000001c936b33810 code [0x000001c936b33ec0, 0x000001c936b37a68]
Event: 52.351 Thread 0x000001c94d79d770 nmethod 6595 0x000001c93e65dd90 code [0x000001c93e65e0e0, 0x000001c93e661088]
Event: 52.351 Thread 0x000001c94d79d770 6597       4       jdk.internal.loader.URLClassPath::getResource (74 bytes)
Event: 52.364 Thread 0x000001c94d79e130 6599       3       java.lang.String::regionMatches (150 bytes)
Event: 52.366 Thread 0x000001c94d79e130 nmethod 6599 0x000001c936da6b10 code [0x000001c936da6d60, 0x000001c936da7568]
Event: 52.367 Thread 0x000001c94d79d770 nmethod 6597 0x000001c93e54a490 code [0x000001c93e54a760, 0x000001c93e54b328]
Event: 52.367 Thread 0x000001c94d79d770 6596       4       java.net.URLClassLoader$1::run (5 bytes)
Event: 52.369 Thread 0x000001c94d79e130 6600   !   3       java.lang.reflect.Proxy$ProxyBuilder::ensureVisible (65 bytes)
Event: 52.370 Thread 0x000001c94d79e130 nmethod 6600 0x000001c936da5a10 code [0x000001c936da5ca0, 0x000001c936da66d8]
Event: 52.370 Thread 0x000001c94d79e130 6601       3       java.lang.reflect.ProxyGenerator::addProxyMethod (190 bytes)
Event: 52.371 Thread 0x000001c94d79e130 nmethod 6601 0x000001c936c92210 code [0x000001c936c925a0, 0x000001c936c93e48]
Event: 52.372 Thread 0x000001c94d79e130 6602       3       java.lang.reflect.Proxy$ProxyBuilder::ensureAccess (39 bytes)
Event: 52.373 Thread 0x000001c94d79e130 nmethod 6602 0x000001c936da4b90 code [0x000001c936da4de0, 0x000001c936da5628]
Event: 52.389 Thread 0x000001c94d79e130 6604       3       java.lang.reflect.ProxyGenerator$ProxyMethod::codeFieldInitialization (165 bytes)
Event: 52.390 Thread 0x000001c94d79e130 nmethod 6604 0x000001c936c90e10 code [0x000001c936c910c0, 0x000001c936c91da8]
Event: 52.448 Thread 0x000001c94d79e130 6606       3       org.objectweb.asm.Type::getDescriptor (18 bytes)
Event: 52.448 Thread 0x000001c94d79e130 nmethod 6606 0x000001c936c90610 code [0x000001c936c90800, 0x000001c936c90c38]

GC Heap History (20 events):
Event: 10.458 GC heap before
{Heap before GC invocations=3 (full 0):
 garbage-first heap   total 126976K, used 51465K [0x0000000080000000, 0x0000000100000000)
  region size 1024K, 41 young (41984K), 10 survivors (10240K)
 Metaspace       used 21167K, committed 21504K, reserved 491520K
  class space    used 3132K, committed 3328K, reserved 425984K
}
Event: 10.464 GC heap after
{Heap after GC invocations=4 (full 0):
 garbage-first heap   total 126976K, used 22822K [0x0000000080000000, 0x0000000100000000)
  region size 1024K, 3 young (3072K), 3 survivors (3072K)
 Metaspace       used 21167K, committed 21504K, reserved 491520K
  class space    used 3132K, committed 3328K, reserved 425984K
}
Event: 12.912 GC heap before
{Heap before GC invocations=5 (full 0):
 garbage-first heap   total 86016K, used 70950K [0x0000000080000000, 0x0000000100000000)
  region size 1024K, 50 young (51200K), 3 survivors (3072K)
 Metaspace       used 28777K, committed 29184K, reserved 491520K
  class space    used 4029K, committed 4224K, reserved 425984K
}
Event: 12.917 GC heap after
{Heap after GC invocations=6 (full 0):
 garbage-first heap   total 86016K, used 27587K [0x0000000080000000, 0x0000000100000000)
  region size 1024K, 7 young (7168K), 7 survivors (7168K)
 Metaspace       used 28777K, committed 29184K, reserved 491520K
  class space    used 4029K, committed 4224K, reserved 425984K
}
Event: 12.921 GC heap before
{Heap before GC invocations=6 (full 0):
 garbage-first heap   total 86016K, used 28611K [0x0000000080000000, 0x0000000100000000)
  region size 1024K, 8 young (8192K), 7 survivors (7168K)
 Metaspace       used 28778K, committed 29184K, reserved 491520K
  class space    used 4029K, committed 4224K, reserved 425984K
}
Event: 12.924 GC heap after
{Heap after GC invocations=7 (full 0):
 garbage-first heap   total 86016K, used 27900K [0x0000000080000000, 0x0000000100000000)
  region size 1024K, 1 young (1024K), 1 survivors (1024K)
 Metaspace       used 28778K, committed 29184K, reserved 491520K
  class space    used 4029K, committed 4224K, reserved 425984K
}
Event: 19.078 GC heap before
{Heap before GC invocations=7 (full 0):
 garbage-first heap   total 86016K, used 64764K [0x0000000080000000, 0x0000000100000000)
  region size 1024K, 35 young (35840K), 1 survivors (1024K)
 Metaspace       used 31895K, committed 32320K, reserved 491520K
  class space    used 4373K, committed 4544K, reserved 425984K
}
Event: 19.082 GC heap after
{Heap after GC invocations=8 (full 0):
 garbage-first heap   total 86016K, used 30409K [0x0000000080000000, 0x0000000100000000)
  region size 1024K, 4 young (4096K), 4 survivors (4096K)
 Metaspace       used 31895K, committed 32320K, reserved 491520K
  class space    used 4373K, committed 4544K, reserved 425984K
}
Event: 31.817 GC heap before
{Heap before GC invocations=8 (full 0):
 garbage-first heap   total 86016K, used 63177K [0x0000000080000000, 0x0000000100000000)
  region size 1024K, 36 young (36864K), 4 survivors (4096K)
 Metaspace       used 33796K, committed 34304K, reserved 491520K
  class space    used 4663K, committed 4864K, reserved 425984K
}
Event: 31.822 GC heap after
{Heap after GC invocations=9 (full 0):
 garbage-first heap   total 86016K, used 31803K [0x0000000080000000, 0x0000000100000000)
  region size 1024K, 3 young (3072K), 3 survivors (3072K)
 Metaspace       used 33796K, committed 34304K, reserved 491520K
  class space    used 4663K, committed 4864K, reserved 425984K
}
Event: 36.041 GC heap before
{Heap before GC invocations=9 (full 0):
 garbage-first heap   total 86016K, used 47163K [0x0000000080000000, 0x0000000100000000)
  region size 1024K, 19 young (19456K), 3 survivors (3072K)
 Metaspace       used 35468K, committed 35968K, reserved 491520K
  class space    used 4820K, committed 5056K, reserved 425984K
}
Event: 36.044 GC heap after
{Heap after GC invocations=10 (full 0):
 garbage-first heap   total 86016K, used 32610K [0x0000000080000000, 0x0000000100000000)
  region size 1024K, 3 young (3072K), 3 survivors (3072K)
 Metaspace       used 35468K, committed 35968K, reserved 491520K
  class space    used 4820K, committed 5056K, reserved 425984K
}
Event: 39.031 GC heap before
{Heap before GC invocations=11 (full 0):
 garbage-first heap   total 86016K, used 67426K [0x0000000080000000, 0x0000000100000000)
  region size 1024K, 37 young (37888K), 3 survivors (3072K)
 Metaspace       used 39419K, committed 40000K, reserved 491520K
  class space    used 5477K, committed 5760K, reserved 425984K
}
Event: 39.041 GC heap after
{Heap after GC invocations=12 (full 0):
 garbage-first heap   total 86016K, used 34382K [0x0000000080000000, 0x0000000100000000)
  region size 1024K, 3 young (3072K), 3 survivors (3072K)
 Metaspace       used 39419K, committed 40000K, reserved 491520K
  class space    used 5477K, committed 5760K, reserved 425984K
}
Event: 46.039 GC heap before
{Heap before GC invocations=12 (full 0):
 garbage-first heap   total 86016K, used 67150K [0x0000000080000000, 0x0000000100000000)
  region size 1024K, 35 young (35840K), 3 survivors (3072K)
 Metaspace       used 42418K, committed 42944K, reserved 491520K
  class space    used 5889K, committed 6144K, reserved 425984K
}
Event: 46.043 GC heap after
{Heap after GC invocations=13 (full 0):
 garbage-first heap   total 86016K, used 36485K [0x0000000080000000, 0x0000000100000000)
  region size 1024K, 5 young (5120K), 5 survivors (5120K)
 Metaspace       used 42418K, committed 42944K, reserved 491520K
  class space    used 5889K, committed 6144K, reserved 425984K
}
Event: 47.762 GC heap before
{Heap before GC invocations=13 (full 0):
 garbage-first heap   total 86016K, used 74373K [0x0000000080000000, 0x0000000100000000)
  region size 1024K, 36 young (36864K), 5 survivors (5120K)
 Metaspace       used 46693K, committed 47296K, reserved 491520K
  class space    used 6480K, committed 6720K, reserved 425984K
}
Event: 47.781 GC heap after
{Heap after GC invocations=14 (full 0):
 garbage-first heap   total 86016K, used 45176K [0x0000000080000000, 0x0000000100000000)
  region size 1024K, 5 young (5120K), 5 survivors (5120K)
 Metaspace       used 46693K, committed 47296K, reserved 491520K
  class space    used 6480K, committed 6720K, reserved 425984K
}
Event: 49.056 GC heap before
{Heap before GC invocations=14 (full 0):
 garbage-first heap   total 86016K, used 68728K [0x0000000080000000, 0x0000000100000000)
  region size 1024K, 28 young (28672K), 5 survivors (5120K)
 Metaspace       used 49066K, committed 49664K, reserved 491520K
  class space    used 6819K, committed 7104K, reserved 425984K
}
Event: 49.068 GC heap after
{Heap after GC invocations=15 (full 0):
 garbage-first heap   total 173056K, used 46755K [0x0000000080000000, 0x0000000100000000)
  region size 1024K, 2 young (2048K), 2 survivors (2048K)
 Metaspace       used 49066K, committed 49664K, reserved 491520K
  class space    used 6819K, committed 7104K, reserved 425984K
}

Dll operation events (13 events):
Event: 0.133 Loaded shared library C:\Program Files\Microsoft\jdk-17.0.10.7-hotspot\bin\java.dll
Event: 0.221 Loaded shared library C:\Program Files\Microsoft\jdk-17.0.10.7-hotspot\bin\jsvml.dll
Event: 0.387 Loaded shared library C:\Program Files\Microsoft\jdk-17.0.10.7-hotspot\bin\net.dll
Event: 0.394 Loaded shared library C:\Program Files\Microsoft\jdk-17.0.10.7-hotspot\bin\nio.dll
Event: 0.401 Loaded shared library C:\Program Files\Microsoft\jdk-17.0.10.7-hotspot\bin\zip.dll
Event: 1.263 Loaded shared library C:\Program Files\Microsoft\jdk-17.0.10.7-hotspot\bin\jimage.dll
Event: 1.421 Loaded shared library C:\Program Files\Microsoft\jdk-17.0.10.7-hotspot\bin\verify.dll
Event: 2.242 Loaded shared library C:\Users\Prem Chakankar\.gradle\native\68d5fa5c4cc2d200863cafc0d521ce42e7d3e7ee720ec0a83991735586a16f82\windows-amd64\native-platform.dll
Event: 2.253 Loaded shared library C:\Users\Prem Chakankar\.gradle\native\e376f236ea51e6404a007f0833ffe2c6e607c4080706a723a18a27aeea778392\windows-amd64\native-platform-file-events.dll
Event: 4.110 Loaded shared library C:\Program Files\Microsoft\jdk-17.0.10.7-hotspot\bin\management.dll
Event: 4.113 Loaded shared library C:\Program Files\Microsoft\jdk-17.0.10.7-hotspot\bin\management_ext.dll
Event: 4.546 Loaded shared library C:\Program Files\Microsoft\jdk-17.0.10.7-hotspot\bin\extnet.dll
Event: 5.571 Loaded shared library C:\Program Files\Microsoft\jdk-17.0.10.7-hotspot\bin\sunmscapi.dll

Deoptimization events (20 events):
Event: 52.247 Thread 0x000001c96dad0290 Uncommon trap: trap_request=0xffffffde fr.pc=0x000001c93e657de8 relative=0x0000000000005368
Event: 52.247 Thread 0x000001c96dad0290 Uncommon trap: reason=class_check action=maybe_recompile pc=0x000001c93e657de8 method=jdk.internal.loader.URLClassPath.getLoader(I)Ljdk/internal/loader/URLClassPath$Loader; @ 190 c2
Event: 52.247 Thread 0x000001c96dad0290 DEOPT PACKING pc=0x000001c93e657de8 sp=0x0000006c707f7760
Event: 52.247 Thread 0x000001c96dad0290 DEOPT UNPACKING pc=0x000001c93df769a3 sp=0x0000006c707f7770 mode 2
Event: 52.247 Thread 0x000001c96dad0290 Uncommon trap: trap_request=0xffffffde fr.pc=0x000001c93e681c90 relative=0x00000000000005b0
Event: 52.247 Thread 0x000001c96dad0290 Uncommon trap: reason=class_check action=maybe_recompile pc=0x000001c93e681c90 method=jdk.internal.loader.URLClassPath.getResource(Ljava/lang/String;Z)Ljdk/internal/loader/Resource; @ 53 c2
Event: 52.247 Thread 0x000001c96dad0290 DEOPT PACKING pc=0x000001c93e681c90 sp=0x0000006c707f7840
Event: 52.247 Thread 0x000001c96dad0290 DEOPT UNPACKING pc=0x000001c93df769a3 sp=0x0000006c707f7800 mode 2
Event: 52.247 Thread 0x000001c96dad0290 Uncommon trap: trap_request=0xffffffde fr.pc=0x000001c93e6a8160 relative=0x0000000000005180
Event: 52.247 Thread 0x000001c96dad0290 Uncommon trap: reason=class_check action=maybe_recompile pc=0x000001c93e6a8160 method=java.net.URLClassLoader.defineClass(Ljava/lang/String;Ljdk/internal/loader/Resource;)Ljava/lang/Class; @ 13 c2
Event: 52.247 Thread 0x000001c96dad0290 DEOPT PACKING pc=0x000001c93e6a8160 sp=0x0000006c707f78d0
Event: 52.247 Thread 0x000001c96dad0290 DEOPT UNPACKING pc=0x000001c93df769a3 sp=0x0000006c707f7810 mode 2
Event: 52.247 Thread 0x000001c96dad0290 Uncommon trap: trap_request=0xffffffde fr.pc=0x000001c93e75af90 relative=0x00000000000002f0
Event: 52.247 Thread 0x000001c96dad0290 Uncommon trap: reason=class_check action=maybe_recompile pc=0x000001c93e75af90 method=jdk.internal.loader.Resource.cachedInputStream()Ljava/io/InputStream; @ 9 c2
Event: 52.247 Thread 0x000001c96dad0290 DEOPT PACKING pc=0x000001c93e75af90 sp=0x0000006c707f77d0
Event: 52.247 Thread 0x000001c96dad0290 DEOPT UNPACKING pc=0x000001c93df769a3 sp=0x0000006c707f7720 mode 2
Event: 52.248 Thread 0x000001c96dad0290 Uncommon trap: trap_request=0xffffffde fr.pc=0x000001c93e7f3fcc relative=0x0000000000000d6c
Event: 52.248 Thread 0x000001c96dad0290 Uncommon trap: reason=class_check action=maybe_recompile pc=0x000001c93e7f3fcc method=jdk.internal.loader.Resource.getBytes()[B @ 10 c2
Event: 52.248 Thread 0x000001c96dad0290 DEOPT PACKING pc=0x000001c93e7f3fcc sp=0x0000006c707f77a0
Event: 52.248 Thread 0x000001c96dad0290 DEOPT UNPACKING pc=0x000001c93df769a3 sp=0x0000006c707f7750 mode 2

Classes unloaded (0 events):
No events

Classes redefined (0 events):
No events

Internal exceptions (20 events):
Event: 48.746 Thread 0x000001c96dad0290 Exception <a 'java/lang/ClassNotFoundException'{0x0000000084367e58}: org/gradle/api/plugins/internal/DefaultBasePluginConvention_DecoratedCustomizer> (0x0000000084367e58) 
thrown [s\src\hotspot\share\classfile\systemDictionary.cpp, line 256]
Event: 48.759 Thread 0x000001c96dad0290 Exception <a 'java/lang/ClassNotFoundException'{0x00000000843db018}: org/gradle/api/plugins/internal/DefaultJavaPluginConvention_DecoratedBeanInfo> (0x00000000843db018) 
thrown [s\src\hotspot\share\classfile\systemDictionary.cpp, line 256]
Event: 48.769 Thread 0x000001c96dad0290 Exception <a 'java/lang/ClassNotFoundException'{0x00000000843f51f0}: org/gradle/api/plugins/internal/DefaultJavaPluginConventionBeanInfo> (0x00000000843f51f0) 
thrown [s\src\hotspot\share\classfile\systemDictionary.cpp, line 256]
Event: 48.771 Thread 0x000001c96dad0290 Exception <a 'java/lang/ClassNotFoundException'{0x000000008420f340}: org/gradle/api/plugins/JavaPluginConventionBeanInfo> (0x000000008420f340) 
thrown [s\src\hotspot\share\classfile\systemDictionary.cpp, line 256]
Event: 48.772 Thread 0x000001c96dad0290 Exception <a 'java/lang/ClassNotFoundException'{0x0000000084228ef0}: org/gradle/api/plugins/JavaPluginConventionCustomizer> (0x0000000084228ef0) 
thrown [s\src\hotspot\share\classfile\systemDictionary.cpp, line 256]
Event: 48.777 Thread 0x000001c96dad0290 Exception <a 'java/lang/ClassNotFoundException'{0x0000000084256e48}: org/gradle/api/plugins/internal/DefaultJavaPluginConventionCustomizer> (0x0000000084256e48) 
thrown [s\src\hotspot\share\classfile\systemDictionary.cpp, line 256]
Event: 48.786 Thread 0x000001c96dad0290 Exception <a 'java/lang/ClassNotFoundException'{0x0000000084297940}: org/gradle/api/plugins/internal/DefaultJavaPluginConvention_DecoratedCustomizer> (0x0000000084297940) 
thrown [s\src\hotspot\share\classfile\systemDictionary.cpp, line 256]
Event: 49.311 Thread 0x000001c96dad0290 Exception <a 'java/lang/NoSuchMethodError'{0x0000000089e63140}: 'int java.lang.invoke.DirectMethodHandle$Holder.invokeInterface(java.lang.Object, java.lang.Object, java.lang.Object, java.lang.Object)'> (0x0000000089e63140) 
thrown [s\src\hotspot\share\interpreter\linkResolver.cpp, line 759]
Event: 49.473 Thread 0x000001c96dad0290 Exception <a 'java/lang/ClassNotFoundException'{0x00000000899077c8}: org/jetbrains/kotlin/gradle/targets/js/npm/DefaultNpmDependencyExtensionBeanInfo> (0x00000000899077c8) 
thrown [s\src\hotspot\share\classfile\systemDictionary.cpp, line 256]
Event: 49.473 Thread 0x000001c96dad0290 Exception <a 'java/lang/ClassNotFoundException'{0x0000000089912910}: org/jetbrains/kotlin/gradle/targets/js/npm/DefaultNpmDependencyExtensionCustomizer> (0x0000000089912910) 
thrown [s\src\hotspot\share\classfile\systemDictionary.cpp, line 256]
Event: 49.484 Thread 0x000001c96dad0290 Exception <a 'java/lang/ClassNotFoundException'{0x000000008997fd08}: org/jetbrains/kotlin/gradle/targets/js/npm/NpmDependencyExtensionKt$defaultNpmDependencyDelegate$1BeanInfo> (0x000000008997fd08) 
thrown [s\src\hotspot\share\classfile\systemDictionary.cpp, line 256]
Event: 49.485 Thread 0x000001c96dad0290 Exception <a 'java/lang/ClassNotFoundException'{0x000000008998b0f8}: org/jetbrains/kotlin/gradle/targets/js/npm/NpmDependencyExtensionDelegateBeanInfo> (0x000000008998b0f8) 
thrown [s\src\hotspot\share\classfile\systemDictionary.cpp, line 256]
Event: 49.487 Thread 0x000001c96dad0290 Exception <a 'java/lang/ClassNotFoundException'{0x0000000089996250}: org/jetbrains/kotlin/gradle/targets/js/npm/NpmDependencyExtensionDelegateCustomizer> (0x0000000089996250) 
thrown [s\src\hotspot\share\classfile\systemDictionary.cpp, line 256]
Event: 49.491 Thread 0x000001c96dad0290 Exception <a 'java/lang/ClassNotFoundException'{0x00000000899ba608}: org/jetbrains/kotlin/gradle/targets/js/npm/NpmDependencyExtensionKt$defaultNpmDependencyDelegate$1Customizer> (0x00000000899ba608) 
thrown [s\src\hotspot\share\classfile\systemDictionary.cpp, line 256]
Event: 49.499 Thread 0x000001c96dad0290 Exception <a 'java/lang/ClassNotFoundException'{0x00000000899f10b8}: org/jetbrains/kotlin/gradle/targets/js/npm/DefaultDevNpmDependencyExtensionBeanInfo> (0x00000000899f10b8) 
thrown [s\src\hotspot\share\classfile\systemDictionary.cpp, line 256]
Event: 49.499 Thread 0x000001c96dad0290 Exception <a 'java/lang/ClassNotFoundException'{0x00000000899fc218}: org/jetbrains/kotlin/gradle/targets/js/npm/DefaultDevNpmDependencyExtensionCustomizer> (0x00000000899fc218) 
thrown [s\src\hotspot\share\classfile\systemDictionary.cpp, line 256]
Event: 49.505 Thread 0x000001c96dad0290 Exception <a 'java/lang/ClassNotFoundException'{0x0000000089836968}: org/jetbrains/kotlin/gradle/targets/js/npm/DefaultPeerNpmDependencyExtensionBeanInfo> (0x0000000089836968) 
thrown [s\src\hotspot\share\classfile\systemDictionary.cpp, line 256]
Event: 49.505 Thread 0x000001c96dad0290 Exception <a 'java/lang/ClassNotFoundException'{0x0000000089841ad8}: org/jetbrains/kotlin/gradle/targets/js/npm/DefaultPeerNpmDependencyExtensionCustomizer> (0x0000000089841ad8) 
thrown [s\src\hotspot\share\classfile\systemDictionary.cpp, line 256]
Event: 49.509 Thread 0x000001c96dad0290 Exception <a 'java/lang/ClassNotFoundException'{0x00000000898822d8}: org/jetbrains/kotlin/gradle/targets/js/npm/DefaultPeerNpmDependencyExtension$delegate$1BeanInfo> (0x00000000898822d8) 
thrown [s\src\hotspot\share\classfile\systemDictionary.cpp, line 256]
Event: 49.510 Thread 0x000001c96dad0290 Exception <a 'java/lang/ClassNotFoundException'{0x000000008988d510}: org/jetbrains/kotlin/gradle/targets/js/npm/DefaultPeerNpmDependencyExtension$delegate$1Customizer> (0x000000008988d510) 
thrown [s\src\hotspot\share\classfile\systemDictionary.cpp, line 256]

VM Operations (20 events):
Event: 47.761 Executing VM operation: G1CollectForAllocation
Event: 47.782 Executing VM operation: G1CollectForAllocation done
Event: 48.783 Executing VM operation: Cleanup
Event: 48.784 Executing VM operation: Cleanup done
Event: 49.056 Executing VM operation: G1CollectForAllocation
Event: 49.072 Executing VM operation: G1CollectForAllocation done
Event: 49.094 Executing VM operation: HandshakeAllThreads
Event: 49.283 Executing VM operation: HandshakeAllThreads done
Event: 49.283 Executing VM operation: G1PauseRemark
Event: 49.287 Executing VM operation: G1PauseRemark done
Event: 49.299 Executing VM operation: G1PauseCleanup
Event: 49.301 Executing VM operation: G1PauseCleanup done
Event: 49.310 Executing VM operation: HandshakeAllThreads
Event: 49.310 Executing VM operation: HandshakeAllThreads done
Event: 50.314 Executing VM operation: Cleanup
Event: 50.314 Executing VM operation: Cleanup done
Event: 51.321 Executing VM operation: Cleanup
Event: 51.326 Executing VM operation: Cleanup done
Event: 52.331 Executing VM operation: Cleanup
Event: 52.347 Executing VM operation: Cleanup done

Events (20 events):
Event: 47.751 loading class javax/management/MalformedObjectNameException done
Event: 47.751 loading class javax/management/MBeanException
Event: 47.751 loading class javax/management/MBeanException done
Event: 47.751 loading class javax/management/AttributeNotFoundException
Event: 47.751 loading class javax/management/AttributeNotFoundException done
Event: 47.751 loading class sun/reflect/misc/MethodUtil
Event: 47.752 loading class sun/reflect/misc/MethodUtil done
Event: 47.752 loading class sun/reflect/misc/MethodUtil$1
Event: 47.752 loading class sun/reflect/misc/MethodUtil$1 done
Event: 47.760 Thread 0x000001c96ec810e0 Thread added: 0x000001c96ec810e0
Event: 47.801 loading class java/lang/Byte$ByteCache
Event: 47.801 loading class java/lang/Byte$ByteCache done
Event: 47.983 loading class java/util/regex/Pattern$SliceI
Event: 47.983 loading class java/util/regex/Pattern$SliceI done
Event: 52.170 loading class jdk/internal/loader/URLClassPath$FileLoader
Event: 52.170 loading class jdk/internal/loader/URLClassPath$FileLoader done
Event: 52.186 loading class jdk/internal/loader/URLClassPath$FileLoader$1
Event: 52.186 loading class jdk/internal/loader/URLClassPath$FileLoader$1 done
Event: 52.436 loading class jdk/internal/access/foreign/MemorySegmentProxy
Event: 52.437 loading class jdk/internal/access/foreign/MemorySegmentProxy done


Dynamic libraries:
0x00007ff753e80000 - 0x00007ff753e8e000 	C:\Program Files\Microsoft\jdk-17.0.10.7-hotspot\bin\java.exe
0x00007ff82a490000 - 0x00007ff82a6a7000 	C:\windows\SYSTEM32\ntdll.dll
0x00007ff828ff0000 - 0x00007ff8290b4000 	C:\windows\System32\KERNEL32.DLL
0x00007ff827960000 - 0x00007ff827d0c000 	C:\windows\System32\KERNELBASE.dll
0x00007ff827e20000 - 0x00007ff827f31000 	C:\windows\System32\ucrtbase.dll
0x00007fffdfea0000 - 0x00007fffdfeb7000 	C:\Program Files\Microsoft\jdk-17.0.10.7-hotspot\bin\jli.dll
0x00007ff829870000 - 0x00007ff829a1e000 	C:\windows\System32\USER32.dll
0x00007ff828030000 - 0x00007ff828056000 	C:\windows\System32\win32u.dll
0x00007ff82a420000 - 0x00007ff82a449000 	C:\windows\System32\GDI32.dll
0x00007ff8277c0000 - 0x00007ff8278d9000 	C:\windows\System32\gdi32full.dll
0x00007ff827d10000 - 0x00007ff827daa000 	C:\windows\System32\msvcp_win.dll
0x00007ff807ba0000 - 0x00007ff807e33000 	C:\windows\WinSxS\amd64_microsoft.windows.common-controls_6595b64144ccf1df_6.0.22621.3672_none_2713b9d173822955\COMCTL32.dll
0x00007ff829a20000 - 0x00007ff829ac7000 	C:\windows\System32\msvcrt.dll
0x00007fffdf090000 - 0x00007fffdf0ab000 	C:\Program Files\Microsoft\jdk-17.0.10.7-hotspot\bin\VCRUNTIME140.dll
0x00007ff8284a0000 - 0x00007ff8284d1000 	C:\windows\System32\IMM32.DLL
0x00007ff806ba0000 - 0x00007ff806bac000 	C:\Program Files\Microsoft\jdk-17.0.10.7-hotspot\bin\vcruntime140_1.dll
0x00007fffc9970000 - 0x00007fffc99fd000 	C:\Program Files\Microsoft\jdk-17.0.10.7-hotspot\bin\msvcp140.dll
0x00007fff984a0000 - 0x00007fff99105000 	C:\Program Files\Microsoft\jdk-17.0.10.7-hotspot\bin\server\jvm.dll
0x00007ff8292d0000 - 0x00007ff829382000 	C:\windows\System32\ADVAPI32.dll
0x00007ff828c70000 - 0x00007ff828d1a000 	C:\windows\System32\sechost.dll
0x00007ff828000000 - 0x00007ff828028000 	C:\windows\System32\bcrypt.dll
0x00007ff828ed0000 - 0x00007ff828fe5000 	C:\windows\System32\RPCRT4.dll
0x00007ff826630000 - 0x00007ff82667d000 	C:\windows\SYSTEM32\POWRPROF.dll
0x00007ffff33a0000 - 0x00007ffff33a9000 	C:\windows\SYSTEM32\WSOCK32.dll
0x00007ff82a3a0000 - 0x00007ff82a411000 	C:\windows\System32\WS2_32.dll
0x00007ff821330000 - 0x00007ff821364000 	C:\windows\SYSTEM32\WINMM.dll
0x00007ff81e3d0000 - 0x00007ff81e3da000 	C:\windows\SYSTEM32\VERSION.dll
0x00007ff826610000 - 0x00007ff826623000 	C:\windows\SYSTEM32\UMPDC.dll
0x00007ff8268e0000 - 0x00007ff8268f8000 	C:\windows\SYSTEM32\kernel.appcore.dll
0x00007ff8062c0000 - 0x00007ff8062ca000 	C:\Program Files\Microsoft\jdk-17.0.10.7-hotspot\bin\jimage.dll
0x00007ff824fb0000 - 0x00007ff8251e2000 	C:\windows\SYSTEM32\DBGHELP.DLL
0x00007ff828780000 - 0x00007ff828b08000 	C:\windows\System32\combase.dll
0x00007ff8286a0000 - 0x00007ff828777000 	C:\windows\System32\OLEAUT32.dll
0x00007ff8131c0000 - 0x00007ff8131f2000 	C:\windows\SYSTEM32\dbgcore.DLL
0x00007ff8278e0000 - 0x00007ff82795b000 	C:\windows\System32\bcryptPrimitives.dll
0x00007fffde020000 - 0x00007fffde045000 	C:\Program Files\Microsoft\jdk-17.0.10.7-hotspot\bin\java.dll
0x00007fffa45e0000 - 0x00007fffa46b7000 	C:\Program Files\Microsoft\jdk-17.0.10.7-hotspot\bin\jsvml.dll
0x00007ff829ad0000 - 0x00007ff82a32c000 	C:\windows\System32\SHELL32.dll
0x00007ff8256d0000 - 0x00007ff825fc7000 	C:\windows\SYSTEM32\windows.storage.dll
0x00007ff825590000 - 0x00007ff8256cf000 	C:\windows\SYSTEM32\wintypes.dll
0x00007ff8290c0000 - 0x00007ff8291b4000 	C:\windows\System32\SHCORE.dll
0x00007ff8284e0000 - 0x00007ff82853e000 	C:\windows\System32\shlwapi.dll
0x00007ff8276f0000 - 0x00007ff827711000 	C:\windows\SYSTEM32\profapi.dll
0x00007fffdf070000 - 0x00007fffdf089000 	C:\Program Files\Microsoft\jdk-17.0.10.7-hotspot\bin\net.dll
0x00007ff823190000 - 0x00007ff8232c6000 	C:\windows\SYSTEM32\WINHTTP.dll
0x00007ff826d50000 - 0x00007ff826db9000 	C:\windows\system32\mswsock.dll
0x00007fffd8780000 - 0x00007fffd8796000 	C:\Program Files\Microsoft\jdk-17.0.10.7-hotspot\bin\nio.dll
0x00007fffd8760000 - 0x00007fffd8778000 	C:\Program Files\Microsoft\jdk-17.0.10.7-hotspot\bin\zip.dll
0x00007ff8030d0000 - 0x00007ff8030e0000 	C:\Program Files\Microsoft\jdk-17.0.10.7-hotspot\bin\verify.dll
0x00007fffcca90000 - 0x00007fffccab7000 	C:\Users\Prem Chakankar\.gradle\native\68d5fa5c4cc2d200863cafc0d521ce42e7d3e7ee720ec0a83991735586a16f82\windows-amd64\native-platform.dll
0x00007fffa2070000 - 0x00007fffa21b4000 	C:\Users\Prem Chakankar\.gradle\native\e376f236ea51e6404a007f0833ffe2c6e607c4080706a723a18a27aeea778392\windows-amd64\native-platform-file-events.dll
0x00007ff801750000 - 0x00007ff801759000 	C:\Program Files\Microsoft\jdk-17.0.10.7-hotspot\bin\management.dll
0x00007ff8015a0000 - 0x00007ff8015ab000 	C:\Program Files\Microsoft\jdk-17.0.10.7-hotspot\bin\management_ext.dll
0x00007ff828490000 - 0x00007ff828498000 	C:\windows\System32\PSAPI.DLL
0x00007ff826fc0000 - 0x00007ff826fdb000 	C:\windows\SYSTEM32\CRYPTSP.dll
0x00007ff826820000 - 0x00007ff826855000 	C:\windows\system32\rsaenh.dll
0x00007ff826e50000 - 0x00007ff826e78000 	C:\windows\SYSTEM32\USERENV.dll
0x00007ff826fb0000 - 0x00007ff826fbc000 	C:\windows\SYSTEM32\CRYPTBASE.dll
0x00007ff826230000 - 0x00007ff82625d000 	C:\windows\SYSTEM32\IPHLPAPI.DLL
0x00007ff828690000 - 0x00007ff828699000 	C:\windows\System32\NSI.dll
0x00007ff822fb0000 - 0x00007ff822fc9000 	C:\windows\SYSTEM32\dhcpcsvc6.DLL
0x00007ff822d10000 - 0x00007ff822d2f000 	C:\windows\SYSTEM32\dhcpcsvc.DLL
0x00007ff826260000 - 0x00007ff826358000 	C:\windows\SYSTEM32\DNSAPI.dll
0x00007ff8014e0000 - 0x00007ff8014e9000 	C:\Program Files\Microsoft\jdk-17.0.10.7-hotspot\bin\extnet.dll
0x00007ffff9920000 - 0x00007ffff992e000 	C:\Program Files\Microsoft\jdk-17.0.10.7-hotspot\bin\sunmscapi.dll
0x00007ff828060000 - 0x00007ff8281c7000 	C:\windows\System32\CRYPT32.dll
0x00007ff827170000 - 0x00007ff82719e000 	C:\windows\SYSTEM32\ncrypt.dll
0x00007ff827130000 - 0x00007ff827167000 	C:\windows\SYSTEM32\NTASN1.dll
0x00007fffe3390000 - 0x00007fffe3398000 	C:\windows\system32\wshunix.dll

dbghelp: loaded successfully - version: 4.0.5 - missing functions: none
symbol engine: initialized successfully - sym options: 0x614 - pdb path: .;C:\Program Files\Microsoft\jdk-17.0.10.7-hotspot\bin;C:\windows\SYSTEM32;C:\windows\WinSxS\amd64_microsoft.windows.common-controls_6595b64144ccf1df_6.0.22621.3672_none_2713b9d173822955;C:\Program Files\Microsoft\jdk-17.0.10.7-hotspot\bin\server;C:\Users\Prem Chakankar\.gradle\native\68d5fa5c4cc2d200863cafc0d521ce42e7d3e7ee720ec0a83991735586a16f82\windows-amd64;C:\Users\Prem Chakankar\.gradle\native\e376f236ea51e6404a007f0833ffe2c6e607c4080706a723a18a27aeea778392\windows-amd64

VM Arguments:
jvm_args: -XX:MaxMetaspaceSize=512m --add-opens=java.base/java.util=ALL-UNNAMED --add-opens=java.base/java.lang=ALL-UNNAMED --add-opens=java.base/java.lang.invoke=ALL-UNNAMED --add-opens=java.prefs/java.util.prefs=ALL-UNNAMED --add-opens=java.base/java.nio.charset=ALL-UNNAMED --add-opens=java.base/java.net=ALL-UNNAMED --add-opens=java.base/java.util.concurrent.atomic=ALL-UNNAMED -Xmx2048m -Dfile.encoding=windows-1252 -Duser.country=IN -Duser.language=en -Duser.variant 
java_command: org.gradle.launcher.daemon.bootstrap.GradleDaemon 8.0.1
java_class_path (initial): C:\Users\Prem Chakankar\.gradle\wrapper\dists\gradle-8.0.1-all\aro4hu1c3oeioove7l0i4i14o\gradle-8.0.1\lib\gradle-launcher-8.0.1.jar
Launcher Type: SUN_STANDARD

[Global flags]
     intx CICompilerCount                          = 4                                         {product} {ergonomic}
   size_t CompressedClassSpaceSize                 = 436207616                                 {product} {ergonomic}
     uint ConcGCThreads                            = 3                                         {product} {ergonomic}
     uint G1ConcRefinementThreads                  = 10                                        {product} {ergonomic}
   size_t G1HeapRegionSize                         = 1048576                                   {product} {ergonomic}
    uintx GCDrainStackTargetSize                   = 64                                        {product} {ergonomic}
   size_t InitialHeapSize                          = 130023424                                 {product} {ergonomic}
   size_t MarkStackSize                            = 4194304                                   {product} {ergonomic}
   size_t MaxHeapSize                              = 2147483648                                {product} {command line}
   size_t MaxMetaspaceSize                         = 536870912                                 {product} {command line}
   size_t MaxNewSize                               = 1287651328                                {product} {ergonomic}
   size_t MinHeapDeltaBytes                        = 1048576                                   {product} {ergonomic}
   size_t MinHeapSize                              = 8388608                                   {product} {ergonomic}
    uintx NonNMethodCodeHeapSize                   = 5839372                                {pd product} {ergonomic}
    uintx NonProfiledCodeHeapSize                  = 122909434                              {pd product} {ergonomic}
    uintx ProfiledCodeHeapSize                     = 122909434                              {pd product} {ergonomic}
    uintx ReservedCodeCacheSize                    = 251658240                              {pd product} {ergonomic}
     bool SegmentedCodeCache                       = true                                      {product} {ergonomic}
   size_t SoftMaxHeapSize                          = 2147483648                             {manageable} {ergonomic}
     bool UseCompressedClassPointers               = true                           {product lp64_product} {ergonomic}
     bool UseCompressedOops                        = true                           {product lp64_product} {ergonomic}
     bool UseG1GC                                  = true                                      {product} {ergonomic}
     bool UseLargePagesIndividualAllocation        = false                                  {pd product} {ergonomic}

Logging:
Log output configuration:
 #0: stdout all=warning uptime,level,tags
 #1: stderr all=off uptime,level,tags

Environment Variables:
JAVA_HOME=C:\Program Files\Microsoft\jdk-17.0.10.7-hotspot\
CLASSPATH=D:\LOS APPLICATION\los\LOS_App\android\\gradle\wrapper\gradle-wrapper.jar
PATH=D:\LOS APPLICATION\los\LOS_App\node_modules\.bin;D:\LOS APPLICATION\los\LOS_App\node_modules\.bin;D:\LOS APPLICATION\los\node_modules\.bin;D:\LOS APPLICATION\node_modules\.bin;D:\node_modules\.bin;C:\Program Files\nodejs\node_modules\npm\node_modules\@npmcli\run-script\lib\node-gyp-bin;D:\LOS APPLICATION\los\LOS_App\node_modules\.bin;D:\LOS APPLICATION\los\node_modules\.bin;D:\LOS APPLICATION\node_modules\.bin;D:\node_modules\.bin;C:\Program Files\nodejs\node_modules\npm\node_modules\@npmcli\run-script\lib\node-gyp-bin;C:\Program Files\Microsoft\jdk-17.0.10.7-hotspot\bin;C:\Oracle\product\21c\dbhomeXE\bin;C:\Program Files\Common Files\Oracle\Java\javapath;C:\Python311\Scripts\;C:\Python311\;C:\windows\system32;C:\windows;C:\windows\System32\Wbem;C:\windows\System32\WindowsPowerShell\v1.0\;C:\windows\System32\OpenSSH\;C:\Program Files (x86)\NVIDIA Corporation\PhysX\Common;C:\Program Files\NVIDIA Corporation\NVIDIA NvDLISR;C:\ProgramData\chocolatey\bin;C:\mongosh-1.10.6-win32-x64\bin;C:\Program Files\Git\cmd;C:\apache-maven-3.9.6\bin;C:\Program Files\HP\HP One Agent;C:\Program Files\nodejs\;C:\Users\Prem Chakankar\AppData\Local\Android\Sdk\platform-tools;C:\Users\Prem Chakankar\AppData\Local\Android\Sdk\tools;C:\Users\Prem Chakankar\AppData\Local\Microsoft\WindowsApps;C:\Users\Prem Chakankar\AppData\Local\Programs\Microsoft VS Code\bin;C:\mongosh-1.10.6-win32-x64\bin;C:\Users\Prem Chakankar\AppData\Roaming\npm;C:\Users\Prem Chakankar\AppData\Local\Android\Sdk;
USERNAME=Prem Chakankar
LANG=en_US.UTF-8
OS=Windows_NT
PROCESSOR_IDENTIFIER=Intel64 Family 6 Model 154 Stepping 3, GenuineIntel
TMP=C:\Users\PREMCH~1\AppData\Local\Temp
TEMP=C:\Users\PREMCH~1\AppData\Local\Temp



Periodic native trim disabled


---------------  S Y S T E M  ---------------

OS:
 Windows 11 , 64 bit Build 22621 (10.0.22621.3672)
OS uptime: 0 days 1:39 hours
Hyper-V role detected

CPU: total 12 (initial active 12) (6 cores per cpu, 2 threads per core) family 6 model 154 stepping 3 microcode 0x42c, cx8, cmov, fxsr, ht, mmx, 3dnowpref, sse, sse2, sse3, ssse3, sse4.1, sse4.2, popcnt, lzcnt, tsc, tscinvbit, avx, avx2, aes, erms, clmul, bmi1, bmi2, adx, sha, fma, vzeroupper, clflush, clflushopt, clwb, hv
Processor Information for processor 0
  Max Mhz: 2000, Current Mhz: 2000, Mhz Limit: 2000
Processor Information for processor 1
  Max Mhz: 2000, Current Mhz: 2000, Mhz Limit: 2000
Processor Information for processor 2
  Max Mhz: 2000, Current Mhz: 2000, Mhz Limit: 2000
Processor Information for processor 3
  Max Mhz: 2000, Current Mhz: 2000, Mhz Limit: 2000
Processor Information for processor 4
  Max Mhz: 2000, Current Mhz: 2000, Mhz Limit: 2000
Processor Information for processor 5
  Max Mhz: 2000, Current Mhz: 2000, Mhz Limit: 2000
Processor Information for processor 6
  Max Mhz: 2000, Current Mhz: 2000, Mhz Limit: 2000
Processor Information for processor 7
  Max Mhz: 2000, Current Mhz: 2000, Mhz Limit: 2000
Processor Information for processor 8
  Max Mhz: 2000, Current Mhz: 1500, Mhz Limit: 1500
Processor Information for processor 9
  Max Mhz: 2000, Current Mhz: 1500, Mhz Limit: 1500
Processor Information for processor 10
  Max Mhz: 2000, Current Mhz: 1500, Mhz Limit: 1500
Processor Information for processor 11
  Max Mhz: 2000, Current Mhz: 1500, Mhz Limit: 1500

Memory: 4k page, system-wide physical 7860M (15M free)
TotalPageFile size 25360M (AvailPageFile size 0M)
current process WorkingSet (physical memory assigned to process): 229M, peak: 253M
current process commit charge ("private bytes"): 371M, peak: 384M

vm_info: OpenJDK 64-Bit Server VM (17.0.10+7-LTS) for windows-amd64 JRE (17.0.10+7-LTS), built on Jan 10 2024 19:47:12 by "MicrosoftCorporation" with MS VC++ 16.10 / 16.11 (VS2019)

END.
